<?xml version="1.0" encoding="UTF-8"?>
<coverage generated="1672609599700" clover="3.2.0">
  <project timestamp="1672609599700" name="All files">
    <metrics statements="66" coveredstatements="63" conditionals="24" coveredconditionals="19" methods="30" coveredmethods="30" elements="120" coveredelements="112" complexity="0" loc="66" ncloc="66" packages="3" files="3" classes="3"/>
    <package name="Snap">
      <metrics statements="20" coveredstatements="19" conditionals="8" coveredconditionals="6" methods="10" coveredmethods="10"/>
      <file name="index.ts" path="/Users/mohamedlamineallal/repos/snap/src/Snap/index.ts">
        <metrics statements="20" coveredstatements="19" conditionals="8" coveredconditionals="6" methods="10" coveredmethods="10"/>
        <line num="2" count="1" type="stmt"/>
        <line num="5" count="1" type="stmt"/>
        <line num="7" count="28" type="stmt"/>
        <line num="9" count="1" type="stmt"/>
        <line num="15" count="245" type="stmt"/>
        <line num="22" count="218" type="stmt"/>
        <line num="29" count="9" type="stmt"/>
        <line num="37" count="7" type="stmt"/>
        <line num="43" count="2" type="cond" truecount="1" falsecount="1"/>
        <line num="50" count="1" type="stmt"/>
        <line num="60" count="10" type="cond" truecount="1" falsecount="1"/>
        <line num="61" count="10" type="stmt"/>
        <line num="63" count="0" type="stmt"/>
        <line num="73" count="10" type="cond" truecount="2" falsecount="0"/>
        <line num="74" count="8" type="stmt"/>
        <line num="76" count="2" type="stmt"/>
        <line num="79" count="28" type="stmt"/>
        <line num="80" count="28" type="stmt"/>
        <line num="81" count="28" type="stmt"/>
        <line num="82" count="28" type="stmt"/>
      </file>
    </package>
    <package name="Snapman">
      <metrics statements="38" coveredstatements="36" conditionals="12" coveredconditionals="10" methods="15" coveredmethods="15"/>
      <file name="index.ts" path="/Users/mohamedlamineallal/repos/snap/src/Snapman/index.ts">
        <metrics statements="38" coveredstatements="36" conditionals="12" coveredconditionals="10" methods="15" coveredmethods="15"/>
        <line num="2" count="1" type="stmt"/>
        <line num="5" count="1" type="stmt"/>
        <line num="7" count="4" type="stmt"/>
        <line num="9" count="1" type="stmt"/>
        <line num="10" count="1" type="stmt"/>
        <line num="21" count="28" type="stmt"/>
        <line num="22" count="28" type="stmt"/>
        <line num="23" count="28" type="stmt"/>
        <line num="29" count="28" type="stmt"/>
        <line num="34" count="28" type="stmt"/>
        <line num="35" count="28" type="stmt"/>
        <line num="37" count="28" type="cond" truecount="2" falsecount="0"/>
        <line num="38" count="12" type="stmt"/>
        <line num="39" count="12" type="stmt"/>
        <line num="40" count="12" type="stmt"/>
        <line num="41" count="12" type="stmt"/>
        <line num="43" count="16" type="stmt"/>
        <line num="44" count="16" type="stmt"/>
        <line num="54" count="5" type="stmt"/>
        <line num="55" count="5" type="cond" truecount="1" falsecount="1"/>
        <line num="56" count="0" type="stmt"/>
        <line num="58" count="5" type="stmt"/>
        <line num="72" count="3" type="stmt"/>
        <line num="73" count="3" type="cond" truecount="1" falsecount="1"/>
        <line num="74" count="0" type="stmt"/>
        <line num="76" count="3" type="stmt"/>
        <line num="97" count="11" type="cond" truecount="2" falsecount="0"/>
        <line num="98" count="11" type="stmt"/>
        <line num="99" count="76" type="cond" truecount="2" falsecount="0"/>
        <line num="107" count="29" type="stmt"/>
        <line num="116" count="1" type="stmt"/>
        <line num="122" count="1" type="stmt"/>
        <line num="129" count="2" type="cond" truecount="2" falsecount="0"/>
        <line num="130" count="1" type="stmt"/>
        <line num="132" count="8" type="stmt"/>
        <line num="135" count="8" type="stmt"/>
        <line num="138" count="4" type="stmt"/>
        <line num="139" count="4" type="stmt"/>
      </file>
    </package>
    <package name="Utils">
      <metrics statements="8" coveredstatements="8" conditionals="4" coveredconditionals="3" methods="5" coveredmethods="5"/>
      <file name="helpers.ts" path="/Users/mohamedlamineallal/repos/snap/src/Utils/helpers.ts">
        <metrics statements="8" coveredstatements="8" conditionals="4" coveredconditionals="3" methods="5" coveredmethods="5"/>
        <line num="2" count="1" type="stmt"/>
        <line num="6" count="2" type="stmt"/>
        <line num="11" count="1" type="stmt"/>
        <line num="12" count="28" type="stmt"/>
        <line num="13" count="12" type="stmt"/>
        <line num="15" count="1" type="stmt"/>
        <line num="17" count="1" type="cond" truecount="3" falsecount="1"/>
        <line num="22" count="12" type="stmt"/>
      </file>
    </package>
  </project>
</coverage>
