<?xml version="1.0" encoding="UTF-8"?>
<coverage generated="1671617637109" clover="3.2.0">
  <project timestamp="1671617637109" name="All files">
    <metrics statements="46" coveredstatements="44" conditionals="16" coveredconditionals="12" methods="23" coveredmethods="23" elements="85" coveredelements="79" complexity="0" loc="46" ncloc="46" packages="3" files="3" classes="3"/>
    <package name="Snap">
      <metrics statements="20" coveredstatements="19" conditionals="8" coveredconditionals="6" methods="10" coveredmethods="10"/>
      <file name="index.ts" path="/Users/mohamedlamineallal/repos/snap/src/Snap/index.ts">
        <metrics statements="20" coveredstatements="19" conditionals="8" coveredconditionals="6" methods="10" coveredmethods="10"/>
        <line num="2" count="1" type="stmt"/>
        <line num="5" count="1" type="stmt"/>
        <line num="7" count="8" type="stmt"/>
        <line num="9" count="1" type="stmt"/>
        <line num="15" count="54" type="stmt"/>
        <line num="22" count="53" type="stmt"/>
        <line num="29" count="4" type="stmt"/>
        <line num="37" count="2" type="stmt"/>
        <line num="43" count="2" type="cond" truecount="1" falsecount="1"/>
        <line num="50" count="1" type="stmt"/>
        <line num="60" count="9" type="cond" truecount="1" falsecount="1"/>
        <line num="61" count="9" type="stmt"/>
        <line num="63" count="0" type="stmt"/>
        <line num="73" count="6" type="cond" truecount="2" falsecount="0"/>
        <line num="74" count="5" type="stmt"/>
        <line num="76" count="1" type="stmt"/>
        <line num="79" count="8" type="stmt"/>
        <line num="80" count="8" type="stmt"/>
        <line num="81" count="8" type="stmt"/>
        <line num="82" count="8" type="stmt"/>
      </file>
    </package>
    <package name="Snapman">
      <metrics statements="21" coveredstatements="20" conditionals="4" coveredconditionals="3" methods="11" coveredmethods="11"/>
      <file name="index.ts" path="/Users/mohamedlamineallal/repos/snap/src/Snapman/index.ts">
        <metrics statements="21" coveredstatements="20" conditionals="4" coveredconditionals="3" methods="11" coveredmethods="11"/>
        <line num="2" count="1" type="stmt"/>
        <line num="5" count="1" type="stmt"/>
        <line num="7" count="1" type="stmt"/>
        <line num="9" count="1" type="stmt"/>
        <line num="20" count="8" type="stmt"/>
        <line num="26" count="8" type="stmt"/>
        <line num="27" count="8" type="stmt"/>
        <line num="28" count="8" type="stmt"/>
        <line num="38" count="2" type="stmt"/>
        <line num="39" count="2" type="cond" truecount="1" falsecount="1"/>
        <line num="40" count="0" type="stmt"/>
        <line num="42" count="2" type="stmt"/>
        <line num="50" count="25" type="stmt"/>
        <line num="59" count="1" type="stmt"/>
        <line num="65" count="1" type="stmt"/>
        <line num="72" count="2" type="cond" truecount="2" falsecount="0"/>
        <line num="73" count="1" type="stmt"/>
        <line num="75" count="8" type="stmt"/>
        <line num="78" count="8" type="stmt"/>
        <line num="81" count="1" type="stmt"/>
        <line num="82" count="1" type="stmt"/>
      </file>
    </package>
    <package name="Utils">
      <metrics statements="5" coveredstatements="5" conditionals="4" coveredconditionals="3" methods="2" coveredmethods="2"/>
      <file name="helpers.ts" path="/Users/mohamedlamineallal/repos/snap/src/Utils/helpers.ts">
        <metrics statements="5" coveredstatements="5" conditionals="4" coveredconditionals="3" methods="2" coveredmethods="2"/>
        <line num="2" count="1" type="stmt"/>
        <line num="5" count="1" type="stmt"/>
        <line num="7" count="8" type="stmt"/>
        <line num="9" count="1" type="stmt"/>
        <line num="11" count="1" type="cond" truecount="3" falsecount="1"/>
      </file>
    </package>
  </project>
</coverage>
