{"/Users/mohamedlamineallal/repos/snap/src/Snap/index.ts": {"path":"/Users/mohamedlamineallal/repos/snap/src/Snap/index.ts","statementMap":{"0":{"start":{"line":2,"column":0},"end":{"line":4,"column":3}},"1":{"start":{"line":5,"column":0},"end":{"line":8,"column":3}},"2":{"start":{"line":7,"column":13},"end":{"line":7,"column":17}},"3":{"start":{"line":9,"column":19},"end":{"line":9,"column":49}},"4":{"start":{"line":15,"column":8},"end":{"line":15,"column":24}},"5":{"start":{"line":22,"column":8},"end":{"line":22,"column":28}},"6":{"start":{"line":29,"column":8},"end":{"line":29,"column":25}},"7":{"start":{"line":37,"column":8},"end":{"line":37,"column":29}},"8":{"start":{"line":43,"column":8},"end":{"line":43,"column":42}},"9":{"start":{"line":50,"column":8},"end":{"line":50,"column":39}},"10":{"start":{"line":60,"column":8},"end":{"line":62,"column":9}},"11":{"start":{"line":61,"column":12},"end":{"line":61,"column":76}},"12":{"start":{"line":63,"column":8},"end":{"line":63,"column":25}},"13":{"start":{"line":73,"column":8},"end":{"line":75,"column":9}},"14":{"start":{"line":74,"column":12},"end":{"line":74,"column":76}},"15":{"start":{"line":76,"column":8},"end":{"line":76,"column":25}},"16":{"start":{"line":79,"column":8},"end":{"line":79,"column":22}},"17":{"start":{"line":80,"column":8},"end":{"line":80,"column":44}},"18":{"start":{"line":81,"column":8},"end":{"line":81,"column":47}},"19":{"start":{"line":82,"column":8},"end":{"line":82,"column":32}}},"fnMap":{"0":{"name":"(anonymous_0)","decl":{"start":{"line":7,"column":9},"end":{"line":7,"column":10}},"loc":{"start":{"line":7,"column":13},"end":{"line":7,"column":17}},"line":7},"1":{"name":"(anonymous_1)","decl":{"start":{"line":14,"column":6},"end":{"line":14,"column":7}},"loc":{"start":{"line":14,"column":14},"end":{"line":16,"column":5}},"line":14},"2":{"name":"(anonymous_2)","decl":{"start":{"line":21,"column":6},"end":{"line":21,"column":7}},"loc":{"start":{"line":21,"column":11},"end":{"line":23,"column":5}},"line":21},"3":{"name":"(anonymous_3)","decl":{"start":{"line":28,"column":6},"end":{"line":28,"column":7}},"loc":{"start":{"line":28,"column":15},"end":{"line":30,"column":5}},"line":28},"4":{"name":"(anonymous_4)","decl":{"start":{"line":36,"column":6},"end":{"line":36,"column":7}},"loc":{"start":{"line":36,"column":12},"end":{"line":38,"column":5}},"line":36},"5":{"name":"(anonymous_5)","decl":{"start":{"line":42,"column":6},"end":{"line":42,"column":7}},"loc":{"start":{"line":42,"column":25},"end":{"line":44,"column":5}},"line":42},"6":{"name":"(anonymous_6)","decl":{"start":{"line":49,"column":6},"end":{"line":49,"column":7}},"loc":{"start":{"line":49,"column":15},"end":{"line":51,"column":5}},"line":49},"7":{"name":"(anonymous_7)","decl":{"start":{"line":59,"column":4},"end":{"line":59,"column":5}},"loc":{"start":{"line":59,"column":19},"end":{"line":64,"column":5}},"line":59},"8":{"name":"(anonymous_8)","decl":{"start":{"line":72,"column":4},"end":{"line":72,"column":5}},"loc":{"start":{"line":72,"column":23},"end":{"line":77,"column":5}},"line":72},"9":{"name":"(anonymous_9)","decl":{"start":{"line":78,"column":4},"end":{"line":78,"column":5}},"loc":{"start":{"line":78,"column":56},"end":{"line":83,"column":5}},"line":78}},"branchMap":{"0":{"loc":{"start":{"line":43,"column":15},"end":{"line":43,"column":41}},"type":"binary-expr","locations":[{"start":{"line":43,"column":15},"end":{"line":43,"column":34}},{"start":{"line":43,"column":38},"end":{"line":43,"column":41}}],"line":43},"1":{"loc":{"start":{"line":59,"column":9},"end":{"line":59,"column":17}},"type":"default-arg","locations":[{"start":{"line":59,"column":16},"end":{"line":59,"column":17}}],"line":59},"2":{"loc":{"start":{"line":60,"column":8},"end":{"line":62,"column":9}},"type":"if","locations":[{"start":{"line":60,"column":8},"end":{"line":62,"column":9}},{"start":{},"end":{}}],"line":60},"3":{"loc":{"start":{"line":72,"column":13},"end":{"line":72,"column":21}},"type":"default-arg","locations":[{"start":{"line":72,"column":20},"end":{"line":72,"column":21}}],"line":72},"4":{"loc":{"start":{"line":73,"column":8},"end":{"line":75,"column":9}},"type":"if","locations":[{"start":{"line":73,"column":8},"end":{"line":75,"column":9}},{"start":{},"end":{}}],"line":73}},"s":{"0":1,"1":1,"2":28,"3":1,"4":245,"5":218,"6":9,"7":7,"8":2,"9":1,"10":10,"11":10,"12":0,"13":10,"14":8,"15":2,"16":28,"17":28,"18":28,"19":28},"f":{"0":28,"1":245,"2":218,"3":9,"4":7,"5":2,"6":1,"7":10,"8":10,"9":28},"b":{"0":[2,0],"1":[9],"2":[10,0],"3":[10],"4":[8,2]},"inputSourceMap":{"0":"{","1":"\"","2":"v","3":"e","4":"r","5":"s","6":"i","7":"o","8":"n","9":"\"","10":":","11":"3","12":",","13":"\"","14":"s","15":"o","16":"u","17":"r","18":"c","19":"e","20":"s","21":"\"","22":":","23":"[","24":"\"","25":"/","26":"U","27":"s","28":"e","29":"r","30":"s","31":"/","32":"m","33":"o","34":"h","35":"a","36":"m","37":"e","38":"d","39":"l","40":"a","41":"m","42":"i","43":"n","44":"e","45":"a","46":"l","47":"l","48":"a","49":"l","50":"/","51":"r","52":"e","53":"p","54":"o","55":"s","56":"/","57":"s","58":"n","59":"a","60":"p","61":"/","62":"s","63":"r","64":"c","65":"/","66":"S","67":"n","68":"a","69":"p","70":"/","71":"i","72":"n","73":"d","74":"e","75":"x","76":".","77":"t","78":"s","79":"\"","80":"]","81":",","82":"\"","83":"s","84":"o","85":"u","86":"r","87":"c","88":"e","89":"s","90":"C","91":"o","92":"n","93":"t","94":"e","95":"n","96":"t","97":"\"","98":":","99":"[","100":"\"","101":"i","102":"m","103":"p","104":"o","105":"r","106":"t","107":" ","108":"{","109":" ","110":"c","111":"l","112":"o","113":"n","114":"e","115":" ","116":"}","117":" ","118":"f","119":"r","120":"o","121":"m","122":" ","123":"'","124":"/","125":"U","126":"t","127":"i","128":"l","129":"s","130":"/","131":"h","132":"e","133":"l","134":"p","135":"e","136":"r","137":"s","138":".","139":"j","140":"s","141":"'","142":";","143":"\\","144":"n","145":"i","146":"m","147":"p","148":"o","149":"r","150":"t","151":" ","152":"{","153":" ","154":"S","155":"n","156":"a","157":"p","158":"m","159":"a","160":"n","161":" ","162":"}","163":" ","164":"f","165":"r","166":"o","167":"m","168":" ","169":"'","170":"/","171":"S","172":"n","173":"a","174":"p","175":"m","176":"a","177":"n","178":"/","179":"i","180":"n","181":"d","182":"e","183":"x","184":".","185":"j","186":"s","187":"'","188":";","189":"\\","190":"n","191":"\\","192":"n","193":"/","194":"/","195":" ","196":"e","197":"s","198":"l","199":"i","200":"n","201":"t","202":"-","203":"d","204":"i","205":"s","206":"a","207":"b","208":"l","209":"e","210":"-","211":"n","212":"e","213":"x","214":"t","215":"-","216":"l","217":"i","218":"n","219":"e","220":" ","221":"@","222":"t","223":"y","224":"p","225":"e","226":"s","227":"c","228":"r","229":"i","230":"p","231":"t","232":"-","233":"e","234":"s","235":"l","236":"i","237":"n","238":"t","239":"/","240":"n","241":"o","242":"-","243":"e","244":"x","245":"p","246":"l","247":"i","248":"c","249":"i","250":"t","251":"-","252":"a","253":"n","254":"y","255":"\\","256":"n","257":"i","258":"n","259":"t","260":"e","261":"r","262":"f","263":"a","264":"c","265":"e","266":" ","267":"I","268":"P","269":"r","270":"o","271":"p","272":"s","273":"<","274":"T","275":"V","276":"a","277":"l","278":" ","279":"=","280":" ","281":"a","282":"n","283":"y","284":",","285":" ","286":"T","287":"M","288":"a","289":"p","290":"D","291":"e","292":"f","293":" ","294":"e","295":"x","296":"t","297":"e","298":"n","299":"d","300":"s","301":" ","302":"R","303":"e","304":"c","305":"o","306":"r","307":"d","308":"<","309":"s","310":"t","311":"r","312":"i","313":"n","314":"g","315":",","316":" ","317":"a","318":"n","319":"y","320":">","321":" ","322":"=","323":" ","324":"a","325":"n","326":"y","327":">","328":" ","329":"{","330":"\\","331":"n","332":" ","333":" ","334":"i","335":"d","336":":","337":" ","338":"s","339":"t","340":"r","341":"i","342":"n","343":"g","344":";","345":"\\","346":"n","347":" ","348":" ","349":"t","350":"i","351":"m","352":"e","353":"l","354":"i","355":"n","356":"e","357":"I","358":"n","359":"d","360":"e","361":"x","362":":","363":" ","364":"n","365":"u","366":"m","367":"b","368":"e","369":"r","370":";","371":"\\","372":"n","373":" ","374":" ","375":"v","376":"a","377":"l","378":":","379":" ","380":"T","381":"V","382":"a","383":"l","384":";","385":"\\","386":"n","387":" ","388":" ","389":"s","390":"n","391":"a","392":"p","393":"m","394":"a","395":"n","396":":","397":" ","398":"S","399":"n","400":"a","401":"p","402":"m","403":"a","404":"n","405":"<","406":"T","407":"M","408":"a","409":"p","410":"D","411":"e","412":"f","413":">","414":";","415":"\\","416":"n","417":"}","418":"\\","419":"n","420":"\\","421":"n","422":"/","423":"*","424":"*","425":"\\","426":"n","427":" ","428":"*","429":" ","430":"S","431":"n","432":"a","433":"p","434":"s","435":"h","436":"o","437":"t","438":" ","439":"r","440":"e","441":"p","442":"r","443":"e","444":"s","445":"e","446":"n","447":"t","448":"i","449":"n","450":"g","451":" ","452":"c","453":"l","454":"a","455":"s","456":"s","457":"\\","458":"n","459":" ","460":"*","461":"\\","462":"n","463":" ","464":"*","465":" ","466":"Y","467":"o","468":"u","469":" ","470":"c","471":"a","472":"n","473":" ","474":"a","475":"c","476":"c","477":"e","478":"s","479":"s","480":" ","481":"i","482":"t","483":"'","484":"s","485":" ","486":"v","487":"a","488":"l","489":"u","490":"e","491":" ","492":"u","493":"s","494":"i","495":"n","496":"g","497":" ","498":".","499":"g","500":"e","501":"t","502":"V","503":"a","504":"l","505":"(","506":")","507":" ","508":"o","509":"r","510":" ","511":".","512":"v","513":"a","514":"l","515":"(","516":")","517":"\\","518":"n","519":" ","520":"*","521":"\\","522":"n","523":" ","524":"*","525":" ","526":"T","527":"h","528":"e","529":" ","530":"v","531":"a","532":"l","533":"u","534":"e","535":"s","536":" ","537":"a","538":"r","539":"e","540":" ","541":"s","542":"a","543":"f","544":"e","545":"l","546":"y","547":" ","548":"c","549":"l","550":"o","551":"n","552":"e","553":"d","554":" ","555":"a","556":"t","557":" ","558":"t","559":"h","560":"e","561":" ","562":"m","563":"o","564":"m","565":"e","566":"n","567":"t","568":" ","569":"t","570":"h","571":"e","572":" ","573":"s","574":"n","575":"a","576":"p","577":"s","578":"h","579":"o","580":"t","581":" ","582":"w","583":"a","584":"s","585":" ","586":"t","587":"a","588":"k","589":"e","590":"n","591":"\\","592":"n","593":" ","594":"*","595":"\\","596":"n","597":" ","598":"*","599":" ","600":"a","601":"n","602":"d","603":" ","604":"a","605":"d","606":"d","607":"e","608":"d","609":" ","610":"t","611":"o","612":" ","613":"t","614":"h","615":"e","616":" ","617":"t","618":"i","619":"m","620":"e","621":"l","622":"i","623":"n","624":"e","625":" ","626":"a","627":"n","628":"d","629":" ","630":"o","631":"b","632":"j","633":"e","634":"c","635":"t","636":" ","637":"c","638":"o","639":"n","640":"s","641":"t","642":"r","643":"u","644":"c","645":"t","646":"e","647":"d","648":".","649":"\\","650":"n","651":" ","652":"*","653":"/","654":"\\","655":"n","656":"/","657":"/","658":" ","659":"e","660":"s","661":"l","662":"i","663":"n","664":"t","665":"-","666":"d","667":"i","668":"s","669":"a","670":"b","671":"l","672":"e","673":"-","674":"n","675":"e","676":"x","677":"t","678":"-","679":"l","680":"i","681":"n","682":"e","683":" ","684":"@","685":"t","686":"y","687":"p","688":"e","689":"s","690":"c","691":"r","692":"i","693":"p","694":"t","695":"-","696":"e","697":"s","698":"l","699":"i","700":"n","701":"t","702":"/","703":"n","704":"o","705":"-","706":"e","707":"x","708":"p","709":"l","710":"i","711":"c","712":"i","713":"t","714":"-","715":"a","716":"n","717":"y","718":"\\","719":"n","720":"e","721":"x","722":"p","723":"o","724":"r","725":"t","726":" ","727":"c","728":"l","729":"a","730":"s","731":"s","732":" ","733":"S","734":"n","735":"a","736":"p","737":"<","738":"T","739":"V","740":"a","741":"l","742":" ","743":"=","744":" ","745":"a","746":"n","747":"y","748":",","749":" ","750":"T","751":"M","752":"a","753":"p","754":"D","755":"e","756":"f","757":" ","758":"e","759":"x","760":"t","761":"e","762":"n","763":"d","764":"s","765":" ","766":"R","767":"e","768":"c","769":"o","770":"r","771":"d","772":"<","773":"s","774":"t","775":"r","776":"i","777":"n","778":"g","779":",","780":" ","781":"a","782":"n","783":"y","784":">","785":" ","786":"=","787":" ","788":"a","789":"n","790":"y","791":">","792":" ","793":"{","794":"\\","795":"n","796":" ","797":" ","798":"p","799":"r","800":"i","801":"v","802":"a","803":"t","804":"e","805":" ","806":"_","807":"i","808":"d","809":":","810":" ","811":"s","812":"t","813":"r","814":"i","815":"n","816":"g","817":";","818":"\\","819":"n","820":"\\","821":"n","822":" ","823":" ","824":"p","825":"r","826":"i","827":"v","828":"a","829":"t","830":"e","831":" ","832":"_","833":"t","834":"i","835":"m","836":"e","837":"l","838":"i","839":"n","840":"e","841":"I","842":"n","843":"d","844":"e","845":"x","846":"?","847":":","848":" ","849":"n","850":"u","851":"m","852":"b","853":"e","854":"r","855":";","856":"\\","857":"n","858":"\\","859":"n","860":" ","861":" ","862":"p","863":"r","864":"i","865":"v","866":"a","867":"t","868":"e","869":" ","870":"_","871":"v","872":"a","873":"l","874":":","875":" ","876":"T","877":"V","878":"a","879":"l","880":";","881":"\\","882":"n","883":"\\","884":"n","885":" ","886":" ","887":"p","888":"r","889":"i","890":"v","891":"a","892":"t","893":"e","894":" ","895":"_","896":"s","897":"n","898":"a","899":"p","900":"m","901":"a","902":"n","903":":","904":" ","905":"S","906":"n","907":"a","908":"p","909":"m","910":"a","911":"n","912":"<","913":"T","914":"M","915":"a","916":"p","917":"D","918":"e","919":"f","920":">","921":";","922":"\\","923":"n","924":"\\","925":"n","926":" ","927":" ","928":"c","929":"o","930":"n","931":"s","932":"t","933":"r","934":"u","935":"c","936":"t","937":"o","938":"r","939":"(","940":"{","941":" ","942":"i","943":"d","944":",","945":" ","946":"t","947":"i","948":"m","949":"e","950":"l","951":"i","952":"n","953":"e","954":"I","955":"n","956":"d","957":"e","958":"x","959":",","960":" ","961":"v","962":"a","963":"l","964":",","965":" ","966":"s","967":"n","968":"a","969":"p","970":"m","971":"a","972":"n","973":" ","974":"}","975":":","976":" ","977":"I","978":"P","979":"r","980":"o","981":"p","982":"s","983":")","984":" ","985":"{","986":"\\","987":"n","988":" ","989":" ","990":" ","991":" ","992":"t","993":"h","994":"i","995":"s","996":".","997":"_","998":"i","999":"d","1000":" ","1001":"=","1002":" ","1003":"i","1004":"d","1005":";","1006":"\\","1007":"n","1008":" ","1009":" ","1010":" ","1011":" ","1012":"t","1013":"h","1014":"i","1015":"s","1016":".","1017":"_","1018":"t","1019":"i","1020":"m","1021":"e","1022":"l","1023":"i","1024":"n","1025":"e","1026":"I","1027":"n","1028":"d","1029":"e","1030":"x","1031":" ","1032":"=","1033":" ","1034":"t","1035":"i","1036":"m","1037":"e","1038":"l","1039":"i","1040":"n","1041":"e","1042":"I","1043":"n","1044":"d","1045":"e","1046":"x","1047":";","1048":"\\","1049":"n","1050":" ","1051":" ","1052":" ","1053":" ","1054":"t","1055":"h","1056":"i","1057":"s","1058":".","1059":"_","1060":"v","1061":"a","1062":"l","1063":" ","1064":"=","1065":" ","1066":"c","1067":"l","1068":"o","1069":"n","1070":"e","1071":"(","1072":"v","1073":"a","1074":"l","1075":")","1076":";","1077":"\\","1078":"n","1079":" ","1080":" ","1081":" ","1082":" ","1083":"t","1084":"h","1085":"i","1086":"s","1087":".","1088":"_","1089":"s","1090":"n","1091":"a","1092":"p","1093":"m","1094":"a","1095":"n","1096":" ","1097":"=","1098":" ","1099":"s","1100":"n","1101":"a","1102":"p","1103":"m","1104":"a","1105":"n","1106":";","1107":"\\","1108":"n","1109":" ","1110":" ","1111":"}","1112":"\\","1113":"n","1114":"\\","1115":"n","1116":" ","1117":" ","1118":"/","1119":"*","1120":"*","1121":"\\","1122":"n","1123":" ","1124":" ","1125":" ","1126":"*","1127":" ","1128":"R","1129":"e","1130":"t","1131":"u","1132":"r","1133":"n","1134":" ","1135":"t","1136":"h","1137":"e","1138":" ","1139":"S","1140":"n","1141":"a","1142":"p","1143":" ","1144":"i","1145":"d","1146":"\\","1147":"n","1148":" ","1149":" ","1150":" ","1151":"*","1152":" ","1153":"@","1154":"r","1155":"e","1156":"t","1157":"u","1158":"r","1159":"n","1160":"s","1161":" ","1162":"{","1163":"s","1164":"t","1165":"r","1166":"i","1167":"n","1168":"g","1169":"}","1170":" ","1171":"s","1172":"n","1173":"a","1174":"p","1175":" ","1176":"i","1177":"d","1178":"\\","1179":"n","1180":" ","1181":" ","1182":" ","1183":"*","1184":"/","1185":"\\","1186":"n","1187":" ","1188":" ","1189":"p","1190":"u","1191":"b","1192":"l","1193":"i","1194":"c","1195":" ","1196":"g","1197":"e","1198":"t","1199":"I","1200":"d","1201":"(","1202":")","1203":":","1204":" ","1205":"s","1206":"t","1207":"r","1208":"i","1209":"n","1210":"g","1211":" ","1212":"{","1213":"\\","1214":"n","1215":" ","1216":" ","1217":" ","1218":" ","1219":"r","1220":"e","1221":"t","1222":"u","1223":"r","1224":"n","1225":" ","1226":"t","1227":"h","1228":"i","1229":"s","1230":".","1231":"_","1232":"i","1233":"d","1234":";","1235":"\\","1236":"n","1237":" ","1238":" ","1239":"}","1240":"\\","1241":"n","1242":"\\","1243":"n","1244":" ","1245":" ","1246":"/","1247":"*","1248":"*","1249":"\\","1250":"n","1251":" ","1252":" ","1253":" ","1254":"*","1255":" ","1256":"(","1257":"A","1258":"l","1259":"i","1260":"a","1261":"s","1262":" ","1263":"o","1264":"f","1265":" ","1266":"g","1267":"e","1268":"t","1269":"I","1270":"d","1271":"(","1272":")","1273":")","1274":"\\","1275":"n","1276":" ","1277":" ","1278":" ","1279":"*","1280":" ","1281":"R","1282":"e","1283":"t","1284":"u","1285":"r","1286":"n","1287":" ","1288":"t","1289":"h","1290":"e","1291":" ","1292":"S","1293":"n","1294":"a","1295":"p","1296":" ","1297":"i","1298":"d","1299":"\\","1300":"n","1301":" ","1302":" ","1303":" ","1304":"*","1305":" ","1306":"@","1307":"r","1308":"e","1309":"t","1310":"u","1311":"r","1312":"n","1313":"s","1314":" ","1315":"{","1316":"s","1317":"t","1318":"r","1319":"i","1320":"n","1321":"g","1322":"}","1323":" ","1324":" ","1325":"s","1326":"n","1327":"a","1328":"p","1329":" ","1330":"i","1331":"d","1332":"\\","1333":"n","1334":" ","1335":" ","1336":" ","1337":"*","1338":"/","1339":"\\","1340":"n","1341":" ","1342":" ","1343":"p","1344":"u","1345":"b","1346":"l","1347":"i","1348":"c","1349":" ","1350":"i","1351":"d","1352":"(","1353":")","1354":":","1355":" ","1356":"s","1357":"t","1358":"r","1359":"i","1360":"n","1361":"g","1362":" ","1363":"{","1364":"\\","1365":"n","1366":" ","1367":" ","1368":" ","1369":" ","1370":"r","1371":"e","1372":"t","1373":"u","1374":"r","1375":"n","1376":" ","1377":"t","1378":"h","1379":"i","1380":"s","1381":".","1382":"g","1383":"e","1384":"t","1385":"I","1386":"d","1387":"(","1388":")","1389":";","1390":"\\","1391":"n","1392":" ","1393":" ","1394":"}","1395":"\\","1396":"n","1397":"\\","1398":"n","1399":" ","1400":" ","1401":"/","1402":"*","1403":"*","1404":"\\","1405":"n","1406":" ","1407":" ","1408":" ","1409":"*","1410":" ","1411":"R","1412":"e","1413":"t","1414":"u","1415":"r","1416":"n","1417":" ","1418":"t","1419":"h","1420":"e","1421":" ","1422":"S","1423":"n","1424":"a","1425":"p","1426":" ","1427":"v","1428":"a","1429":"l","1430":"u","1431":"e","1432":".","1433":" ","1434":"G","1435":"u","1436":"a","1437":"r","1438":"a","1439":"n","1440":"t","1441":"e","1442":"e","1443":"d","1444":" ","1445":"t","1446":"o","1447":" ","1448":"n","1449":"o","1450":"t","1451":" ","1452":"b","1453":"e","1454":" ","1455":"a","1456":"l","1457":"t","1458":"e","1459":"r","1460":"e","1461":"d","1462":".","1463":"\\","1464":"n","1465":" ","1466":" ","1467":" ","1468":"*","1469":" ","1470":"T","1471":"h","1472":"e","1473":" ","1474":"s","1475":"n","1476":"a","1477":"p","1478":"s","1479":"h","1480":"o","1481":"t","1482":" ","1483":"i","1484":"s","1485":" ","1486":"a","1487":"l","1488":"r","1489":"e","1490":"a","1491":"d","1492":"y","1493":" ","1494":"c","1495":"l","1496":"o","1497":"n","1498":"e","1499":"d","1500":" ","1501":"a","1502":"t","1503":" ","1504":"t","1505":"h","1506":"e","1507":" ","1508":"t","1509":"i","1510":"m","1511":"e","1512":" ","1513":"i","1514":"t","1515":" ","1516":"w","1517":"a","1518":"s","1519":" ","1520":"t","1521":"a","1522":"k","1523":"e","1524":"n","1525":".","1526":"\\","1527":"n","1528":" ","1529":" ","1530":" ","1531":"*","1532":" ","1533":"@","1534":"r","1535":"e","1536":"t","1537":"u","1538":"r","1539":"n","1540":"s","1541":" ","1542":"{","1543":"s","1544":"t","1545":"r","1546":"i","1547":"n","1548":"g","1549":"}","1550":" ","1551":" ","1552":"s","1553":"n","1554":"a","1555":"p","1556":" ","1557":"v","1558":"a","1559":"l","1560":"u","1561":"e","1562":"\\","1563":"n","1564":" ","1565":" ","1566":" ","1567":"*","1568":"/","1569":"\\","1570":"n","1571":" ","1572":" ","1573":"p","1574":"u","1575":"b","1576":"l","1577":"i","1578":"c","1579":" ","1580":"g","1581":"e","1582":"t","1583":"V","1584":"a","1585":"l","1586":"(","1587":")","1588":":","1589":" ","1590":"T","1591":"V","1592":"a","1593":"l","1594":" ","1595":"{","1596":"\\","1597":"n","1598":" ","1599":" ","1600":" ","1601":" ","1602":"r","1603":"e","1604":"t","1605":"u","1606":"r","1607":"n","1608":" ","1609":"t","1610":"h","1611":"i","1612":"s","1613":".","1614":"_","1615":"v","1616":"a","1617":"l","1618":";","1619":"\\","1620":"n","1621":" ","1622":" ","1623":"}","1624":"\\","1625":"n","1626":"\\","1627":"n","1628":" ","1629":" ","1630":"/","1631":"*","1632":"*","1633":"\\","1634":"n","1635":" ","1636":" ","1637":" ","1638":"*","1639":" ","1640":"(","1641":"A","1642":"l","1643":"i","1644":"a","1645":"s","1646":" ","1647":"o","1648":"f","1649":" ","1650":"g","1651":"e","1652":"t","1653":"V","1654":"a","1655":"l","1656":"(","1657":")","1658":")","1659":"\\","1660":"n","1661":" ","1662":" ","1663":" ","1664":"*","1665":" ","1666":"R","1667":"e","1668":"t","1669":"u","1670":"r","1671":"n","1672":" ","1673":"t","1674":"h","1675":"e","1676":" ","1677":"S","1678":"n","1679":"a","1680":"p","1681":" ","1682":"v","1683":"a","1684":"l","1685":"u","1686":"e","1687":".","1688":" ","1689":"G","1690":"u","1691":"a","1692":"r","1693":"a","1694":"n","1695":"t","1696":"e","1697":"e","1698":"d","1699":" ","1700":"t","1701":"o","1702":" ","1703":"n","1704":"o","1705":"t","1706":" ","1707":"b","1708":"e","1709":" ","1710":"a","1711":"l","1712":"t","1713":"e","1714":"r","1715":"e","1716":"d","1717":".","1718":"\\","1719":"n","1720":" ","1721":" ","1722":" ","1723":"*","1724":" ","1725":"T","1726":"h","1727":"e","1728":" ","1729":"s","1730":"n","1731":"a","1732":"p","1733":"s","1734":"h","1735":"o","1736":"t","1737":" ","1738":"i","1739":"s","1740":" ","1741":"a","1742":"l","1743":"r","1744":"e","1745":"a","1746":"d","1747":"y","1748":" ","1749":"c","1750":"l","1751":"o","1752":"n","1753":"e","1754":"d","1755":" ","1756":"a","1757":"t","1758":" ","1759":"t","1760":"h","1761":"e","1762":" ","1763":"t","1764":"i","1765":"m","1766":"e","1767":" ","1768":"i","1769":"t","1770":" ","1771":"w","1772":"a","1773":"s","1774":" ","1775":"t","1776":"a","1777":"k","1778":"e","1779":"n","1780":".","1781":"\\","1782":"n","1783":" ","1784":" ","1785":" ","1786":"*","1787":" ","1788":"@","1789":"r","1790":"e","1791":"t","1792":"u","1793":"r","1794":"n","1795":"s","1796":" ","1797":"{","1798":"s","1799":"t","1800":"r","1801":"i","1802":"n","1803":"g","1804":"}","1805":" ","1806":" ","1807":"s","1808":"n","1809":"a","1810":"p","1811":" ","1812":"v","1813":"a","1814":"l","1815":"u","1816":"e","1817":"\\","1818":"n","1819":" ","1820":" ","1821":" ","1822":"*","1823":"/","1824":"\\","1825":"n","1826":" ","1827":" ","1828":"p","1829":"u","1830":"b","1831":"l","1832":"i","1833":"c","1834":" ","1835":"v","1836":"a","1837":"l","1838":"(","1839":")","1840":":","1841":" ","1842":"T","1843":"V","1844":"a","1845":"l","1846":" ","1847":"{","1848":"\\","1849":"n","1850":" ","1851":" ","1852":" ","1853":" ","1854":"r","1855":"e","1856":"t","1857":"u","1858":"r","1859":"n","1860":" ","1861":"t","1862":"h","1863":"i","1864":"s","1865":".","1866":"g","1867":"e","1868":"t","1869":"V","1870":"a","1871":"l","1872":"(","1873":")","1874":";","1875":"\\","1876":"n","1877":" ","1878":" ","1879":"}","1880":"\\","1881":"n","1882":"\\","1883":"n","1884":" ","1885":" ","1886":"/","1887":"*","1888":"*","1889":"\\","1890":"n","1891":" ","1892":" ","1893":" ","1894":"*","1895":" ","1896":"R","1897":"e","1898":"t","1899":"u","1900":"r","1901":"n","1902":" ","1903":"t","1904":"h","1905":"e","1906":" ","1907":"i","1908":"n","1909":"d","1910":"e","1911":"x","1912":" ","1913":"i","1914":"n","1915":" ","1916":"t","1917":"h","1918":"e","1919":" ","1920":"s","1921":"n","1922":"a","1923":"p","1924":"s","1925":" ","1926":"t","1927":"i","1928":"m","1929":"e","1930":"l","1931":"i","1932":"n","1933":"e","1934":" ","1935":"(","1936":"o","1937":"r","1938":"d","1939":"e","1940":"r","1941":")","1942":" ","1943":"s","1944":"t","1945":"a","1946":"r","1947":"t","1948":"i","1949":"n","1950":"g","1951":" ","1952":"f","1953":"r","1954":"o","1955":"m","1956":" ","1957":"z","1958":"e","1959":"r","1960":"o","1961":"\\","1962":"n","1963":" ","1964":" ","1965":" ","1966":"*","1967":" ","1968":"@","1969":"r","1970":"e","1971":"t","1972":"u","1973":"r","1974":"n","1975":"s","1976":" ","1977":"i","1978":"n","1979":"d","1980":"e","1981":"x","1982":" ","1983":"i","1984":"n","1985":" ","1986":"t","1987":"i","1988":"m","1989":"e","1990":"l","1991":"i","1992":"n","1993":"e","1994":"\\","1995":"n","1996":" ","1997":" ","1998":" ","1999":"*","2000":"/","2001":"\\","2002":"n","2003":" ","2004":" ","2005":"p","2006":"u","2007":"b","2008":"l","2009":"i","2010":"c","2011":" ","2012":"g","2013":"e","2014":"t","2015":"T","2016":"i","2017":"m","2018":"e","2019":"l","2020":"i","2021":"n","2022":"e","2023":"I","2024":"n","2025":"d","2026":"e","2027":"x","2028":"(","2029":")","2030":":","2031":" ","2032":"n","2033":"u","2034":"m","2035":"b","2036":"e","2037":"r","2038":" ","2039":"{","2040":"\\","2041":"n","2042":" ","2043":" ","2044":" ","2045":" ","2046":"r","2047":"e","2048":"t","2049":"u","2050":"r","2051":"n","2052":" ","2053":"t","2054":"h","2055":"i","2056":"s","2057":".","2058":"_","2059":"t","2060":"i","2061":"m","2062":"e","2063":"l","2064":"i","2065":"n","2066":"e","2067":"I","2068":"n","2069":"d","2070":"e","2071":"x","2072":" ","2073":"|","2074":"|","2075":" ","2076":"N","2077":"a","2078":"N","2079":";","2080":"\\","2081":"n","2082":" ","2083":" ","2084":"}","2085":"\\","2086":"n","2087":"\\","2088":"n","2089":" ","2090":" ","2091":"/","2092":"*","2093":"*","2094":"\\","2095":"n","2096":" ","2097":" ","2098":" ","2099":"*","2100":" ","2101":"(","2102":"A","2103":"l","2104":"i","2105":"a","2106":"s","2107":" ","2108":"o","2109":"f","2110":" ","2111":"g","2112":"e","2113":"t","2114":"T","2115":"i","2116":"m","2117":"e","2118":"l","2119":"i","2120":"n","2121":"e","2122":"I","2123":"n","2124":"d","2125":"e","2126":"x","2127":"(","2128":")","2129":")","2130":"\\","2131":"n","2132":" ","2133":" ","2134":" ","2135":"*","2136":" ","2137":"R","2138":"e","2139":"t","2140":"u","2141":"r","2142":"n","2143":" ","2144":"t","2145":"h","2146":"e","2147":" ","2148":"i","2149":"n","2150":"d","2151":"e","2152":"x","2153":" ","2154":"i","2155":"n","2156":" ","2157":"t","2158":"h","2159":"e","2160":" ","2161":"s","2162":"n","2163":"a","2164":"p","2165":"s","2166":" ","2167":"t","2168":"i","2169":"m","2170":"e","2171":"l","2172":"i","2173":"n","2174":"e","2175":" ","2176":"(","2177":"o","2178":"r","2179":"d","2180":"e","2181":"r","2182":")","2183":" ","2184":"s","2185":"t","2186":"a","2187":"r","2188":"t","2189":"i","2190":"n","2191":"g","2192":" ","2193":"f","2194":"r","2195":"o","2196":"m","2197":" ","2198":"z","2199":"e","2200":"r","2201":"o","2202":"\\","2203":"n","2204":" ","2205":" ","2206":" ","2207":"*","2208":" ","2209":"@","2210":"r","2211":"e","2212":"t","2213":"u","2214":"r","2215":"n","2216":"s","2217":" ","2218":"i","2219":"n","2220":"d","2221":"e","2222":"x","2223":" ","2224":"i","2225":"n","2226":" ","2227":"t","2228":"i","2229":"m","2230":"e","2231":"l","2232":"i","2233":"n","2234":"e","2235":"\\","2236":"n","2237":" ","2238":" ","2239":" ","2240":"*","2241":"/","2242":"\\","2243":"n","2244":" ","2245":" ","2246":"p","2247":"u","2248":"b","2249":"l","2250":"i","2251":"c","2252":" ","2253":"t","2254":"I","2255":"n","2256":"d","2257":"e","2258":"x","2259":"(","2260":")","2261":":","2262":" ","2263":"n","2264":"u","2265":"m","2266":"b","2267":"e","2268":"r","2269":" ","2270":"{","2271":"\\","2272":"n","2273":" ","2274":" ","2275":" ","2276":" ","2277":"r","2278":"e","2279":"t","2280":"u","2281":"r","2282":"n","2283":" ","2284":"t","2285":"h","2286":"i","2287":"s","2288":".","2289":"g","2290":"e","2291":"t","2292":"T","2293":"i","2294":"m","2295":"e","2296":"l","2297":"i","2298":"n","2299":"e","2300":"I","2301":"n","2302":"d","2303":"e","2304":"x","2305":"(","2306":")","2307":";","2308":"\\","2309":"n","2310":" ","2311":" ","2312":"}","2313":"\\","2314":"n","2315":"\\","2316":"n","2317":" ","2318":" ","2319":"/","2320":"*","2321":"*","2322":"\\","2323":"n","2324":" ","2325":" ","2326":" ","2327":"*","2328":" ","2329":"R","2330":"e","2331":"t","2332":"u","2333":"r","2334":"n","2335":" ","2336":"t","2337":"h","2338":"e","2339":" ","2340":"n","2341":"e","2342":"x","2343":"t","2344":" ","2345":"S","2346":"n","2347":"a","2348":"p","2349":" ","2350":"i","2351":"n","2352":" ","2353":"t","2354":"h","2355":"e","2356":" ","2357":"t","2358":"i","2359":"m","2360":"e","2361":"l","2362":"i","2363":"n","2364":"e","2365":" ","2366":"w","2367":"i","2368":"t","2369":"h","2370":" ","2371":"a","2372":"b","2373":"i","2374":"l","2375":"i","2376":"t","2377":"y","2378":" ","2379":"t","2380":"o","2381":" ","2382":"l","2383":"o","2384":"o","2385":"k","2386":" ","2387":"m","2388":"o","2389":"r","2390":"e","2391":" ","2392":"t","2393":"h","2394":"e","2395":"n","2396":" ","2397":"o","2398":"n","2399":"e","2400":" ","2401":"s","2402":"t","2403":"e","2404":"p","2405":" ","2406":"f","2407":"o","2408":"r","2409":"w","2410":"a","2411":"r","2412":"d","2413":".","2414":"\\","2415":"n","2416":" ","2417":" ","2418":" ","2419":"*","2420":" ","2421":"@","2422":"p","2423":"a","2424":"r","2425":"a","2426":"m","2427":" ","2428":"s","2429":"t","2430":"e","2431":"p","2432":" ","2433":"h","2434":"o","2435":"w","2436":" ","2437":"m","2438":"a","2439":"n","2440":"y","2441":" ","2442":"s","2443":"t","2444":"e","2445":"p","2446":"s","2447":" ","2448":"t","2449":"o","2450":" ","2451":"l","2452":"o","2453":"o","2454":"k","2455":" ","2456":"a","2457":"h","2458":"e","2459":"a","2460":"d","2461":" ","2462":"[","2463":"d","2464":"e","2465":"f","2466":"a","2467":"u","2468":"l","2469":"t","2470":" ","2471":"i","2472":"s","2473":" ","2474":"1","2475":" ","2476":"(","2477":"n","2478":"e","2479":"x","2480":"t","2481":" ","2482":"e","2483":"l","2484":")","2485":"]","2486":"\\","2487":"n","2488":" ","2489":" ","2490":" ","2491":"*","2492":" ","2493":"@","2494":"r","2495":"e","2496":"t","2497":"u","2498":"r","2499":"n","2500":"s","2501":" ","2502":"S","2503":"n","2504":"a","2505":"p","2506":" ","2507":"|","2508":" ","2509":"u","2510":"n","2511":"d","2512":"e","2513":"f","2514":"i","2515":"n","2516":"e","2517":"d","2518":" ","2519":"(","2520":"\\","2521":"n","2522":" ","2523":" ","2524":" ","2525":"*","2526":" ","2527":"i","2528":"f","2529":" ","2530":"n","2531":"o","2532":"n","2533":"e","2534":" ","2535":"l","2536":"i","2537":"k","2538":"e","2539":" ","2540":"w","2541":"i","2542":"t","2543":"h","2544":" ","2545":"t","2546":"h","2547":"e","2548":" ","2549":"l","2550":"a","2551":"s","2552":"t","2553":" ","2554":"S","2555":"n","2556":"a","2557":"p","2558":" ","2559":"o","2560":"f","2561":" ","2562":"t","2563":"h","2564":"e","2565":" ","2566":"t","2567":"i","2568":"m","2569":"e","2570":"l","2571":"i","2572":"n","2573":"e","2574":" ","2575":"i","2576":"t","2577":" ","2578":"w","2579":"o","2580":"u","2581":"l","2582":"d","2583":" ","2584":"r","2585":"e","2586":"t","2587":"u","2588":"r","2589":"n","2590":" ","2591":"u","2592":"n","2593":"d","2594":"e","2595":"f","2596":"i","2597":"n","2598":"e","2599":"d","2600":"\\","2601":"n","2602":" ","2603":" ","2604":" ","2605":"*","2606":" ","2607":")","2608":"\\","2609":"n","2610":" ","2611":" ","2612":" ","2613":"*","2614":"/","2615":"\\","2616":"n","2617":" ","2618":" ","2619":"/","2620":"/","2621":" ","2622":"e","2623":"s","2624":"l","2625":"i","2626":"n","2627":"t","2628":"-","2629":"d","2630":"i","2631":"s","2632":"a","2633":"b","2634":"l","2635":"e","2636":"-","2637":"n","2638":"e","2639":"x","2640":"t","2641":"-","2642":"l","2643":"i","2644":"n","2645":"e","2646":" ","2647":"@","2648":"t","2649":"y","2650":"p","2651":"e","2652":"s","2653":"c","2654":"r","2655":"i","2656":"p","2657":"t","2658":"-","2659":"e","2660":"s","2661":"l","2662":"i","2663":"n","2664":"t","2665":"/","2666":"n","2667":"o","2668":"-","2669":"e","2670":"x","2671":"p","2672":"l","2673":"i","2674":"c","2675":"i","2676":"t","2677":"-","2678":"a","2679":"n","2680":"y","2681":"\\","2682":"n","2683":" ","2684":" ","2685":"p","2686":"u","2687":"b","2688":"l","2689":"i","2690":"c","2691":" ","2692":"n","2693":"e","2694":"x","2695":"t","2696":"<","2697":"T","2698":"v","2699":" ","2700":"=","2701":" ","2702":"a","2703":"n","2704":"y","2705":">","2706":"(","2707":"s","2708":"t","2709":"e","2710":"p","2711":" ","2712":"=","2713":" ","2714":"1","2715":")","2716":":","2717":" ","2718":"S","2719":"n","2720":"a","2721":"p","2722":"<","2723":"T","2724":"v","2725":",","2726":" ","2727":"T","2728":"M","2729":"a","2730":"p","2731":"D","2732":"e","2733":"f","2734":">","2735":" ","2736":"|","2737":" ","2738":"u","2739":"n","2740":"d","2741":"e","2742":"f","2743":"i","2744":"n","2745":"e","2746":"d","2747":" ","2748":"{","2749":"\\","2750":"n","2751":" ","2752":" ","2753":" ","2754":" ","2755":"i","2756":"f","2757":" ","2758":"(","2759":"t","2760":"h","2761":"i","2762":"s","2763":".","2764":"_","2765":"t","2766":"i","2767":"m","2768":"e","2769":"l","2770":"i","2771":"n","2772":"e","2773":"I","2774":"n","2775":"d","2776":"e","2777":"x","2778":")","2779":" ","2780":"{","2781":"\\","2782":"n","2783":" ","2784":" ","2785":" ","2786":" ","2787":" ","2788":" ","2789":"r","2790":"e","2791":"t","2792":"u","2793":"r","2794":"n","2795":" ","2796":"t","2797":"h","2798":"i","2799":"s","2800":".","2801":"_","2802":"s","2803":"n","2804":"a","2805":"p","2806":"m","2807":"a","2808":"n","2809":".","2810":"g","2811":"e","2812":"t","2813":"S","2814":"n","2815":"a","2816":"p","2817":"A","2818":"t","2819":"I","2820":"n","2821":"d","2822":"e","2823":"x","2824":"(","2825":"t","2826":"h","2827":"i","2828":"s","2829":".","2830":"_","2831":"t","2832":"i","2833":"m","2834":"e","2835":"l","2836":"i","2837":"n","2838":"e","2839":"I","2840":"n","2841":"d","2842":"e","2843":"x","2844":" ","2845":"+","2846":" ","2847":"s","2848":"t","2849":"e","2850":"p","2851":")","2852":";","2853":"\\","2854":"n","2855":" ","2856":" ","2857":" ","2858":" ","2859":"}","2860":"\\","2861":"n","2862":" ","2863":" ","2864":" ","2865":" ","2866":"r","2867":"e","2868":"t","2869":"u","2870":"r","2871":"n","2872":" ","2873":"u","2874":"n","2875":"d","2876":"e","2877":"f","2878":"i","2879":"n","2880":"e","2881":"d","2882":";","2883":"\\","2884":"n","2885":" ","2886":" ","2887":"}","2888":"\\","2889":"n","2890":"\\","2891":"n","2892":" ","2893":" ","2894":"/","2895":"*","2896":"*","2897":"\\","2898":"n","2899":" ","2900":" ","2901":" ","2902":"*","2903":" ","2904":"R","2905":"e","2906":"t","2907":"u","2908":"r","2909":"n","2910":" ","2911":"t","2912":"h","2913":"e","2914":" ","2915":"p","2916":"r","2917":"e","2918":"v","2919":"i","2920":"o","2921":"u","2922":"s","2923":" ","2924":"S","2925":"n","2926":"a","2927":"p","2928":" ","2929":"i","2930":"n","2931":" ","2932":"t","2933":"h","2934":"e","2935":" ","2936":"t","2937":"i","2938":"m","2939":"e","2940":"l","2941":"i","2942":"n","2943":"e","2944":" ","2945":"w","2946":"i","2947":"t","2948":"h","2949":" ","2950":"a","2951":"b","2952":"i","2953":"l","2954":"i","2955":"t","2956":"y","2957":" ","2958":"t","2959":"o","2960":" ","2961":"l","2962":"o","2963":"o","2964":"k","2965":" ","2966":"m","2967":"o","2968":"r","2969":"e","2970":" ","2971":"t","2972":"h","2973":"e","2974":"n","2975":" ","2976":"o","2977":"n","2978":"e","2979":" ","2980":"s","2981":"t","2982":"e","2983":"p","2984":" ","2985":"b","2986":"a","2987":"c","2988":"k","2989":"w","2990":"a","2991":"r","2992":"d","2993":".","2994":"\\","2995":"n","2996":" ","2997":" ","2998":" ","2999":"*","3000":" ","3001":"@","3002":"p","3003":"a","3004":"r","3005":"a","3006":"m","3007":" ","3008":"s","3009":"t","3010":"e","3011":"p","3012":" ","3013":"h","3014":"o","3015":"w","3016":" ","3017":"m","3018":"a","3019":"n","3020":"y","3021":" ","3022":"s","3023":"t","3024":"e","3025":"p","3026":"s","3027":" ","3028":"t","3029":"o","3030":" ","3031":"l","3032":"o","3033":"o","3034":"k","3035":" ","3036":"b","3037":"a","3038":"c","3039":"k","3040":" ","3041":"[","3042":"d","3043":"e","3044":"f","3045":"a","3046":"u","3047":"l","3048":"t","3049":" ","3050":"i","3051":"s","3052":" ","3053":"1","3054":" ","3055":"(","3056":"p","3057":"r","3058":"e","3059":"v","3060":"i","3061":"o","3062":"u","3063":"s","3064":" ","3065":"e","3066":"l","3067":")","3068":"]","3069":"\\","3070":"n","3071":" ","3072":" ","3073":" ","3074":"*","3075":" ","3076":"@","3077":"r","3078":"e","3079":"t","3080":"u","3081":"r","3082":"n","3083":"s","3084":" ","3085":"S","3086":"n","3087":"a","3088":"p","3089":" ","3090":"|","3091":" ","3092":"u","3093":"n","3094":"d","3095":"e","3096":"f","3097":"i","3098":"n","3099":"e","3100":"d","3101":" ","3102":"(","3103":"\\","3104":"n","3105":" ","3106":" ","3107":" ","3108":"*","3109":" ","3110":"i","3111":"f","3112":" ","3113":"n","3114":"o","3115":"n","3116":"e","3117":" ","3118":"l","3119":"i","3120":"k","3121":"e","3122":" ","3123":"w","3124":"i","3125":"t","3126":"h","3127":" ","3128":"t","3129":"h","3130":"e","3131":" ","3132":"f","3133":"i","3134":"r","3135":"s","3136":"t","3137":" ","3138":"S","3139":"n","3140":"a","3141":"p","3142":" ","3143":"o","3144":"f","3145":" ","3146":"t","3147":"h","3148":"e","3149":" ","3150":"t","3151":"i","3152":"m","3153":"e","3154":"l","3155":"i","3156":"n","3157":"e","3158":" ","3159":"i","3160":"t","3161":" ","3162":"w","3163":"o","3164":"u","3165":"l","3166":"d","3167":" ","3168":"r","3169":"e","3170":"t","3171":"u","3172":"r","3173":"n","3174":" ","3175":"u","3176":"n","3177":"d","3178":"e","3179":"f","3180":"i","3181":"n","3182":"e","3183":"d","3184":"\\","3185":"n","3186":" ","3187":" ","3188":" ","3189":"*","3190":" ","3191":")","3192":"\\","3193":"n","3194":" ","3195":" ","3196":" ","3197":"*","3198":"/","3199":"\\","3200":"n","3201":" ","3202":" ","3203":"/","3204":"/","3205":" ","3206":"e","3207":"s","3208":"l","3209":"i","3210":"n","3211":"t","3212":"-","3213":"d","3214":"i","3215":"s","3216":"a","3217":"b","3218":"l","3219":"e","3220":"-","3221":"n","3222":"e","3223":"x","3224":"t","3225":"-","3226":"l","3227":"i","3228":"n","3229":"e","3230":" ","3231":"@","3232":"t","3233":"y","3234":"p","3235":"e","3236":"s","3237":"c","3238":"r","3239":"i","3240":"p","3241":"t","3242":"-","3243":"e","3244":"s","3245":"l","3246":"i","3247":"n","3248":"t","3249":"/","3250":"n","3251":"o","3252":"-","3253":"e","3254":"x","3255":"p","3256":"l","3257":"i","3258":"c","3259":"i","3260":"t","3261":"-","3262":"a","3263":"n","3264":"y","3265":"\\","3266":"n","3267":" ","3268":" ","3269":"p","3270":"u","3271":"b","3272":"l","3273":"i","3274":"c","3275":" ","3276":"p","3277":"r","3278":"e","3279":"v","3280":"i","3281":"o","3282":"u","3283":"s","3284":"<","3285":"T","3286":"v","3287":" ","3288":"=","3289":" ","3290":"a","3291":"n","3292":"y","3293":">","3294":"(","3295":"s","3296":"t","3297":"e","3298":"p","3299":" ","3300":"=","3301":" ","3302":"1","3303":")","3304":":","3305":" ","3306":"S","3307":"n","3308":"a","3309":"p","3310":"<","3311":"T","3312":"v","3313":",","3314":" ","3315":"T","3316":"M","3317":"a","3318":"p","3319":"D","3320":"e","3321":"f","3322":">","3323":" ","3324":"|","3325":" ","3326":"u","3327":"n","3328":"d","3329":"e","3330":"f","3331":"i","3332":"n","3333":"e","3334":"d","3335":" ","3336":"{","3337":"\\","3338":"n","3339":" ","3340":" ","3341":" ","3342":" ","3343":"i","3344":"f","3345":" ","3346":"(","3347":"t","3348":"h","3349":"i","3350":"s","3351":".","3352":"_","3353":"t","3354":"i","3355":"m","3356":"e","3357":"l","3358":"i","3359":"n","3360":"e","3361":"I","3362":"n","3363":"d","3364":"e","3365":"x","3366":")","3367":" ","3368":"{","3369":"\\","3370":"n","3371":" ","3372":" ","3373":" ","3374":" ","3375":" ","3376":" ","3377":"r","3378":"e","3379":"t","3380":"u","3381":"r","3382":"n","3383":" ","3384":"t","3385":"h","3386":"i","3387":"s","3388":".","3389":"_","3390":"s","3391":"n","3392":"a","3393":"p","3394":"m","3395":"a","3396":"n","3397":".","3398":"g","3399":"e","3400":"t","3401":"S","3402":"n","3403":"a","3404":"p","3405":"A","3406":"t","3407":"I","3408":"n","3409":"d","3410":"e","3411":"x","3412":"(","3413":"t","3414":"h","3415":"i","3416":"s","3417":".","3418":"_","3419":"t","3420":"i","3421":"m","3422":"e","3423":"l","3424":"i","3425":"n","3426":"e","3427":"I","3428":"n","3429":"d","3430":"e","3431":"x","3432":" ","3433":"-","3434":" ","3435":"s","3436":"t","3437":"e","3438":"p","3439":")","3440":";","3441":"\\","3442":"n","3443":" ","3444":" ","3445":" ","3446":" ","3447":"}","3448":"\\","3449":"n","3450":" ","3451":" ","3452":" ","3453":" ","3454":"r","3455":"e","3456":"t","3457":"u","3458":"r","3459":"n","3460":" ","3461":"u","3462":"n","3463":"d","3464":"e","3465":"f","3466":"i","3467":"n","3468":"e","3469":"d","3470":";","3471":"\\","3472":"n","3473":" ","3474":" ","3475":"}","3476":"\\","3477":"n","3478":"}","3479":"\\","3480":"n","3481":"\"","3482":"]","3483":",","3484":"\"","3485":"n","3486":"a","3487":"m","3488":"e","3489":"s","3490":"\"","3491":":","3492":"[","3493":"\"","3494":"S","3495":"n","3496":"a","3497":"p","3498":"\"","3499":",","3500":"\"","3501":"g","3502":"e","3503":"t","3504":"I","3505":"d","3506":"\"","3507":",","3508":"\"","3509":"_","3510":"i","3511":"d","3512":"\"","3513":",","3514":"\"","3515":"i","3516":"d","3517":"\"","3518":",","3519":"\"","3520":"g","3521":"e","3522":"t","3523":"V","3524":"a","3525":"l","3526":"\"","3527":",","3528":"\"","3529":"_","3530":"v","3531":"a","3532":"l","3533":"\"","3534":",","3535":"\"","3536":"v","3537":"a","3538":"l","3539":"\"","3540":",","3541":"\"","3542":"g","3543":"e","3544":"t","3545":"T","3546":"i","3547":"m","3548":"e","3549":"l","3550":"i","3551":"n","3552":"e","3553":"I","3554":"n","3555":"d","3556":"e","3557":"x","3558":"\"","3559":",","3560":"\"","3561":"_","3562":"t","3563":"i","3564":"m","3565":"e","3566":"l","3567":"i","3568":"n","3569":"e","3570":"I","3571":"n","3572":"d","3573":"e","3574":"x","3575":"\"","3576":",","3577":"\"","3578":"N","3579":"a","3580":"N","3581":"\"","3582":",","3583":"\"","3584":"t","3585":"I","3586":"n","3587":"d","3588":"e","3589":"x","3590":"\"","3591":",","3592":"\"","3593":"n","3594":"e","3595":"x","3596":"t","3597":"\"","3598":",","3599":"\"","3600":"s","3601":"t","3602":"e","3603":"p","3604":"\"","3605":",","3606":"\"","3607":"_","3608":"s","3609":"n","3610":"a","3611":"p","3612":"m","3613":"a","3614":"n","3615":"\"","3616":",","3617":"\"","3618":"g","3619":"e","3620":"t","3621":"S","3622":"n","3623":"a","3624":"p","3625":"A","3626":"t","3627":"I","3628":"n","3629":"d","3630":"e","3631":"x","3632":"\"","3633":",","3634":"\"","3635":"u","3636":"n","3637":"d","3638":"e","3639":"f","3640":"i","3641":"n","3642":"e","3643":"d","3644":"\"","3645":",","3646":"\"","3647":"p","3648":"r","3649":"e","3650":"v","3651":"i","3652":"o","3653":"u","3654":"s","3655":"\"","3656":",","3657":"\"","3658":"c","3659":"o","3660":"n","3661":"s","3662":"t","3663":"r","3664":"u","3665":"c","3666":"t","3667":"o","3668":"r","3669":"\"","3670":",","3671":"\"","3672":"t","3673":"i","3674":"m","3675":"e","3676":"l","3677":"i","3678":"n","3679":"e","3680":"I","3681":"n","3682":"d","3683":"e","3684":"x","3685":"\"","3686":",","3687":"\"","3688":"s","3689":"n","3690":"a","3691":"p","3692":"m","3693":"a","3694":"n","3695":"\"","3696":",","3697":"\"","3698":"c","3699":"l","3700":"o","3701":"n","3702":"e","3703":"\"","3704":"]","3705":",","3706":"\"","3707":"m","3708":"a","3709":"p","3710":"p","3711":"i","3712":"n","3713":"g","3714":"s","3715":"\"","3716":":","3717":"\"","3718":"A","3719":"A","3720":"A","3721":"A","3722":";","3723":";","3724":";","3725":";","3726":"+","3727":"B","3728":"A","3729":"q","3730":"B","3731":"a","3732":"A","3733":";","3734":";","3735":"a","3736":"A","3737":"A","3738":"A","3739":"A","3740":";","3741":";","3742":"2","3743":"B","3744":"A","3745":"r","3746":"B","3747":"S","3748":";","3749":"A","3750":"A","3751":"q","3752":"B","3753":"f","3754":",","3755":"M","3756":"A","3757":"A","3758":"M","3759":"A","3760":";","3761":"I","3762":"A","3763":"g","3764":"B","3765":"X","3766":";","3767":";","3768":";","3769":"G","3770":"A","3771":"G","3772":"C","3773":",","3774":"G","3775":"A","3776":"C","3777":"D","3778":",","3779":"A","3780":"A","3781":"A","3782":"O","3783":"C","3784":",","3785":"Q","3786":"A","3787":"A","3788":"g","3789":"B","3790":";","3791":"Q","3792":"A","3793":"C","3794":"r","3795":"B","3796":",","3797":"O","3798":"A","3799":"A","3800":"O","3801":",","3802":"I","3803":"A","3804":"A","3805":"I","3806":",","3807":"C","3808":"A","3809":"A","3810":"C","3811":"C","3812":",","3813":"G","3814":"A","3815":"A","3816":"G","3817":";","3818":"I","3819":"A","3820":"C","3821":"j","3822":"B","3823":";","3824":"I","3825":"A","3826":"E","3827":"A","3828":";","3829":";","3830":";","3831":";","3832":"G","3833":"A","3834":"I","3835":"C","3836":",","3837":"G","3838":"A","3839":"C","3840":"D","3841":",","3842":"A","3843":"A","3844":"A","3845":"O","3846":"C","3847":",","3848":"K","3849":"A","3850":"A","3851":"a","3852":";","3853":"Q","3854":"A","3855":"C","3856":"l","3857":"B","3858":",","3859":"O","3860":"A","3861":"A","3862":"O","3863":",","3864":"I","3865":"A","3866":"A","3867":"I","3868":",","3869":"C","3870":"A","3871":"A","3872":"C","3873":"F","3874":",","3875":"K","3876":"A","3877":"A","3878":"K","3879":";","3880":"I","3881":"A","3882":"C","3883":"n","3884":"B","3885":";","3886":"I","3887":"A","3888":"E","3889":"A","3890":";","3891":";","3892":";","3893":";","3894":"G","3895":"A","3896":"I","3897":"C","3898":",","3899":"G","3900":"A","3901":"C","3902":"D","3903":",","3904":"A","3905":"A","3906":"A","3907":"O","3908":"G","3909":",","3910":"S","3911":"A","3912":"A","3913":"e","3914":";","3915":"Q","3916":"A","3917":"C","3918":"p","3919":"B","3920":",","3921":"O","3922":"A","3923":"A","3924":"O","3925":",","3926":"I","3927":"A","3928":"A","3929":"I","3930":",","3931":"C","3932":"A","3933":"A","3934":"C","3935":"C","3936":",","3937":"I","3938":"A","3939":"A","3940":"I","3941":";","3942":"I","3943":"A","3944":"C","3945":"l","3946":"B","3947":";","3948":"I","3949":"A","3950":"E","3951":"A","3952":";","3953":";","3954":";","3955":";","3956":";","3957":"G","3958":"A","3959":"K","3960":"C","3961":",","3962":"G","3963":"A","3964":"C","3965":"D","3966":",","3967":"A","3968":"A","3969":"A","3970":"O","3971":"C","3972":",","3973":"M","3974":"A","3975":"A","3976":"Y","3977":";","3978":"Q","3979":"A","3980":"C","3981":"j","3982":"B","3983":",","3984":"O","3985":"A","3986":"A","3987":"O","3988":",","3989":"I","3990":"A","3991":"A","3992":"I","3993":",","3994":"C","3995":"A","3996":"A","3997":"C","3998":"F","3999":",","4000":"M","4001":"A","4002":"A","4003":"M","4004":";","4005":"I","4006":"A","4007":"C","4008":"p","4009":"B","4010":";","4011":"I","4012":"A","4013":"E","4014":"A","4015":";","4016":";","4017":";","4018":"G","4019":"A","4020":"G","4021":"C","4022":",","4023":"G","4024":"A","4025":"C","4026":"D","4027":",","4028":"A","4029":"A","4030":"A","4031":"O","4032":"G","4033":",","4034":"m","4035":"B","4036":"A","4037":"A","4038":"2","4039":"B","4040":";","4041":"Q","4042":"A","4043":"C","4044":"h","4045":"C","4046":",","4047":"O","4048":"A","4049":"A","4050":"O","4051":",","4052":"I","4053":"A","4054":"A","4055":"I","4056":",","4057":"C","4058":"A","4059":"A","4060":"C","4061":"C","4062":",","4063":"c","4064":"A","4065":"A","4066":"c","4067":",","4068":"I","4069":"A","4070":"A","4071":"I","4072":"C","4073":";","4074":"I","4075":"A","4076":"C","4077":"h","4078":"C","4079":";","4080":"I","4081":"A","4082":"E","4083":"A","4084":";","4085":";","4086":";","4087":";","4088":"G","4089":"A","4090":"I","4091":"C","4092":",","4093":"G","4094":"A","4095":"C","4096":"D","4097":",","4098":"A","4099":"A","4100":"A","4101":"O","4102":"C","4103":",","4104":"S","4105":"A","4106":"A","4107":"i","4108":"B","4109":";","4110":"Q","4111":"A","4112":"C","4113":"t","4114":"B","4115":",","4116":"O","4117":"A","4118":"A","4119":"O","4120":",","4121":"I","4122":"A","4123":"A","4124":"I","4125":",","4126":"C","4127":"A","4128":"A","4129":"C","4130":"H","4131":",","4132":"g","4133":"B","4134":"A","4135":"A","4136":"g","4137":"B","4138":";","4139":"I","4140":"A","4141":"C","4142":"9","4143":"B","4144":";","4145":"I","4146":"A","4147":"E","4148":"A","4149":";","4150":";","4151":";","4152":";","4153":";","4154":";","4155":"G","4156":"A","4157":"M","4158":"C","4159":",","4160":"G","4161":"A","4162":"C","4163":"D","4164":",","4165":"8","4166":"D","4167":"A","4168":"A","4169":"8","4170":"D","4171":";","4172":"I","4173":"A","4174":"C","4175":"v","4176":"D","4177":"I","4178":",","4179":"K","4180":"A","4181":"A","4182":"e","4183":"C","4184":",","4185":"O","4186":"A","4187":"A","4188":"O","4189":",","4190":"C","4191":"A","4192":"A","4193":"C","4194":",","4195":"E","4196":"A","4197":"A","4198":"i","4199":"C","4200":";","4201":"Q","4202":"A","4203":"C","4204":"7","4205":"D","4206":",","4207":"I","4208":"A","4209":"A","4210":"I","4211":",","4212":"I","4213":"A","4214":"A","4215":"I","4216":",","4217":"C","4218":"A","4219":"A","4220":"C","4221":"J","4222":",","4223":"c","4224":"A","4225":"A","4226":"c","4227":",","4228":"E","4229":"A","4230":"A","4231":"E","4232":";","4233":"Y","4234":"A","4235":"C","4236":"v","4237":"B","4238":",","4239":"O","4240":"A","4241":"A","4242":"O","4243":",","4244":"I","4245":"A","4246":"A","4247":"I","4248":",","4249":"C","4250":"A","4251":"A","4252":"C","4253":"K","4254":",","4255":"Q","4256":"A","4257":"A","4258":"Q","4259":",","4260":"C","4261":"A","4262":"A","4263":"C","4264":"C","4265":",","4266":"c","4267":"A","4268":"A","4269":"c","4270":",","4271":"C","4272":"A","4273":"A","4274":"C","4275":",","4276":"I","4277":"A","4278":"A","4279":"I","4280":",","4281":"C","4282":"A","4283":"A","4284":"C","4285":"N","4286":",","4287":"c","4288":"A","4289":"A","4290":"c","4291":",","4292":"G","4293":"A","4294":"A","4295":"G","4296":"I","4297":";","4298":"Q","4299":"A","4300":"C","4301":"5","4302":"D","4303":",","4304":"C","4305":"A","4306":"A","4307":"C","4308":";","4309":"Q","4310":"A","4311":"C","4312":"D","4313":",","4314":"O","4315":"A","4316":"A","4317":"O","4318":"G","4319":";","4320":"I","4321":"A","4322":"C","4323":"T","4324":";","4325":"I","4326":"A","4327":"E","4328":"A","4329":";","4330":";","4331":";","4332":";","4333":";","4334":";","4335":"G","4336":"A","4337":"M","4338":"C","4339":",","4340":"G","4341":"A","4342":"C","4343":"D","4344":",","4345":"8","4346":"D","4347":"A","4348":"A","4349":"8","4350":"D","4351":";","4352":"I","4353":"A","4354":"C","4355":"v","4356":"D","4357":"C","4358":",","4359":"S","4360":"A","4361":"A","4362":"m","4363":"B","4364":"J","4365":",","4366":"O","4367":"A","4368":"A","4369":"O","4370":",","4371":"C","4372":"A","4373":"A","4374":"C","4375":",","4376":"E","4377":"A","4378":"A","4379":"i","4380":"C","4381":";","4382":"Q","4383":"A","4384":"C","4385":"j","4386":"E","4387":",","4388":"I","4389":"A","4390":"A","4391":"I","4392":",","4393":"I","4394":"A","4395":"A","4396":"I","4397":",","4398":"C","4399":"A","4400":"A","4401":"C","4402":"J","4403":",","4404":"c","4405":"A","4406":"A","4407":"c","4408":",","4409":"E","4410":"A","4411":"A","4412":"E","4413":";","4414":"Y","4415":"A","4416":"C","4417":"v","4418":"B","4419":",","4420":"O","4421":"A","4422":"A","4423":"O","4424":",","4425":"I","4426":"A","4427":"A","4428":"I","4429":",","4430":"C","4431":"A","4432":"A","4433":"C","4434":"K","4435":",","4436":"Q","4437":"A","4438":"A","4439":"Q","4440":",","4441":"C","4442":"A","4443":"A","4444":"C","4445":"C","4446":",","4447":"c","4448":"A","4449":"A","4450":"c","4451":",","4452":"C","4453":"A","4454":"A","4455":"C","4456":",","4457":"I","4458":"A","4459":"A","4460":"I","4461":",","4462":"C","4463":"A","4464":"A","4465":"C","4466":"N","4467":",","4468":"c","4469":"A","4470":"A","4471":"c","4472":",","4473":"G","4474":"A","4475":"A","4476":"G","4477":"I","4478":";","4479":"Q","4480":"A","4481":"C","4482":"5","4483":"D","4484":",","4485":"C","4486":"A","4487":"A","4488":"C","4489":";","4490":"Q","4491":"A","4492":"C","4493":"D","4494":",","4495":"O","4496":"A","4497":"A","4498":"O","4499":"G","4500":";","4501":"I","4502":"A","4503":"C","4504":"T","4505":";","4506":"I","4507":"A","4508":"x","4509":"F","4510":"A","4511":"E","4512":",","4513":"Y","4514":"A","4515":"A","4516":"Y","4517":",","4518":"E","4519":"A","4520":"A","4521":"E","4522":"d","4523":",","4524":"G","4525":"A","4526":"A","4527":"E","4528":",","4529":"E","4530":"A","4531":"A","4532":"E","4533":"e","4534":",","4535":"c","4536":"A","4537":"A","4538":"a","4539":",","4540":"E","4541":"A","4542":"A","4543":"E","4544":"Z","4545":",","4546":"I","4547":"A","4548":"A","4549":"G","4550":",","4551":"E","4552":"A","4553":"A","4554":"E","4555":"a","4556":",","4557":"Q","4558":"A","4559":"A","4560":"O","4561":",","4562":"E","4563":"A","4564":"A","4565":"U","4566":",","4567":"C","4568":"A","4569":"A","4570":"E","4571":";","4572":"Q","4573":"A","4574":"C","4575":"v","4576":"D","4577":",","4578":"I","4579":"A","4580":"A","4581":"I","4582":",","4583":"C","4584":"A","4585":"A","4586":"C","4587":"j","4588":"B","4589":",","4590":"G","4591":"A","4592":"A","4593":"G","4594":",","4595":"G","4596":"A","4597":"A","4598":"G","4599":"C","4600":";","4601":"Q","4602":"A","4603":"C","4604":"X","4605":",","4606":"I","4607":"A","4608":"A","4609":"I","4610":",","4611":"C","4612":"A","4613":"A","4614":"C","4615":"K","4616":",","4617":"c","4618":"A","4619":"A","4620":"c","4621":",","4622":"G","4623":"A","4624":"A","4625":"G","4626":"U","4627":";","4628":"Q","4629":"A","4630":"C","4631":"t","4632":"B","4633":",","4634":"I","4635":"A","4636":"A","4637":"I","4638":",","4639":"C","4640":"A","4641":"A","4642":"C","4643":"b","4644":",","4645":"I","4646":"A","4647":"A","4648":"I","4649":",","4650":"G","4651":"A","4652":"A","4653":"G","4654":"e","4655":",","4656":"I","4657":"A","4658":"A","4659":"A","4660":"A","4661":",","4662":"g","4663":"B","4664":"A","4665":"A","4666":"K","4667":",","4668":"E","4669":"A","4670":"A","4671":"C","4672":"d","4673":";","4674":"Q","4675":"A","4676":"C","4677":"l","4678":"B","4679":",","4680":"I","4681":"A","4682":"A","4683":"I","4684":",","4685":"C","4686":"A","4687":"A","4688":"C","4689":"O","4690":",","4691":"Q","4692":"A","4693":"A","4694":"Q","4695":",","4696":"G","4697":"A","4698":"A","4699":"G","4700":"M","4701":";","4702":"I","4703":"A","4704":"C","4705":"l","4706":"B","4707":";","4708":"A","4709":"A","4710":"o","4711":"F","4712":"F","4713":"\"","4714":"}"},"_coverageSchema":"1a1c01bbd47fc00a2c39e90264f33305004495a9","hash":"e555066f8c32df396d994ab228ea4fd53bdc692a"}
,"/Users/mohamedlamineallal/repos/snap/src/Snapman/index.ts": {"path":"/Users/mohamedlamineallal/repos/snap/src/Snapman/index.ts","statementMap":{"0":{"start":{"line":2,"column":0},"end":{"line":4,"column":3}},"1":{"start":{"line":5,"column":0},"end":{"line":8,"column":3}},"2":{"start":{"line":7,"column":13},"end":{"line":7,"column":20}},"3":{"start":{"line":9,"column":17},"end":{"line":9,"column":44}},"4":{"start":{"line":10,"column":19},"end":{"line":10,"column":49}},"5":{"start":{"line":21,"column":25},"end":{"line":21,"column":47}},"6":{"start":{"line":22,"column":41},"end":{"line":36,"column":9}},"7":{"start":{"line":23,"column":25},"end":{"line":28,"column":14}},"8":{"start":{"line":29,"column":12},"end":{"line":33,"column":15}},"9":{"start":{"line":34,"column":12},"end":{"line":34,"column":43}},"10":{"start":{"line":35,"column":12},"end":{"line":35,"column":24}},"11":{"start":{"line":37,"column":8},"end":{"line":42,"column":9}},"12":{"start":{"line":38,"column":27},"end":{"line":38,"column":63}},"13":{"start":{"line":39,"column":25},"end":{"line":39,"column":57}},"14":{"start":{"line":40,"column":12},"end":{"line":40,"column":38}},"15":{"start":{"line":41,"column":12},"end":{"line":41,"column":24}},"16":{"start":{"line":43,"column":8},"end":{"line":43,"column":37}},"17":{"start":{"line":44,"column":8},"end":{"line":44,"column":20}},"18":{"start":{"line":54,"column":25},"end":{"line":54,"column":47}},"19":{"start":{"line":55,"column":8},"end":{"line":57,"column":9}},"20":{"start":{"line":56,"column":12},"end":{"line":56,"column":62}},"21":{"start":{"line":58,"column":8},"end":{"line":58,"column":33}},"22":{"start":{"line":72,"column":25},"end":{"line":72,"column":47}},"23":{"start":{"line":73,"column":8},"end":{"line":75,"column":9}},"24":{"start":{"line":74,"column":12},"end":{"line":74,"column":62}},"25":{"start":{"line":76,"column":8},"end":{"line":76,"column":30}},"26":{"start":{"line":97,"column":38},"end":{"line":97,"column":116}},"27":{"start":{"line":98,"column":35},"end":{"line":98,"column":62}},"28":{"start":{"line":99,"column":8},"end":{"line":99,"column":134}},"29":{"start":{"line":99,"column":50},"end":{"line":99,"column":132}},"30":{"start":{"line":107,"column":8},"end":{"line":107,"column":42}},"31":{"start":{"line":116,"column":8},"end":{"line":116,"column":35}},"32":{"start":{"line":122,"column":8},"end":{"line":122,"column":42}},"33":{"start":{"line":129,"column":8},"end":{"line":131,"column":9}},"34":{"start":{"line":130,"column":12},"end":{"line":130,"column":51}},"35":{"start":{"line":132,"column":8},"end":{"line":132,"column":81}},"36":{"start":{"line":132,"column":50},"end":{"line":132,"column":79}},"37":{"start":{"line":135,"column":8},"end":{"line":135,"column":73}},"38":{"start":{"line":135,"column":50},"end":{"line":135,"column":71}},"39":{"start":{"line":138,"column":8},"end":{"line":138,"column":33}},"40":{"start":{"line":139,"column":8},"end":{"line":139,"column":35}}},"fnMap":{"0":{"name":"(anonymous_0)","decl":{"start":{"line":7,"column":9},"end":{"line":7,"column":10}},"loc":{"start":{"line":7,"column":13},"end":{"line":7,"column":20}},"line":7},"1":{"name":"(anonymous_1)","decl":{"start":{"line":20,"column":6},"end":{"line":20,"column":7}},"loc":{"start":{"line":20,"column":20},"end":{"line":45,"column":5}},"line":20},"2":{"name":"(anonymous_2)","decl":{"start":{"line":22,"column":41},"end":{"line":22,"column":42}},"loc":{"start":{"line":22,"column":51},"end":{"line":36,"column":9}},"line":22},"3":{"name":"(anonymous_3)","decl":{"start":{"line":53,"column":6},"end":{"line":53,"column":7}},"loc":{"start":{"line":53,"column":18},"end":{"line":59,"column":5}},"line":53},"4":{"name":"(anonymous_4)","decl":{"start":{"line":71,"column":6},"end":{"line":71,"column":7}},"loc":{"start":{"line":71,"column":23},"end":{"line":77,"column":5}},"line":71},"5":{"name":"(anonymous_5)","decl":{"start":{"line":96,"column":6},"end":{"line":96,"column":7}},"loc":{"start":{"line":96,"column":22},"end":{"line":100,"column":5}},"line":96},"6":{"name":"(anonymous_6)","decl":{"start":{"line":99,"column":42},"end":{"line":99,"column":43}},"loc":{"start":{"line":99,"column":50},"end":{"line":99,"column":132}},"line":99},"7":{"name":"(anonymous_7)","decl":{"start":{"line":106,"column":6},"end":{"line":106,"column":7}},"loc":{"start":{"line":106,"column":28},"end":{"line":108,"column":5}},"line":106},"8":{"name":"(anonymous_8)","decl":{"start":{"line":115,"column":6},"end":{"line":115,"column":7}},"loc":{"start":{"line":115,"column":24},"end":{"line":117,"column":5}},"line":115},"9":{"name":"(anonymous_9)","decl":{"start":{"line":121,"column":6},"end":{"line":121,"column":7}},"loc":{"start":{"line":121,"column":22},"end":{"line":123,"column":5}},"line":121},"10":{"name":"(anonymous_10)","decl":{"start":{"line":128,"column":6},"end":{"line":128,"column":7}},"loc":{"start":{"line":128,"column":25},"end":{"line":133,"column":5}},"line":128},"11":{"name":"(anonymous_11)","decl":{"start":{"line":132,"column":42},"end":{"line":132,"column":43}},"loc":{"start":{"line":132,"column":50},"end":{"line":132,"column":79}},"line":132},"12":{"name":"(anonymous_12)","decl":{"start":{"line":134,"column":4},"end":{"line":134,"column":5}},"loc":{"start":{"line":134,"column":31},"end":{"line":136,"column":5}},"line":134},"13":{"name":"(anonymous_13)","decl":{"start":{"line":135,"column":42},"end":{"line":135,"column":43}},"loc":{"start":{"line":135,"column":50},"end":{"line":135,"column":71}},"line":135},"14":{"name":"(anonymous_14)","decl":{"start":{"line":137,"column":4},"end":{"line":137,"column":5}},"loc":{"start":{"line":137,"column":17},"end":{"line":140,"column":5}},"line":137}},"branchMap":{"0":{"loc":{"start":{"line":37,"column":8},"end":{"line":42,"column":9}},"type":"if","locations":[{"start":{"line":37,"column":8},"end":{"line":42,"column":9}},{"start":{},"end":{}}],"line":37},"1":{"loc":{"start":{"line":55,"column":8},"end":{"line":57,"column":9}},"type":"if","locations":[{"start":{"line":55,"column":8},"end":{"line":57,"column":9}},{"start":{},"end":{}}],"line":55},"2":{"loc":{"start":{"line":73,"column":8},"end":{"line":75,"column":9}},"type":"if","locations":[{"start":{"line":73,"column":8},"end":{"line":75,"column":9}},{"start":{},"end":{}}],"line":73},"3":{"loc":{"start":{"line":97,"column":38},"end":{"line":97,"column":116}},"type":"cond-expr","locations":[{"start":{"line":97,"column":76},"end":{"line":97,"column":108}},{"start":{"line":97,"column":111},"end":{"line":97,"column":116}}],"line":97},"4":{"loc":{"start":{"line":99,"column":50},"end":{"line":99,"column":132}},"type":"binary-expr","locations":[{"start":{"line":99,"column":50},"end":{"line":99,"column":85}},{"start":{"line":99,"column":89},"end":{"line":99,"column":132}}],"line":99},"5":{"loc":{"start":{"line":129,"column":8},"end":{"line":131,"column":9}},"type":"if","locations":[{"start":{"line":129,"column":8},"end":{"line":131,"column":9}},{"start":{},"end":{}}],"line":129}},"s":{"0":1,"1":1,"2":4,"3":1,"4":1,"5":28,"6":28,"7":28,"8":28,"9":28,"10":28,"11":28,"12":12,"13":12,"14":12,"15":12,"16":16,"17":16,"18":5,"19":5,"20":0,"21":5,"22":3,"23":3,"24":0,"25":3,"26":11,"27":11,"28":11,"29":76,"30":29,"31":1,"32":1,"33":2,"34":1,"35":1,"36":8,"37":1,"38":8,"39":4,"40":4},"f":{"0":4,"1":28,"2":28,"3":5,"4":3,"5":11,"6":76,"7":29,"8":1,"9":1,"10":2,"11":8,"12":1,"13":8,"14":4},"b":{"0":[12,16],"1":[0,5],"2":[0,3],"3":[1,10],"4":[76,71],"5":[1,1]},"inputSourceMap":{"0":"{","1":"\"","2":"v","3":"e","4":"r","5":"s","6":"i","7":"o","8":"n","9":"\"","10":":","11":"3","12":",","13":"\"","14":"s","15":"o","16":"u","17":"r","18":"c","19":"e","20":"s","21":"\"","22":":","23":"[","24":"\"","25":"/","26":"U","27":"s","28":"e","29":"r","30":"s","31":"/","32":"m","33":"o","34":"h","35":"a","36":"m","37":"e","38":"d","39":"l","40":"a","41":"m","42":"i","43":"n","44":"e","45":"a","46":"l","47":"l","48":"a","49":"l","50":"/","51":"r","52":"e","53":"p","54":"o","55":"s","56":"/","57":"s","58":"n","59":"a","60":"p","61":"/","62":"s","63":"r","64":"c","65":"/","66":"S","67":"n","68":"a","69":"p","70":"m","71":"a","72":"n","73":"/","74":"i","75":"n","76":"d","77":"e","78":"x","79":".","80":"t","81":"s","82":"\"","83":"]","84":",","85":"\"","86":"s","87":"o","88":"u","89":"r","90":"c","91":"e","92":"s","93":"C","94":"o","95":"n","96":"t","97":"e","98":"n","99":"t","100":"\"","101":":","102":"[","103":"\"","104":"i","105":"m","106":"p","107":"o","108":"r","109":"t","110":" ","111":"{","112":" ","113":"S","114":"n","115":"a","116":"p","117":" ","118":"}","119":" ","120":"f","121":"r","122":"o","123":"m","124":" ","125":"'","126":"/","127":"S","128":"n","129":"a","130":"p","131":"/","132":"i","133":"n","134":"d","135":"e","136":"x","137":".","138":"j","139":"s","140":"'","141":";","142":"\\","143":"n","144":"i","145":"m","146":"p","147":"o","148":"r","149":"t","150":" ","151":"{","152":" ","153":"l","154":"a","155":"s","156":"t","157":" ","158":"}","159":" ","160":"f","161":"r","162":"o","163":"m","164":" ","165":"'","166":"/","167":"U","168":"t","169":"i","170":"l","171":"s","172":"/","173":"h","174":"e","175":"l","176":"p","177":"e","178":"r","179":"s","180":".","181":"j","182":"s","183":"'","184":";","185":"\\","186":"n","187":"\\","188":"n","189":"i","190":"n","191":"t","192":"e","193":"r","194":"f","195":"a","196":"c","197":"e","198":" ","199":"I","200":"S","201":"n","202":"a","203":"p","204":"D","205":"a","206":"t","207":"a","208":" ","209":"{","210":"\\","211":"n","212":" ","213":" ","214":"s","215":"n","216":"a","217":"p","218":"s","219":":","220":" ","221":"S","222":"n","223":"a","224":"p","225":"[","226":"]","227":";","228":"\\","229":"n","230":"}","231":"\\","232":"n","233":"\\","234":"n","235":"/","236":"*","237":"*","238":"\\","239":"n","240":" ","241":"*","242":" ","243":"S","244":"n","245":"a","246":"p","247":" ","248":"m","249":"a","250":"n","251":"a","252":"g","253":"e","254":"r","255":"\\","256":"n","257":" ","258":"*","259":" ","260":"A","261":"l","262":"l","263":"o","264":"w","265":" ","266":"t","267":"a","268":"k","269":"i","270":"n","271":"g","272":" ","273":"s","274":"n","275":"a","276":"p","277":"s","278":"h","279":"o","280":"t","281":"s","282":" ","283":"a","284":"n","285":"d","286":" ","287":"t","288":"r","289":"a","290":"c","291":"k","292":" ","293":"t","294":"h","295":"e","296":"m","297":" ","298":"o","299":"n","300":" ","301":"a","302":" ","303":"t","304":"i","305":"m","306":"e","307":"l","308":"i","309":"n","310":"e","311":" ","312":"a","313":"n","314":"d","315":"\\","316":"n","317":" ","318":"*","319":" ","320":"p","321":"r","322":"o","323":"v","324":"i","325":"d","326":"e","327":" ","328":"d","329":"i","330":"f","331":"f","332":"e","333":"r","334":"e","335":"n","336":"t","337":" ","338":"w","339":"a","340":"y","341":" ","342":"t","343":"o","344":" ","345":"a","346":"c","347":"c","348":"e","349":"s","350":"s","351":" ","352":"a","353":"n","354":"d","355":" ","356":"n","357":"a","358":"v","359":"i","360":"g","361":"a","362":"t","363":"e","364":" ","365":"t","366":"h","367":"e","368":" ","369":"s","370":"n","371":"a","372":"p","373":"s","374":"h","375":"o","376":"t","377":"s","378":".","379":"\\","380":"n","381":" ","382":"*","383":" ","384":"W","385":"i","386":"t","387":"h","388":" ","389":"a","390":" ","391":"C","392":"o","393":"n","394":"c","395":"i","396":"s","397":"e","398":" ","399":"A","400":"P","401":"I","402":"\\","403":"n","404":" ","405":"*","406":"/","407":"\\","408":"n","409":"/","410":"/","411":" ","412":"e","413":"s","414":"l","415":"i","416":"n","417":"t","418":"-","419":"d","420":"i","421":"s","422":"a","423":"b","424":"l","425":"e","426":"-","427":"n","428":"e","429":"x","430":"t","431":"-","432":"l","433":"i","434":"n","435":"e","436":" ","437":"@","438":"t","439":"y","440":"p","441":"e","442":"s","443":"c","444":"r","445":"i","446":"p","447":"t","448":"-","449":"e","450":"s","451":"l","452":"i","453":"n","454":"t","455":"/","456":"n","457":"o","458":"-","459":"e","460":"x","461":"p","462":"l","463":"i","464":"c","465":"i","466":"t","467":"-","468":"a","469":"n","470":"y","471":"\\","472":"n","473":"e","474":"x","475":"p","476":"o","477":"r","478":"t","479":" ","480":"c","481":"l","482":"a","483":"s","484":"s","485":" ","486":"S","487":"n","488":"a","489":"p","490":"m","491":"a","492":"n","493":"<","494":"T","495":"M","496":"a","497":"p","498":"D","499":"e","500":"f","501":" ","502":"e","503":"x","504":"t","505":"e","506":"n","507":"d","508":"s","509":" ","510":"R","511":"e","512":"c","513":"o","514":"r","515":"d","516":"<","517":"s","518":"t","519":"r","520":"i","521":"n","522":"g","523":",","524":" ","525":"a","526":"n","527":"y","528":">","529":" ","530":"=","531":" ","532":"a","533":"n","534":"y","535":">","536":" ","537":"{","538":"\\","539":"n","540":" ","541":" ","542":"p","543":"r","544":"i","545":"v","546":"a","547":"t","548":"e","549":" ","550":"_","551":"s","552":"n","553":"a","554":"p","555":"s","556":"T","557":"i","558":"m","559":"e","560":"L","561":"i","562":"n","563":"e","564":":","565":" ","566":"S","567":"n","568":"a","569":"p","570":"[","571":"]","572":" ","573":"=","574":" ","575":"[","576":"]","577":";","578":"\\","579":"n","580":"\\","581":"n","582":" ","583":" ","584":"p","585":"r","586":"i","587":"v","588":"a","589":"t","590":"e","591":" ","592":"_","593":"s","594":"n","595":"a","596":"p","597":"s","598":"M","599":"a","600":"p","601":":","602":" ","603":"M","604":"a","605":"p","606":"<","607":"s","608":"t","609":"r","610":"i","611":"n","612":"g","613":",","614":" ","615":"I","616":"S","617":"n","618":"a","619":"p","620":"D","621":"a","622":"t","623":"a","624":">","625":" ","626":"=","627":" ","628":"n","629":"e","630":"w","631":" ","632":"M","633":"a","634":"p","635":"(","636":")","637":";","638":"\\","639":"n","640":"\\","641":"n","642":" ","643":" ","644":"/","645":"*","646":"*","647":"\\","648":"n","649":" ","650":" ","651":" ","652":"*","653":" ","654":"C","655":"r","656":"e","657":"a","658":"t","659":"e","660":" ","661":"a","662":" ","663":"s","664":"n","665":"a","666":"p","667":"s","668":"h","669":"o","670":"t","671":" ","672":"w","673":"i","674":"t","675":"h","676":" ","677":"i","678":"d","679":"\\","680":"n","681":" ","682":" ","683":" ","684":"*","685":" ","686":"(","687":"a","688":"l","689":"l","690":" ","691":"s","692":"n","693":"a","694":"p","695":"s","696":" ","697":"a","698":"r","699":"e","700":" ","701":"d","702":"e","703":"e","704":"p","705":" ","706":"c","707":"l","708":"o","709":"n","710":"e","711":"d","712":".","713":" ","714":"Y","715":"o","716":"u","717":" ","718":"n","719":"e","720":"v","721":"e","722":"r","723":" ","724":"t","725":"h","726":"i","727":"n","728":"k","729":" ","730":"a","731":"b","732":"o","733":"u","734":"t","735":" ","736":"r","737":"e","738":"f","739":"e","740":"r","741":"e","742":"n","743":"c","744":"e","745":"s","746":" ","747":"w","748":"h","749":"a","750":"t","751":" ","752":"a","753":"c","754":"c","755":"e","756":"s","757":"s","758":"i","759":"n","760":"g","761":" ","762":"t","763":"h","764":"e","765":"m","766":")","767":"\\","768":"n","769":" ","770":" ","771":" ","772":"*","773":" ","774":"S","775":"n","776":"a","777":"p","778":"s","779":" ","780":"a","781":"r","782":"e","783":" ","784":"a","785":"d","786":"d","787":"e","788":"d","789":" ","790":"t","791":"o","792":" ","793":"a","794":" ","795":"t","796":"i","797":"m","798":"e","799":"l","800":"i","801":"n","802":"e","803":" ","804":"a","805":"n","806":"d","807":" ","808":"c","809":"a","810":"n","811":" ","812":"b","813":"e","814":" ","815":"r","816":"e","817":"t","818":"r","819":"i","820":"e","821":"v","822":"e","823":"d","824":" ","825":"l","826":"a","827":"t","828":"e","829":"r","830":" ","831":"b","832":"y","833":" ","834":"i","835":"d","836":",","837":" ","838":"o","839":"r","840":" ","841":"b","842":"y","843":" ","844":"i","845":"n","846":"d","847":"e","848":"x","849":"\\","850":"n","851":" ","852":" ","853":" ","854":"*","855":" ","856":"a","857":"n","858":"d","859":" ","860":"b","861":"y","862":" ","863":"u","864":"s","865":"i","866":"n","867":"g","868":" ","869":"S","870":"n","871":"a","872":"p","873":".","874":"n","875":"e","876":"x","877":"t","878":"(","879":")","880":" ","881":"S","882":"n","883":"a","884":"p","885":".","886":"p","887":"r","888":"e","889":"v","890":"(","891":")","892":" ","893":"c","894":"a","895":"l","896":"l","897":"s","898":" ","899":"a","900":"s","901":" ","902":"w","903":"e","904":"l","905":"l","906":".","907":"\\","908":"n","909":" ","910":" ","911":" ","912":"*","913":" ","914":"@","915":"p","916":"a","917":"r","918":"a","919":"m","920":" ","921":"i","922":"d","923":" ","924":"s","925":"n","926":"a","927":"p","928":" ","929":"i","930":"d","931":"\\","932":"n","933":" ","934":" ","935":" ","936":"*","937":" ","938":"@","939":"p","940":"a","941":"r","942":"a","943":"m","944":" ","945":"v","946":"a","947":"l","948":" ","949":"s","950":"n","951":"a","952":"p","953":" ","954":"d","955":"e","956":"e","957":"p","958":" ","959":"c","960":"l","961":"o","962":"n","963":"e","964":"d","965":" ","966":"v","967":"a","968":"l","969":"u","970":"e","971":"\\","972":"n","973":" ","974":" ","975":" ","976":"*","977":" ","978":"@","979":"r","980":"e","981":"t","982":"u","983":"r","984":"n","985":"s","986":" ","987":"t","988":"h","989":"i","990":"s","991":"\\","992":"n","993":" ","994":" ","995":" ","996":"*","997":"/","998":"\\","999":"n","1000":" ","1001":" ","1002":"p","1003":"u","1004":"b","1005":"l","1006":"i","1007":"c","1008":" ","1009":"s","1010":"n","1011":"a","1012":"p","1013":"<","1014":"T","1015":"I","1016":"d","1017":" ","1018":"e","1019":"x","1020":"t","1021":"e","1022":"n","1023":"d","1024":"s","1025":" ","1026":"s","1027":"t","1028":"r","1029":"i","1030":"n","1031":"g","1032":">","1033":"(","1034":"i","1035":"d","1036":":","1037":" ","1038":"s","1039":"t","1040":"r","1041":"i","1042":"n","1043":"g","1044":",","1045":" ","1046":"v","1047":"a","1048":"l","1049":"?","1050":":","1051":" ","1052":"T","1053":"M","1054":"a","1055":"p","1056":"D","1057":"e","1058":"f","1059":"[","1060":"T","1061":"I","1062":"d","1063":"]","1064":")","1065":":","1066":" ","1067":"t","1068":"h","1069":"i","1070":"s","1071":" ","1072":"{","1073":"\\","1074":"n","1075":" ","1076":" ","1077":" ","1078":" ","1079":"c","1080":"o","1081":"n","1082":"s","1083":"t","1084":" ","1085":"s","1086":"n","1087":"a","1088":"p","1089":"D","1090":"a","1091":"t","1092":"a","1093":" ","1094":"=","1095":" ","1096":"t","1097":"h","1098":"i","1099":"s","1100":".","1101":"_","1102":"s","1103":"n","1104":"a","1105":"p","1106":"s","1107":"M","1108":"a","1109":"p","1110":".","1111":"g","1112":"e","1113":"t","1114":"(","1115":"i","1116":"d","1117":")","1118":";","1119":"\\","1120":"n","1121":"\\","1122":"n","1123":" ","1124":" ","1125":" ","1126":" ","1127":"c","1128":"o","1129":"n","1130":"s","1131":"t","1132":" ","1133":"_","1134":"a","1135":"d","1136":"d","1137":"S","1138":"n","1139":"a","1140":"p","1141":"T","1142":"o","1143":"M","1144":"a","1145":"p","1146":"A","1147":"n","1148":"d","1149":"T","1150":"i","1151":"m","1152":"e","1153":"L","1154":"i","1155":"n","1156":"e","1157":" ","1158":"=","1159":" ","1160":"(","1161":"s","1162":"n","1163":"a","1164":"p","1165":"I","1166":"d","1167":":","1168":" ","1169":"s","1170":"t","1171":"r","1172":"i","1173":"n","1174":"g","1175":")","1176":" ","1177":"=","1178":">","1179":" ","1180":"{","1181":"\\","1182":"n","1183":" ","1184":" ","1185":" ","1186":" ","1187":" ","1188":" ","1189":"c","1190":"o","1191":"n","1192":"s","1193":"t","1194":" ","1195":"s","1196":"n","1197":"a","1198":"p","1199":" ","1200":"=","1201":" ","1202":"n","1203":"e","1204":"w","1205":" ","1206":"S","1207":"n","1208":"a","1209":"p","1210":"(","1211":"{","1212":"\\","1213":"n","1214":" ","1215":" ","1216":" ","1217":" ","1218":" ","1219":" ","1220":" ","1221":" ","1222":"i","1223":"d","1224":":","1225":" ","1226":"s","1227":"n","1228":"a","1229":"p","1230":"I","1231":"d","1232":",","1233":"\\","1234":"n","1235":" ","1236":" ","1237":" ","1238":" ","1239":" ","1240":" ","1241":" ","1242":" ","1243":"t","1244":"i","1245":"m","1246":"e","1247":"l","1248":"i","1249":"n","1250":"e","1251":"I","1252":"n","1253":"d","1254":"e","1255":"x","1256":":","1257":" ","1258":"t","1259":"h","1260":"i","1261":"s","1262":".","1263":"_","1264":"s","1265":"n","1266":"a","1267":"p","1268":"s","1269":"T","1270":"i","1271":"m","1272":"e","1273":"L","1274":"i","1275":"n","1276":"e","1277":".","1278":"l","1279":"e","1280":"n","1281":"g","1282":"t","1283":"h","1284":",","1285":"\\","1286":"n","1287":" ","1288":" ","1289":" ","1290":" ","1291":" ","1292":" ","1293":" ","1294":" ","1295":"v","1296":"a","1297":"l","1298":",","1299":"\\","1300":"n","1301":" ","1302":" ","1303":" ","1304":" ","1305":" ","1306":" ","1307":" ","1308":" ","1309":"s","1310":"n","1311":"a","1312":"p","1313":"m","1314":"a","1315":"n","1316":":","1317":" ","1318":"t","1319":"h","1320":"i","1321":"s","1322":",","1323":"\\","1324":"n","1325":" ","1326":" ","1327":" ","1328":" ","1329":" ","1330":" ","1331":"}","1332":")","1333":";","1334":"\\","1335":"n","1336":" ","1337":" ","1338":" ","1339":" ","1340":" ","1341":" ","1342":"t","1343":"h","1344":"i","1345":"s","1346":".","1347":"_","1348":"s","1349":"n","1350":"a","1351":"p","1352":"s","1353":"M","1354":"a","1355":"p","1356":".","1357":"s","1358":"e","1359":"t","1360":"(","1361":"s","1362":"n","1363":"a","1364":"p","1365":"I","1366":"d","1367":",","1368":" ","1369":"{","1370":"\\","1371":"n","1372":" ","1373":" ","1374":" ","1375":" ","1376":" ","1377":" ","1378":" ","1379":" ","1380":"s","1381":"n","1382":"a","1383":"p","1384":"s","1385":":","1386":" ","1387":"[","1388":"s","1389":"n","1390":"a","1391":"p","1392":"]","1393":",","1394":"\\","1395":"n","1396":" ","1397":" ","1398":" ","1399":" ","1400":" ","1401":" ","1402":"}","1403":")","1404":";","1405":"\\","1406":"n","1407":" ","1408":" ","1409":" ","1410":" ","1411":" ","1412":" ","1413":"t","1414":"h","1415":"i","1416":"s","1417":".","1418":"_","1419":"s","1420":"n","1421":"a","1422":"p","1423":"s","1424":"T","1425":"i","1426":"m","1427":"e","1428":"L","1429":"i","1430":"n","1431":"e","1432":".","1433":"p","1434":"u","1435":"s","1436":"h","1437":"(","1438":"s","1439":"n","1440":"a","1441":"p","1442":")","1443":";","1444":"\\","1445":"n","1446":" ","1447":" ","1448":" ","1449":" ","1450":" ","1451":" ","1452":"r","1453":"e","1454":"t","1455":"u","1456":"r","1457":"n","1458":" ","1459":"s","1460":"n","1461":"a","1462":"p","1463":";","1464":"\\","1465":"n","1466":" ","1467":" ","1468":" ","1469":" ","1470":"}","1471":";","1472":"\\","1473":"n","1474":"\\","1475":"n","1476":" ","1477":" ","1478":" ","1479":" ","1480":"i","1481":"f","1482":" ","1483":"(","1484":"s","1485":"n","1486":"a","1487":"p","1488":"D","1489":"a","1490":"t","1491":"a","1492":")","1493":" ","1494":"{","1495":"\\","1496":"n","1497":" ","1498":" ","1499":" ","1500":" ","1501":" ","1502":" ","1503":"c","1504":"o","1505":"n","1506":"s","1507":"t","1508":" ","1509":"s","1510":"n","1511":"a","1512":"p","1513":"I","1514":"d","1515":" ","1516":"=","1517":" ","1518":"`","1519":"$","1520":"{","1521":"i","1522":"d","1523":"}","1524":":","1525":"$","1526":"{","1527":"s","1528":"n","1529":"a","1530":"p","1531":"D","1532":"a","1533":"t","1534":"a","1535":".","1536":"s","1537":"n","1538":"a","1539":"p","1540":"s","1541":".","1542":"l","1543":"e","1544":"n","1545":"g","1546":"t","1547":"h","1548":" ","1549":"+","1550":" ","1551":"1","1552":"}","1553":"`","1554":";","1555":"\\","1556":"n","1557":" ","1558":" ","1559":" ","1560":" ","1561":" ","1562":" ","1563":"c","1564":"o","1565":"n","1566":"s","1567":"t","1568":" ","1569":"s","1570":"n","1571":"a","1572":"p","1573":" ","1574":"=","1575":" ","1576":"_","1577":"a","1578":"d","1579":"d","1580":"S","1581":"n","1582":"a","1583":"p","1584":"T","1585":"o","1586":"M","1587":"a","1588":"p","1589":"A","1590":"n","1591":"d","1592":"T","1593":"i","1594":"m","1595":"e","1596":"L","1597":"i","1598":"n","1599":"e","1600":"(","1601":"s","1602":"n","1603":"a","1604":"p","1605":"I","1606":"d","1607":")","1608":";","1609":"\\","1610":"n","1611":" ","1612":" ","1613":" ","1614":" ","1615":" ","1616":" ","1617":"s","1618":"n","1619":"a","1620":"p","1621":"D","1622":"a","1623":"t","1624":"a","1625":".","1626":"s","1627":"n","1628":"a","1629":"p","1630":"s","1631":".","1632
[...]
,"7113":"C","7114":"A","7115":"A","7116":"C","7117":",","7118":"E","7119":"A","7120":"A","7121":"E","7122":";","7123":"I","7124":"A","7125":"C","7126":"1","7127":"B","7128":";","7129":"I","7130":"A","7131":"E","7132":"A","7133":";","7134":";","7135":";","7136":";","7137":";","7138":";","7139":";","7140":";","7141":";","7142":";","7143":";","7144":"G","7145":"A","7146":"W","7147":"C","7148":",","7149":"G","7150":"A","7151":"C","7152":"D","7153":",","7154":"A","7155":"A","7156":"A","7157":"O","7158":"I","7159":",","7160":"a","7161":"A","7162":"A","7163":"i","7164":"C","7165":"j","7166":"B","7167":",","7168":"E","7169":"A","7170":"A","7171":"O","7172":",","7173":"E","7174":"A","7175":"A","7176":"w","7177":"B","7178":";","7179":"Q","7180":"A","7181":"C","7182":"r","7183":"E","7184":",","7185":"M","7186":"A","7187":"A","7188":"M","7189":"E","7190":",","7191":"W","7192":"A","7193":"A","7194":"W","7195":",","7196":"I","7197":"A","7198":"A","7199":"I","7200":",","7201":"C","7202":"A","7203":"A","7204":"C","7205":"C","7206":",","7207":"S","7208":"A","7209":"A","7210":"S","7211":",","7212":"C","7213":"A","7214":"A","7215":"C","7216":"C","7217":",","7218":"G","7219":"A","7220":"A","7221":"G","7222":",","7223":"C","7224":"A","7225":"A","7226":"C","7227":"J","7228":";","7229":"Q","7230":"A","7231":"E","7232":"p","7233":"C","7234":",","7235":"I","7236":"A","7237":"A","7238":"I","7239":",","7240":"C","7241":"A","7242":"A","7243":"C","7244":"E","7245":",","7246":"U","7247":"A","7248":"A","7249":"U","7250":";","7251":"Y","7252":"A","7253":"C","7254":"b","7255":",","7256":"M","7257":"A","7258":"A","7259":"M","7260":",","7261":"I","7262":"A","7263":"A","7264":"I","7265":"c","7266":",","7267":"M","7268":"A","7269":"A","7270":"M","7271":",","7272":"C","7273":"A","7274":"A","7275":"C","7276":",","7277":"i","7278":"B","7279":"A","7280":"A","7281":"i","7282":"B","7283":",","7284":"E","7285":"A","7286":"A","7287":"E","7288":"h","7289":"B","7290":",","7291":"G","7292":"A","7293":"A","7294":"G","7295":",","7296":"Q","7297":"A","7298":"A","7299":"Q","7300":",","7301":"C","7302":"A","7303":"A","7304":"C","7305":",","7306":"E","7307":"A","7308":"A","7309":"E","7310":";","7311":"Q","7312":"A","7313":"C","7314":"p","7315":"D","7316":",","7317":"C","7318":"A","7319":"A","7320":"C","7321":";","7322":"Q","7323":"A","7324":"E","7325":"D","7326":",","7327":"O","7328":"A","7329":"A","7330":"O","7331":"E","7332":",","7333":"S","7334":"A","7335":"A","7336":"S","7337":"W","7338":",","7339":"K","7340":"A","7341":"A","7342":"K","7343":";","7344":"I","7345":"A","7346":"C","7347":"v","7348":"B","7349":";","7350":"I","7351":"A","7352":"E","7353":"A","7354":";","7355":";","7356":";","7357":";","7358":";","7359":";","7360":";","7361":";","7362":";","7363":";","7364":";","7365":";","7366":";","7367":";","7368":";","7369":";","7370":";","7371":";","7372":"G","7373":"A","7374":"k","7375":"B","7376":"C","7377":",","7378":"G","7379":"A","7380":"C","7381":"D","7382":",","7383":"A","7384":"A","7385":"A","7386":"O","7387":"K","7388":",","7389":"S","7390":"A","7391":"A","7392":"S","7393":"C","7394":",","7395":"K","7396":"A","7397":"A","7398":"a","7399":",","7400":"E","7401":"A","7402":"A","7403":"U","7404":";","7405":"Q","7406":"A","7407":"C","7408":"r","7409":"C","7410":",","7411":"M","7412":"A","7413":"A","7414":"M","7415":"C","7416":",","7417":"w","7418":"B","7419":"A","7420":"C","7421":"J","7422":"C","7423":",","7424":"I","7425":"A","7426":"A","7427":"A","7428":"A","7429":",","7430":"e","7431":"A","7432":"A","7433":"I","7434":",","7435":"E","7436":"A","7437":"A","7438":"C","7439":"F","7440":",","7441":"W","7442":"A","7443":"A","7444":"W","7445":",","7446":"M","7447":"A","7448":"A","7449":"M","7450":"A","7451":",","7452":"M","7453":"A","7454":"A","7455":"M","7456":"G","7457":",","7458":"K","7459":"A","7460":"A","7461":"K","7462":",","7463":"C","7464":"A","7465":"A","7466":"C","7467":",","7468":"G","7469":"A","7470":"A","7471":"G","7472":"H","7473":",","7474":"M","7475":"A","7476":"A","7477":"M","7478":"T","7479":",","7480":"M","7481":"A","7482":"A","7483":"M","7484":",","7485":"G","7486":"A","7487":"A","7488":"G","7489":",","7490":"K","7491":"A","7492":"A","7493":"K","7494":"S","7495":",","7496":"K","7497":"A","7498":"A","7499":"K","7500":";","7501":"Q","7502":"A","7503":"C","7504":"h","7505":"E","7506":",","7507":"M","7508":"A","7509":"A","7510":"M","7511":"I","7512":",","7513":"q","7514":"B","7515":"A","7516":"A","7517":"q","7518":"B","7519":",","7520":"C","7521":"A","7522":"A","7523":"C","7524":",","7525":"E","7526":"A","7527":"A","7528":"E","7529":"H","7530":",","7531":"s","7532":"B","7533":"A","7534":"A","7535":"s","7536":"B","7537":",","7538":"C","7539":"A","7540":"A","7541":"C","7542":",","7543":"C","7544":"A","7545":"A","7546":"C","7547":";","7548":"Q","7549":"A","7550":"E","7551":"t","7552":"D","7553":",","7554":"O","7555":"A","7556":"A","7557":"O","7558":",","7559":"I","7560":"A","7561":"A","7562":"I","7563":",","7564":"C","7565":"A","7566":"A","7567":"C","7568":"X","7569":",","7570":"c","7571":"A","7572":"A","7573":"c","7574":",","7575":"C","7576":"A","7577":"A","7578":"C","7579":"e","7580":",","7581":"M","7582":"A","7583":"A","7584":"M","7585":",","7586":"C","7587":"A","7588":"C","7589":"/","7590":"B","7591":",","7592":"C","7593":"A","7594":"A","7595":"C","7596":"z","7597":"B","7598":",","7599":"O","7600":"A","7601":"C","7602":"C","7603":"A","7604":",","7605":"K","7606":"A","7607":"A","7608":"K","7609":"C","7610":",","7611":"E","7612":"A","7613":"A","7614":"E","7615":",","7616":"O","7617":"A","7618":"A","7619":"O","7620":"o","7621":"B","7622":",","7623":"y","7624":"B","7625":"A","7626":"C","7627":"d","7628":"r","7629":"B","7630":",","7631":"K","7632":"A","7633":"A","7634":"K","7635":"C","7636":",","7637":"E","7638":"A","7639":"A","7640":"E","7641":",","7642":"G","7643":"A","7644":"A","7645":"G","7646":"y","7647":"B","7648":",","7649":"O","7650":"A","7651":"A","7652":"O","7653":",","7654":"C","7655":"A","7656":"A","7657":"C","7658":"F","7659":",","7660":"w","7661":"B","7662":"A","7663":"A","7664":"w","7665":"B","7666":";","7667":"I","7668":"A","7669":"E","7670":"h","7671":"D","7672":";","7673":"I","7674":"A","7675":"E","7676":"A","7677":";","7678":";","7679":";","7680":";","7681":";","7682":"G","7683":"A","7684":"K","7685":"C","7686":",","7687":"G","7688":"A","7689":"C","7690":"D","7691":",","7692":"A","7693":"A","7694":"A","7695":"O","7696":"G","7697":",","7698":"e","7699":"A","7700":"A","7701":"w","7702":"B","7703":"C","7704":",","7705":"K","7706":"A","7707":"A","7708":"a","7709":",","7710":"E","7711":"A","7712":"A","7713":"W","7714":";","7715":"Q","7716":"A","7717":"C","7718":"r","7719":"D","7720":",","7721":"O","7722":"A","7723":"A","7724":"O","7725":",","7726":"I","7727":"A","7728":"A","7729":"I","7730":",","7731":"C","7732":"A","7733":"A","7734":"C","7735":"l","7736":"B","7737":",","7738":"c","7739":"A","7740":"A","7741":"c","7742":",","7743":"C","7744":"A","7745":"A","7746":"C","7747":"k","7748":"B","7749":",","7750":"M","7751":"A","7752":"A","7753":"M","7754":";","7755":"I","7756":"A","7757":"C","7758":"n","7759":"C","7760":";","7761":"I","7762":"A","7763":"E","7764":"A","7765":";","7766":";","7767":";","7768":";","7769":";","7770":";","7771":"G","7772":"A","7773":"M","7774":"C","7775":",","7776":"G","7777":"A","7778":"C","7779":"D","7780":",","7781":"A","7782":"A","7783":"A","7784":"O","7785":"C","7786":",","7787":"k","7788":"B","7789":"A","7790":"A","7791":"s","7792":"C","7793":";","7794":"Q","7795":"A","7796":"C","7797":"3","7798":"C","7799":",","7800":"O","7801":"A","7802":"A","7803":"O","7804":",","7805":"I","7806":"A","7807":"A","7808":"I","7809":",","7810":"C","7811":"A","7812":"A","7813":"C","7814":"n","7815":"B","7816":",","7817":"c","7818":"A","7819":"A","7820":"c","7821":";","7822":"I","7823":"A","7824":"C","7825":"5","7826":"B","7827":";","7828":"I","7829":"A","7830":"E","7831":"A","7832":";","7833":";","7834":";","7835":"G","7836":"A","7837":"G","7838":"C","7839":",","7840":"G","7841":"A","7842":"C","7843":"D","7844":",","7845":"A","7846":"A","7847":"A","7848":"O","7849":"o","7850":"B","7851":",","7852":"g","7853":"B","7854":"A","7855":"A","7856":"w","7857":"B","7858":";","7859":"Q","7860":"A","7861":"C","7862":"7","7863":"B","7864":",","7865":"O","7866":"A","7867":"A","7868":"O","7869":",","7870":"I","7871":"A","7872":"A","7873":"I","7874":",","7875":"C","7876":"A","7877":"A","7878":"C","7879":"p","7880":"B","7881":",","7882":"c","7883":"A","7884":"A","7885":"c","7886":",","7887":"C","7888":"A","7889":"A","7890":"C","7891":"C","7892":",","7893":"M","7894":"A","7895":"A","7896":"M","7897":";","7898":"I","7899":"A","7900":"C","7901":"n","7902":"C","7903":";","7904":"I","7905":"A","7906":"E","7907":"A","7908":";","7909":";","7910":";","7911":";","7912":"G","7913":"A","7914":"I","7915":"C","7916":",","7917":"G","7918":"A","7919":"C","7920":"D","7921":",","7922":"A","7923":"A","7924":"A","7925":"O","7926":"o","7927":"B","7928":",","7929":"Y","7930":"A","7931":"A","7932":"Y","7933":"X","7934":",","7935":"K","7936":"A","7937":"A","7938":"s","7939":"B","7940":",","7941":"E","7942":"A","7943":"A","7944":"U","7945":";","7946":"Q","7947":"A","7948":"C","7949":"j","7950":"D","7951":",","7952":"I","7953":"A","7954":"A","7955":"I","7956":"A","7957":",","7958":"i","7959":"B","7960":"A","7961":"A","7962":"i","7963":"B","7964":"Y","7965":",","7966":"Q","7967":"A","7968":"A","7969":"Q","7970":";","7971":"Y","7972":"A","7973":"C","7974":"3","7975":"B","7976":",","7977":"O","7978":"A","7979":"A","7980":"O","7981":",","7982":"I","7983":"A","7984":"A","7985":"I","7986":",","7987":"C","7988":"A","7989":"A","7990":"C","7991":"C","7992":",","7993":"m","7994":"B","7995":"A","7996":"A","7997":"m","7998":"B","7999":",","8000":"C","8001":"A","8002":"A","8003":"C","8004":"b","8005":";","8006":"Q","8007":"A","8008":"C","8009":"l","8010":"C","8011":",","8012":"C","8013":"A","8014":"A","8015":"C","8016":";","8017":"Q","8018":"A","8019":"C","8020":"D","8021":",","8022":"O","8023":"A","8024":"A","8025":"O","8026":",","8027":"I","8028":"A","8029":"A","8030":"I","8031":",","8032":"C","8033":"A","8034":"A","8035":"C","8036":"V","8037":",","8038":"c","8039":"A","8040":"A","8041":"c","8042":",","8043":"C","8044":"A","8045":"A","8046":"C","8047":"e","8048":",","8049":"M","8050":"A","8051":"A","8052":"M","8053":",","8054":"C","8055":"A","8056":"A","8057":"C","8058":",","8059":"C","8060":"A","8061":"A","8062":"C","8063":"z","8064":"B","8065":",","8066":"O","8067":"A","8068":"A","8069":"S","8070":"A","8071":",","8072":"K","8073":"A","8074":"A","8075":"K","8076":"C","8077":",","8078":"E","8079":"A","8080":"A","8081":"E","8082":",","8083":"G","8084":"A","8085":"A","8086":"G","8087":"y","8088":"B","8089":",","8090":"O","8091":"A","8092":"A","8093":"O","8094":",","8095":"C","8096":"A","8097":"A","8098":"C","8099":"N","8100":",","8101":"S","8102":"A","8103":"A","8104":"S","8105":",","8106":"C","8107":"A","8108":"A","8109":"C","8110":";","8111":"I","8112":"A","8113":"C","8114":"1","8115":"E","8116":";","8117":"I","8118":"A","8119":"E","8120":"Q","8121":"a","8122":",","8123":"o","8124":"B","8125":"A","8126":"A","8127":"o","8128":"B","8129":"C","8130":",","8131":"K","8132":"A","8133":"A","8134":"a","8135":",","8136":"E","8137":"A","8138":"A","8139":"U","8140":";","8141":"Q","8142":"A","8143":"C","8144":"j","8145":"D","8146":",","8147":"O","8148":"A","8149":"A","8150":"O","8151":",","8152":"I","8153":"A","8154":"A","8155":"I","8156":",","8157":"C","8158":"A","8159":"A","8160":"C","8161":"x","8162":"B","8163":",","8164":"c","8165":"A","8166":"A","8167":"c","8168":",","8169":"C","8170":"A","8171":"A","8172":"C","8173":"e","8174":",","8175":"M","8176":"A","8177":"A","8178":"M","8179":",","8180":"C","8181":"A","8182":"A","8183":"C","8184":",","8185":"C","8186":"A","8187":"A","8188":"C","8189":"z","8190":"B","8191":",","8192":"O","8193":"A","8194":"A","8195":"S","8196":"k","8197":"C","8198":",","8199":"M","8200":"A","8201":"A","8202":"M","8203":"C","8204":",","8205":"I","8206":"A","8207":"A","8208":"I","8209":",","8210":"C","8211":"A","8212":"A","8213":"C","8214":"n","8215":"C","8216":",","8217":"K","8218":"A","8219":"A","8220":"K","8221":"C","8222":",","8223":"E","8224":"A","8225":"A","8226":"E","8227":";","8228":"I","8229":"A","8230":"C","8231":"h","8232":"E","8233":";","8234":";","8235":"a","8236":"A","8237":"5","8238":"J","8239":"Q","8240":"S","8241":",","8242":"i","8243":"B","8244":"A","8245":"A","8246":"y","8247":"B","8248":",","8249":"E","8250":"A","8251":"A","8252":"E","8253":";","8254":"a","8255":"A","8256":"E","8257":"3","8258":"B","8259":"N","8260":",","8261":"Y","8262":"A","8263":"A","8264":"o","8265":"C","8266":",","8267":"I","8268":"A","8269":"A","8270":"I","8271":"g","8272":"C","8273":";","8274":";","8275":"A","8276":"A","8277":"2","8278":"J","8279":"l","8280":"D","8281":"\"","8282":"}"},"_coverageSchema":"1a1c01bbd47fc00a2c39e90264f33305004495a9","hash":"3436624e34a53051c492142eb6e5293fc908d636"}
,"/Users/mohamedlamineallal/repos/snap/src/Utils/helpers.ts": {"path":"/Users/mohamedlamineallal/repos/snap/src/Utils/helpers.ts","statementMap":{"0":{"start":{"line":2,"column":0},"end":{"line":4,"column":3}},"1":{"start":{"line":6,"column":4},"end":{"line":9,"column":7}},"2":{"start":{"line":6,"column":24},"end":{"line":9,"column":7}},"3":{"start":{"line":11,"column":0},"end":{"line":14,"column":3}},"4":{"start":{"line":12,"column":15},"end":{"line":12,"column":39}},"5":{"start":{"line":13,"column":14},"end":{"line":13,"column":18}},"6":{"start":{"line":15,"column":39},"end":{"line":15,"column":90}},"7":{"start":{"line":17,"column":4},"end":{"line":19,"column":6}},"8":{"start":{"line":22,"column":4},"end":{"line":22,"column":35}}},"fnMap":{"0":{"name":"_export","decl":{"start":{"line":5,"column":9},"end":{"line":5,"column":16}},"loc":{"start":{"line":5,"column":30},"end":{"line":10,"column":1}},"line":5},"1":{"name":"(anonymous_1)","decl":{"start":{"line":12,"column":11},"end":{"line":12,"column":12}},"loc":{"start":{"line":12,"column":15},"end":{"line":12,"column":39}},"line":12},"2":{"name":"(anonymous_2)","decl":{"start":{"line":13,"column":10},"end":{"line":13,"column":11}},"loc":{"start":{"line":13,"column":14},"end":{"line":13,"column":18}},"line":13},"3":{"name":"_interopRequireDefault","decl":{"start":{"line":16,"column":9},"end":{"line":16,"column":31}},"loc":{"start":{"line":16,"column":37},"end":{"line":20,"column":1}},"line":16},"4":{"name":"last","decl":{"start":{"line":21,"column":9},"end":{"line":21,"column":13}},"loc":{"start":{"line":21,"column":21},"end":{"line":23,"column":1}},"line":21}},"branchMap":{"0":{"loc":{"start":{"line":17,"column":11},"end":{"line":19,"column":5}},"type":"cond-expr","locations":[{"start":{"line":17,"column":35},"end":{"line":17,"column":38}},{"start":{"line":17,"column":41},"end":{"line":19,"column":5}}],"line":17},"1":{"loc":{"start":{"line":17,"column":11},"end":{"line":17,"column":32}},"type":"binary-expr","locations":[{"start":{"line":17,"column":11},"end":{"line":17,"column":14}},{"start":{"line":17,"column":18},"end":{"line":17,"column":32}}],"line":17}},"s":{"0":1,"1":1,"2":2,"3":1,"4":28,"5":12,"6":1,"7":1,"8":12},"f":{"0":1,"1":28,"2":12,"3":1,"4":12},"b":{"0":[0,1],"1":[1,1]},"inputSourceMap":{"0":"{","1":"\"","2":"v","3":"e","4":"r","5":"s","6":"i","7":"o","8":"n","9":"\"","10":":","11":"3","12":",","13":"\"","14":"s","15":"o","16":"u","17":"r","18":"c","19":"e","20":"s","21":"\"","22":":","23":"[","24":"\"","25":"/","26":"U","27":"s","28":"e","29":"r","30":"s","31":"/","32":"m","33":"o","34":"h","35":"a","36":"m","37":"e","38":"d","39":"l","40":"a","41":"m","42":"i","43":"n","44":"e","45":"a","46":"l","47":"l","48":"a","49":"l","50":"/","51":"r","52":"e","53":"p","54":"o","55":"s","56":"/","57":"s","58":"n","59":"a","60":"p","61":"/","62":"s","63":"r","64":"c","65":"/","66":"U","67":"t","68":"i","69":"l","70":"s","71":"/","72":"h","73":"e","74":"l","75":"p","76":"e","77":"r","78":"s","79":".","80":"t","81":"s","82":"\"","83":"]","84":",","85":"\"","86":"s","87":"o","88":"u","89":"r","90":"c","91":"e","92":"s","93":"C","94":"o","95":"n","96":"t","97":"e","98":"n","99":"t","100":"\"","101":":","102":"[","103":"\"","104":"e","105":"x","106":"p","107":"o","108":"r","109":"t","110":" ","111":"{","112":" ","113":"d","114":"e","115":"f","116":"a","117":"u","118":"l","119":"t","120":" ","121":"a","122":"s","123":" ","124":"c","125":"l","126":"o","127":"n","128":"e","129":" ","130":"}","131":" ","132":"f","133":"r","134":"o","135":"m","136":" ","137":"'","138":"l","139":"o","140":"d","141":"a","142":"s","143":"h","144":".","145":"c","146":"l","147":"o","148":"n","149":"e","150":"d","151":"e","152":"e","153":"p","154":"'","155":";","156":"\\","157":"n","158":"\\","159":"n","160":"e","161":"x","162":"p","163":"o","164":"r","165":"t","166":" ","167":"f","168":"u","169":"n","170":"c","171":"t","172":"i","173":"o","174":"n","175":" ","176":"l","177":"a","178":"s","179":"t","180":"<","181":"T","182":" ","183":"e","184":"x","185":"t","186":"e","187":"n","188":"d","189":"s","190":" ","191":"A","192":"r","193":"r","194":"a","195":"y","196":"<","197":"a","198":"n","199":"y","200":">","201":" ","202":"|","203":" ","204":"s","205":"t","206":"r","207":"i","208":"n","209":"g","210":">","211":"(","212":"a","213":"r","214":"r","215":"a","216":"y","217":":","218":" ","219":"T","220":")","221":" ","222":"{","223":"\\","224":"n","225":" ","226":" ","227":"r","228":"e","229":"t","230":"u","231":"r","232":"n","233":" ","234":"a","235":"r","236":"r","237":"a","238":"y","239":"[","240":"a","241":"r","242":"r","243":"a","244":"y","245":".","246":"l","247":"e","248":"n","249":"g","250":"t","251":"h","252":" ","253":"-","254":" ","255":"1","256":"]","257":";","258":"\\","259":"n","260":"}","261":"\\","262":"n","263":"\"","264":"]","265":",","266":"\"","267":"n","268":"a","269":"m","270":"e","271":"s","272":"\"","273":":","274":"[","275":"\"","276":"c","277":"l","278":"o","279":"n","280":"e","281":"\"","282":",","283":"\"","284":"l","285":"a","286":"s","287":"t","288":"\"","289":",","290":"\"","291":"a","292":"r","293":"r","294":"a","295":"y","296":"\"","297":",","298":"\"","299":"l","300":"e","301":"n","302":"g","303":"t","304":"h","305":"\"","306":"]","307":",","308":"\"","309":"m","310":"a","311":"p","312":"p","313":"i","314":"n","315":"g","316":"s","317":"\"","318":":","319":"\"","320":"A","321":"A","322":"A","323":"A","324":";","325":";","326":";","327":";","328":";","329":";","330":";","331":";","332":";","333":";","334":";","335":"I","336":"A","337":"A","338":"o","339":"B","340":"A","341":",","342":"K","343":"A","344":"A","345":"K","346":",","347":"M","348":"A","349":"A","350":"L","351":"A","352":",","353":"w","354":"B","355":"A","356":"A","357":"K","358":";","359":"I","360":"A","361":"E","362":"T","363":"C","364":",","365":"I","366":"A","367":"A","368":"I","369":",","370":"M","371":"A","372":"A","373":"J","374":"A","375":";","376":";","377":"s","378":"E","379":"A","380":"F","381":"i","382":"B","383":";","384":";","385":";","386":";","387":";","388":";","389":"A","390":"A","391":"E","392":"1","393":"B","394":",","395":"S","396":"A","397":"A","398":"S","399":"A","400":",","401":"K","402":"A","403":"A","404":"o","405":"C","406":"C","407":",","408":"K","409":"A","410":"A","411":"Q","412":",","413":"E","414":"A","415":"A","416":"E","417":";","418":"I","419":"A","420":"C","421":"5","422":"D","423":",","424":"O","425":"A","426":"A","427":"O","428":"A","429":",","430":"K","431":"A","432":"A","433":"K","434":",","435":"C","436":"A","437":"A","438":"C","439":"A","440":",","441":"M","442":"A","443":"A","444":"M","445":"C","446":",","447":"M","448":"A","449":"A","450":"M","451":",","452":"G","453":"A","454":"A","455":"G","456":",","457":"E","458":"A","459":"A","460":"E","461":";","462":"A","463":"A","464":"C","465":"h","466":"C","467":"\"","468":"}"},"_coverageSchema":"1a1c01bbd47fc00a2c39e90264f33305004495a9","hash":"254a969da644b4c3dcd4de95cf797c59a00da73c"}
}
