{"/Users/mohamedlamineallal/repos/snap/src/Snap/index.ts": {"path":"/Users/mohamedlamineallal/repos/snap/src/Snap/index.ts","statementMap":{"0":{"start":{"line":2,"column":0},"end":{"line":4,"column":3}},"1":{"start":{"line":5,"column":0},"end":{"line":8,"column":3}},"2":{"start":{"line":7,"column":13},"end":{"line":7,"column":17}},"3":{"start":{"line":9,"column":19},"end":{"line":9,"column":49}},"4":{"start":{"line":15,"column":8},"end":{"line":15,"column":24}},"5":{"start":{"line":22,"column":8},"end":{"line":22,"column":28}},"6":{"start":{"line":29,"column":8},"end":{"line":29,"column":25}},"7":{"start":{"line":37,"column":8},"end":{"line":37,"column":29}},"8":{"start":{"line":43,"column":8},"end":{"line":43,"column":42}},"9":{"start":{"line":50,"column":8},"end":{"line":50,"column":39}},"10":{"start":{"line":60,"column":8},"end":{"line":62,"column":9}},"11":{"start":{"line":61,"column":12},"end":{"line":61,"column":76}},"12":{"start":{"line":63,"column":8},"end":{"line":63,"column":25}},"13":{"start":{"line":73,"column":8},"end":{"line":75,"column":9}},"14":{"start":{"line":74,"column":12},"end":{"line":74,"column":76}},"15":{"start":{"line":76,"column":8},"end":{"line":76,"column":25}},"16":{"start":{"line":79,"column":8},"end":{"line":79,"column":22}},"17":{"start":{"line":80,"column":8},"end":{"line":80,"column":44}},"18":{"start":{"line":81,"column":8},"end":{"line":81,"column":47}},"19":{"start":{"line":82,"column":8},"end":{"line":82,"column":32}}},"fnMap":{"0":{"name":"(anonymous_0)","decl":{"start":{"line":7,"column":9},"end":{"line":7,"column":10}},"loc":{"start":{"line":7,"column":13},"end":{"line":7,"column":17}},"line":7},"1":{"name":"(anonymous_1)","decl":{"start":{"line":14,"column":6},"end":{"line":14,"column":7}},"loc":{"start":{"line":14,"column":14},"end":{"line":16,"column":5}},"line":14},"2":{"name":"(anonymous_2)","decl":{"start":{"line":21,"column":6},"end":{"line":21,"column":7}},"loc":{"start":{"line":21,"column":11},"end":{"line":23,"column":5}},"line":21},"3":{"name":"(anonymous_3)","decl":{"start":{"line":28,"column":6},"end":{"line":28,"column":7}},"loc":{"start":{"line":28,"column":15},"end":{"line":30,"column":5}},"line":28},"4":{"name":"(anonymous_4)","decl":{"start":{"line":36,"column":6},"end":{"line":36,"column":7}},"loc":{"start":{"line":36,"column":12},"end":{"line":38,"column":5}},"line":36},"5":{"name":"(anonymous_5)","decl":{"start":{"line":42,"column":6},"end":{"line":42,"column":7}},"loc":{"start":{"line":42,"column":25},"end":{"line":44,"column":5}},"line":42},"6":{"name":"(anonymous_6)","decl":{"start":{"line":49,"column":6},"end":{"line":49,"column":7}},"loc":{"start":{"line":49,"column":15},"end":{"line":51,"column":5}},"line":49},"7":{"name":"(anonymous_7)","decl":{"start":{"line":59,"column":4},"end":{"line":59,"column":5}},"loc":{"start":{"line":59,"column":19},"end":{"line":64,"column":5}},"line":59},"8":{"name":"(anonymous_8)","decl":{"start":{"line":72,"column":4},"end":{"line":72,"column":5}},"loc":{"start":{"line":72,"column":23},"end":{"line":77,"column":5}},"line":72},"9":{"name":"(anonymous_9)","decl":{"start":{"line":78,"column":4},"end":{"line":78,"column":5}},"loc":{"start":{"line":78,"column":56},"end":{"line":83,"column":5}},"line":78}},"branchMap":{"0":{"loc":{"start":{"line":43,"column":15},"end":{"line":43,"column":41}},"type":"binary-expr","locations":[{"start":{"line":43,"column":15},"end":{"line":43,"column":34}},{"start":{"line":43,"column":38},"end":{"line":43,"column":41}}],"line":43},"1":{"loc":{"start":{"line":59,"column":9},"end":{"line":59,"column":17}},"type":"default-arg","locations":[{"start":{"line":59,"column":16},"end":{"line":59,"column":17}}],"line":59},"2":{"loc":{"start":{"line":60,"column":8},"end":{"line":62,"column":9}},"type":"if","locations":[{"start":{"line":60,"column":8},"end":{"line":62,"column":9}},{"start":{},"end":{}}],"line":60},"3":{"loc":{"start":{"line":72,"column":13},"end":{"line":72,"column":21}},"type":"default-arg","locations":[{"start":{"line":72,"column":20},"end":{"line":72,"column":21}}],"line":72},"4":{"loc":{"start":{"line":73,"column":8},"end":{"line":75,"column":9}},"type":"if","locations":[{"start":{"line":73,"column":8},"end":{"line":75,"column":9}},{"start":{},"end":{}}],"line":73}},"s":{"0":1,"1":1,"2":8,"3":1,"4":54,"5":53,"6":4,"7":2,"8":2,"9":1,"10":9,"11":9,"12":0,"13":6,"14":5,"15":1,"16":8,"17":8,"18":8,"19":8},"f":{"0":8,"1":54,"2":53,"3":4,"4":2,"5":2,"6":1,"7":9,"8":6,"9":8},"b":{"0":[2,0],"1":[8],"2":[9,0],"3":[6],"4":[5,1]},"inputSourceMap":{"0":"{","1":"\"","2":"v","3":"e","4":"r","5":"s","6":"i","7":"o","8":"n","9":"\"","10":":","11":"3","12":",","13":"\"","14":"s","15":"o","16":"u","17":"r","18":"c","19":"e","20":"s","21":"\"","22":":","23":"[","24":"\"","25":"/","26":"U","27":"s","28":"e","29":"r","30":"s","31":"/","32":"m","33":"o","34":"h","35":"a","36":"m","37":"e","38":"d","39":"l","40":"a","41":"m","42":"i","43":"n","44":"e","45":"a","46":"l","47":"l","48":"a","49":"l","50":"/","51":"r","52":"e","53":"p","54":"o","55":"s","56":"/","57":"s","58":"n","59":"a","60":"p","61":"/","62":"s","63":"r","64":"c","65":"/","66":"S","67":"n","68":"a","69":"p","70":"/","71":"i","72":"n","73":"d","74":"e","75":"x","76":".","77":"t","78":"s","79":"\"","80":"]","81":",","82":"\"","83":"s","84":"o","85":"u","86":"r","87":"c","88":"e","89":"s","90":"C","91":"o","92":"n","93":"t","94":"e","95":"n","96":"t","97":"\"","98":":","99":"[","100":"\"","101":"i","102":"m","103":"p","104":"o","105":"r","106":"t","107":" ","108":"{","109":" ","110":"c","111":"l","112":"o","113":"n","114":"e","115":" ","116":"}","117":" ","118":"f","119":"r","120":"o","121":"m","122":" ","123":"'","124":"/","125":"U","126":"t","127":"i","128":"l","129":"s","130":"/","131":"h","132":"e","133":"l","134":"p","135":"e","136":"r","137":"s","138":".","139":"j","140":"s","141":"'","142":";","143":"\\","144":"n","145":"i","146":"m","147":"p","148":"o","149":"r","150":"t","151":" ","152":"{","153":" ","154":"S","155":"n","156":"a","157":"p","158":"m","159":"a","160":"n","161":" ","162":"}","163":" ","164":"f","165":"r","166":"o","167":"m","168":" ","169":"'","170":"/","171":"S","172":"n","173":"a","174":"p","175":"m","176":"a","177":"n","178":"/","179":"i","180":"n","181":"d","182":"e","183":"x","184":".","185":"j","186":"s","187":"'","188":";","189":"\\","190":"n","191":"\\","192":"n","193":"/","194":"/","195":" ","196":"e","197":"s","198":"l","199":"i","200":"n","201":"t","202":"-","203":"d","204":"i","205":"s","206":"a","207":"b","208":"l","209":"e","210":"-","211":"n","212":"e","213":"x","214":"t","215":"-","216":"l","217":"i","218":"n","219":"e","220":" ","221":"@","222":"t","223":"y","224":"p","225":"e","226":"s","227":"c","228":"r","229":"i","230":"p","231":"t","232":"-","233":"e","234":"s","235":"l","236":"i","237":"n","238":"t","239":"/","240":"n","241":"o","242":"-","243":"e","244":"x","245":"p","246":"l","247":"i","248":"c","249":"i","250":"t","251":"-","252":"a","253":"n","254":"y","255":"\\","256":"n","257":"i","258":"n","259":"t","260":"e","261":"r","262":"f","263":"a","264":"c","265":"e","266":" ","267":"I","268":"P","269":"r","270":"o","271":"p","272":"s","273":"<","274":"T","275":"V","276":"a","277":"l","278":" ","279":"=","280":" ","281":"a","282":"n","283":"y","284":",","285":" ","286":"T","287":"M","288":"a","289":"p","290":"D","291":"e","292":"f","293":" ","294":"e","295":"x","296":"t","297":"e","298":"n","299":"d","300":"s","301":" ","302":"R","303":"e","304":"c","305":"o","306":"r","307":"d","308":"<","309":"s","310":"t","311":"r","312":"i","313":"n","314":"g","315":",","316":" ","317":"a","318":"n","319":"y","320":">","321":" ","322":"=","323":" ","324":"a","325":"n","326":"y","327":">","328":" ","329":"{","330":"\\","331":"n","332":" ","333":" ","334":"i","335":"d","336":":","337":" ","338":"s","339":"t","340":"r","341":"i","342":"n","343":"g","344":";","345":"\\","346":"n","347":" ","348":" ","349":"t","350":"i","351":"m","352":"e","353":"l","354":"i","355":"n","356":"e","357":"I","358":"n","359":"d","360":"e","361":"x","362":":","363":" ","364":"n","365":"u","366":"m","367":"b","368":"e","369":"r","370":";","371":"\\","372":"n","373":" ","374":" ","375":"v","376":"a","377":"l","378":":","379":" ","380":"T","381":"V","382":"a","383":"l","384":";","385":"\\","386":"n","387":" ","388":" ","389":"s","390":"n","391":"a","392":"p","393":"m","394":"a","395":"n","396":":","397":" ","398":"S","399":"n","400":"a","401":"p","402":"m","403":"a","404":"n","405":"<","406":"T","407":"M","408":"a","409":"p","410":"D","411":"e","412":"f","413":">","414":";","415":"\\","416":"n","417":"}","418":"\\","419":"n","420":"\\","421":"n","422":"/","423":"*","424":"*","425":"\\","426":"n","427":" ","428":"*","429":" ","430":"S","431":"n","432":"a","433":"p","434":"s","435":"h","436":"o","437":"t","438":" ","439":"r","440":"e","441":"p","442":"r","443":"e","444":"s","445":"e","446":"n","447":"t","448":"i","449":"n","450":"g","451":" ","452":"c","453":"l","454":"a","455":"s","456":"s","457":"\\","458":"n","459":" ","460":"*","461":"\\","462":"n","463":" ","464":"*","465":" ","466":"Y","467":"o","468":"u","469":" ","470":"c","471":"a","472":"n","473":" ","474":"a","475":"c","476":"c","477":"e","478":"s","479":"s","480":" ","481":"i","482":"t","483":"'","484":"s","485":" ","486":"v","487":"a","488":"l","489":"u","490":"e","491":" ","492":"u","493":"s","494":"i","495":"n","496":"g","497":" ","498":".","499":"g","500":"e","501":"t","502":"V","503":"a","504":"l","505":"(","506":")","507":" ","508":"o","509":"r","510":" ","511":".","512":"v","513":"a","514":"l","515":"(","516":")","517":"\\","518":"n","519":" ","520":"*","521":"\\","522":"n","523":" ","524":"*","525":" ","526":"T","527":"h","528":"e","529":" ","530":"v","531":"a","532":"l","533":"u","534":"e","535":"s","536":" ","537":"a","538":"r","539":"e","540":" ","541":"s","542":"a","543":"f","544":"e","545":"l","546":"y","547":" ","548":"c","549":"l","550":"o","551":"n","552":"e","553":"d","554":" ","555":"a","556":"t","557":" ","558":"t","559":"h","560":"e","561":" ","562":"m","563":"o","564":"m","565":"e","566":"n","567":"t","568":" ","569":"t","570":"h","571":"e","572":" ","573":"s","574":"n","575":"a","576":"p","577":"s","578":"h","579":"o","580":"t","581":" ","582":"w","583":"a","584":"s","585":" ","586":"t","587":"a","588":"k","589":"e","590":"n","591":"\\","592":"n","593":" ","594":"*","595":"\\","596":"n","597":" ","598":"*","599":" ","600":"a","601":"n","602":"d","603":" ","604":"a","605":"d","606":"d","607":"e","608":"d","609":" ","610":"t","611":"o","612":" ","613":"t","614":"h","615":"e","616":" ","617":"t","618":"i","619":"m","620":"e","621":"l","622":"i","623":"n","624":"e","625":" ","626":"a","627":"n","628":"d","629":" ","630":"o","631":"b","632":"j","633":"e","634":"c","635":"t","636":" ","637":"c","638":"o","639":"n","640":"s","641":"t","642":"r","643":"u","644":"c","645":"t","646":"e","647":"d","648":".","649":"\\","650":"n","651":" ","652":"*","653":"/","654":"\\","655":"n","656":"/","657":"/","658":" ","659":"e","660":"s","661":"l","662":"i","663":"n","664":"t","665":"-","666":"d","667":"i","668":"s","669":"a","670":"b","671":"l","672":"e","673":"-","674":"n","675":"e","676":"x","677":"t","678":"-","679":"l","680":"i","681":"n","682":"e","683":" ","684":"@","685":"t","686":"y","687":"p","688":"e","689":"s","690":"c","691":"r","692":"i","693":"p","694":"t","695":"-","696":"e","697":"s","698":"l","699":"i","700":"n","701":"t","702":"/","703":"n","704":"o","705":"-","706":"e","707":"x","708":"p","709":"l","710":"i","711":"c","712":"i","713":"t","714":"-","715":"a","716":"n","717":"y","718":"\\","719":"n","720":"e","721":"x","722":"p","723":"o","724":"r","725":"t","726":" ","727":"c","728":"l","729":"a","730":"s","731":"s","732":" ","733":"S","734":"n","735":"a","736":"p","737":"<","738":"T","739":"V","740":"a","741":"l","742":" ","743":"=","744":" ","745":"a","746":"n","747":"y","748":",","749":" ","750":"T","751":"M","752":"a","753":"p","754":"D","755":"e","756":"f","757":" ","758":"e","759":"x","760":"t","761":"e","762":"n","763":"d","764":"s","765":" ","766":"R","767":"e","768":"c","769":"o","770":"r","771":"d","772":"<","773":"s","774":"t","775":"r","776":"i","777":"n","778":"g","779":",","780":" ","781":"a","782":"n","783":"y","784":">","785":" ","786":"=","787":" ","788":"a","789":"n","790":"y","791":">","792":" ","793":"{","794":"\\","795":"n","796":" ","797":" ","798":"p","799":"r","800":"i","801":"v","802":"a","803":"t","804":"e","805":" ","806":"_","807":"i","808":"d","809":":","810":" ","811":"s","812":"t","813":"r","814":"i","815":"n","816":"g","817":";","818":"\\","819":"n","820":"\\","821":"n","822":" ","823":" ","824":"p","825":"r","826":"i","827":"v","828":"a","829":"t","830":"e","831":" ","832":"_","833":"t","834":"i","835":"m","836":"e","837":"l","838":"i","839":"n","840":"e","841":"I","842":"n","843":"d","844":"e","845":"x","846":"?","847":":","848":" ","849":"n","850":"u","851":"m","852":"b","853":"e","854":"r","855":";","856":"\\","857":"n","858":"\\","859":"n","860":" ","861":" ","862":"p","863":"r","864":"i","865":"v","866":"a","867":"t","868":"e","869":" ","870":"_","871":"v","872":"a","873":"l","874":":","875":" ","876":"T","877":"V","878":"a","879":"l","880":";","881":"\\","882":"n","883":"\\","884":"n","885":" ","886":" ","887":"p","888":"r","889":"i","890":"v","891":"a","892":"t","893":"e","894":" ","895":"_","896":"s","897":"n","898":"a","899":"p","900":"m","901":"a","902":"n","903":":","904":" ","905":"S","906":"n","907":"a","908":"p","909":"m","910":"a","911":"n","912":"<","913":"T","914":"M","915":"a","916":"p","917":"D","918":"e","919":"f","920":">","921":";","922":"\\","923":"n","924":"\\","925":"n","926":" ","927":" ","928":"c","929":"o","930":"n","931":"s","932":"t","933":"r","934":"u","935":"c","936":"t","937":"o","938":"r","939":"(","940":"{","941":" ","942":"i","943":"d","944":",","945":" ","946":"t","947":"i","948":"m","949":"e","950":"l","951":"i","952":"n","953":"e","954":"I","955":"n","956":"d","957":"e","958":"x","959":",","960":" ","961":"v","962":"a","963":"l","964":",","965":" ","966":"s","967":"n","968":"a","969":"p","970":"m","971":"a","972":"n","973":" ","974":"}","975":":","976":" ","977":"I","978":"P","979":"r","980":"o","981":"p","982":"s","983":")","984":" ","985":"{","986":"\\","987":"n","988":" ","989":" ","990":" ","991":" ","992":"t","993":"h","994":"i","995":"s","996":".","997":"_","998":"i","999":"d","1000":" ","1001":"=","1002":" ","1003":"i","1004":"d","1005":";","1006":"\\","1007":"n","1008":" ","1009":" ","1010":" ","1011":" ","1012":"t","1013":"h","1014":"i","1015":"s","1016":".","1017":"_","1018":"t","1019":"i","1020":"m","1021":"e","1022":"l","1023":"i","1024":"n","1025":"e","1026":"I","1027":"n","1028":"d","1029":"e","1030":"x","1031":" ","1032":"=","1033":" ","1034":"t","1035":"i","1036":"m","1037":"e","1038":"l","1039":"i","1040":"n","1041":"e","1042":"I","1043":"n","1044":"d","1045":"e","1046":"x","1047":";","1048":"\\","1049":"n","1050":" ","1051":" ","1052":" ","1053":" ","1054":"t","1055":"h","1056":"i","1057":"s","1058":".","1059":"_","1060":"v","1061":"a","1062":"l","1063":" ","1064":"=","1065":" ","1066":"c","1067":"l","1068":"o","1069":"n","1070":"e","1071":"(","1072":"v","1073":"a","1074":"l","1075":")","1076":";","1077":"\\","1078":"n","1079":" ","1080":" ","1081":" ","1082":" ","1083":"t","1084":"h","1085":"i","1086":"s","1087":".","1088":"_","1089":"s","1090":"n","1091":"a","1092":"p","1093":"m","1094":"a","1095":"n","1096":" ","1097":"=","1098":" ","1099":"s","1100":"n","1101":"a","1102":"p","1103":"m","1104":"a","1105":"n","1106":";","1107":"\\","1108":"n","1109":" ","1110":" ","1111":"}","1112":"\\","1113":"n","1114":"\\","1115":"n","1116":" ","1117":" ","1118":"/","1119":"*","1120":"*","1121":"\\","1122":"n","1123":" ","1124":" ","1125":" ","1126":"*","1127":" ","1128":"R","1129":"e","1130":"t","1131":"u","1132":"r","1133":"n","1134":" ","1135":"t","1136":"h","1137":"e","1138":" ","1139":"S","1140":"n","1141":"a","1142":"p","1143":" ","1144":"i","1145":"d","1146":"\\","1147":"n","1148":" ","1149":" ","1150":" ","1151":"*","1152":" ","1153":"@","1154":"r","1155":"e","1156":"t","1157":"u","1158":"r","1159":"n","1160":"s","1161":" ","1162":"{","1163":"s","1164":"t","1165":"r","1166":"i","1167":"n","1168":"g","1169":"}","1170":" ","1171":"s","1172":"n","1173":"a","1174":"p","1175":" ","1176":"i","1177":"d","1178":"\\","1179":"n","1180":" ","1181":" ","1182":" ","1183":"*","1184":"/","1185":"\\","1186":"n","1187":" ","1188":" ","1189":"p","1190":"u","1191":"b","1192":"l","1193":"i","1194":"c","1195":" ","1196":"g","1197":"e","1198":"t","1199":"I","1200":"d","1201":"(","1202":")","1203":":","1204":" ","1205":"s","1206":"t","1207":"r","1208":"i","1209":"n","1210":"g","1211":" ","1212":"{","1213":"\\","1214":"n","1215":" ","1216":" ","1217":" ","1218":" ","1219":"r","1220":"e","1221":"t","1222":"u","1223":"r","1224":"n","1225":" ","1226":"t","1227":"h","1228":"i","1229":"s","1230":".","1231":"_","1232":"i","1233":"d","1234":";","1235":"\\","1236":"n","1237":" ","1238":" ","1239":"}","1240":"\\","1241":"n","1242":"\\","1243":"n","1244":" ","1245":" ","1246":"/","1247":"*","1248":"*","1249":"\\","1250":"n","1251":" ","1252":" ","1253":" ","1254":"*","1255":" ","1256":"(","1257":"A","1258":"l","1259":"i","1260":"a","1261":"s","1262":" ","1263":"o","1264":"f","1265":" ","1266":"g","1267":"e","1268":"t","1269":"I","1270":"d","1271":"(","1272":")","1273":")","1274":"\\","1275":"n","1276":" ","1277":" ","1278":" ","1279":"*","1280":" ","1281":"R","1282":"e","1283":"t","1284":"u","1285":"r","1286":"n","1287":" ","1288":"t","1289":"h","1290":"e","1291":" ","1292":"S","1293":"n","1294":"a","1295":"p","1296":" ","1297":"i","1298":"d","1299":"\\","1300":"n","1301":" ","1302":" ","1303":" ","1304":"*","1305":" ","1306":"@","1307":"r","1308":"e","1309":"t","1310":"u","1311":"r","1312":"n","1313":"s","1314":" ","1315":"{","1316":"s","1317":"t","1318":"r","1319":"i","1320":"n","1321":"g","1322":"}","1323":" ","1324":" ","1325":"s","1326":"n","1327":"a","1328":"p","1329":" ","1330":"i","1331":"d","1332":"\\","1333":"n","1334":" ","1335":" ","1336":" ","1337":"*","1338":"/","1339":"\\","1340":"n","1341":" ","1342":" ","1343":"p","1344":"u","1345":"b","1346":"l","1347":"i","1348":"c","1349":" ","1350":"i","1351":"d","1352":"(","1353":")","1354":":","1355":" ","1356":"s","1357":"t","1358":"r","1359":"i","1360":"n","1361":"g","1362":" ","1363":"{","1364":"\\","1365":"n","1366":" ","1367":" ","1368":" ","1369":" ","1370":"r","1371":"e","1372":"t","1373":"u","1374":"r","1375":"n","1376":" ","1377":"t","1378":"h","1379":"i","1380":"s","1381":".","1382":"g","1383":"e","1384":"t","1385":"I","1386":"d","1387":"(","1388":")","1389":";","1390":"\\","1391":"n","1392":" ","1393":" ","1394":"}","1395":"\\","1396":"n","1397":"\\","1398":"n","1399":" ","1400":" ","1401":"/","1402":"*","1403":"*","1404":"\\","1405":"n","1406":" ","1407":" ","1408":" ","1409":"*","1410":" ","1411":"R","1412":"e","1413":"t","1414":"u","1415":"r","1416":"n","1417":" ","1418":"t","1419":"h","1420":"e","1421":" ","1422":"S","1423":"n","1424":"a","1425":"p","1426":" ","1427":"v","1428":"a","1429":"l","1430":"u","1431":"e","1432":".","1433":" ","1434":"G","1435":"u","1436":"a","1437":"r","1438":"a","1439":"n","1440":"t","1441":"e","1442":"e","1443":"d","1444":" ","1445":"t","1446":"o","1447":" ","1448":"n","1449":"o","1450":"t","1451":" ","1452":"b","1453":"e","1454":" ","1455":"a","1456":"l","1457":"t","1458":"e","1459":"r","1460":"e","1461":"d","1462":".","1463":"\\","1464":"n","1465":" ","1466":" ","1467":" ","1468":"*","1469":" ","1470":"T","1471":"h","1472":"e","1473":" ","1474":"s","1475":"n","1476":"a","1477":"p","1478":"s","1479":"h","1480":"o","1481":"t","1482":" ","1483":"i","1484":"s","1485":" ","1486":"a","1487":"l","1488":"r","1489":"e","1490":"a","1491":"d","1492":"y","1493":" ","1494":"c","1495":"l","1496":"o","1497":"n","1498":"e","1499":"d","1500":" ","1501":"a","1502":"t","1503":" ","1504":"t","1505":"h","1506":"e","1507":" ","1508":"t","1509":"i","1510":"m","1511":"e","1512":" ","1513":"i","1514":"t","1515":" ","1516":"w","1517":"a","1518":"s","1519":" ","1520":"t","1521":"a","1522":"k","1523":"e","1524":"n","1525":".","1526":"\\","1527":"n","1528":" ","1529":" ","1530":" ","1531":"*","1532":" ","1533":"@","1534":"r","1535":"e","1536":"t","1537":"u","1538":"r","1539":"n","1540":"s","1541":" ","1542":"{","1543":"s","1544":"t","1545":"r","1546":"i","1547":"n","1548":"g","1549":"}","1550":" ","1551":" ","1552":"s","1553":"n","1554":"a","1555":"p","1556":" ","1557":"v","1558":"a","1559":"l","1560":"u","1561":"e","1562":"\\","1563":"n","1564":" ","1565":" ","1566":" ","1567":"*","1568":"/","1569":"\\","1570":"n","1571":" ","1572":" ","1573":"p","1574":"u","1575":"b","1576":"l","1577":"i","1578":"c","1579":" ","1580":"g","1581":"e","1582":"t","1583":"V","1584":"a","1585":"l","1586":"(","1587":")","1588":":","1589":" ","1590":"T","1591":"V","1592":"a","1593":"l","1594":" ","1595":"{","1596":"\\","1597":"n","1598":" ","1599":" ","1600":" ","1601":" ","1602":"r","1603":"e","1604":"t","1605":"u","1606":"r","1607":"n","1608":" ","1609":"t","1610":"h","1611":"i","1612":"s","1613":".","1614":"_","1615":"v","1616":"a","1617":"l","1618":";","1619":"\\","1620":"n","1621":" ","1622":" ","1623":"}","1624":"\\","1625":"n","1626":"\\","1627":"n","1628":" ","1629":" ","1630":"/","1631":"*","1632":"*","1633":"\\","1634":"n","1635":" ","1636":" ","1637":" ","1638":"*","1639":" ","1640":"(","1641":"A","1642":"l","1643":"i","1644":"a","1645":"s","1646":" ","1647":"o","1648":"f","1649":" ","1650":"g","1651":"e","1652":"t","1653":"V","1654":"a","1655":"l","1656":"(","1657":")","1658":")","1659":"\\","1660":"n","1661":" ","1662":" ","1663":" ","1664":"*","1665":" ","1666":"R","1667":"e","1668":"t","1669":"u","1670":"r","1671":"n","1672":" ","1673":"t","1674":"h","1675":"e","1676":" ","1677":"S","1678":"n","1679":"a","1680":"p","1681":" ","1682":"v","1683":"a","1684":"l","1685":"u","1686":"e","1687":".","1688":" ","1689":"G","1690":"u","1691":"a","1692":"r","1693":"a","1694":"n","1695":"t","1696":"e","1697":"e","1698":"d","1699":" ","1700":"t","1701":"o","1702":" ","1703":"n","1704":"o","1705":"t","1706":" ","1707":"b","1708":"e","1709":" ","1710":"a","1711":"l","1712":"t","1713":"e","1714":"r","1715":"e","1716":"d","1717":".","1718":"\\","1719":"n","1720":" ","1721":" ","1722":" ","1723":"*","1724":" ","1725":"T","1726":"h","1727":"e","1728":" ","1729":"s","1730":"n","1731":"a","1732":"p","1733":"s","1734":"h","1735":"o","1736":"t","1737":" ","1738":"i","1739":"s","1740":" ","1741":"a","1742":"l","1743":"r","1744":"e","1745":"a","1746":"d","1747":"y","1748":" ","1749":"c","1750":"l","1751":"o","1752":"n","1753":"e","1754":"d","1755":" ","1756":"a","1757":"t","1758":" ","1759":"t","1760":"h","1761":"e","1762":" ","1763":"t","1764":"i","1765":"m","1766":"e","1767":" ","1768":"i","1769":"t","1770":" ","1771":"w","1772":"a","1773":"s","1774":" ","1775":"t","1776":"a","1777":"k","1778":"e","1779":"n","1780":".","1781":"\\","1782":"n","1783":" ","1784":" ","1785":" ","1786":"*","1787":" ","1788":"@","1789":"r","1790":"e","1791":"t","1792":"u","1793":"r","1794":"n","1795":"s","1796":" ","1797":"{","1798":"s","1799":"t","1800":"r","1801":"i","1802":"n","1803":"g","1804":"}","1805":" ","1806":" ","1807":"s","1808":"n","1809":"a","1810":"p","1811":" ","1812":"v","1813":"a","1814":"l","1815":"u","1816":"e","1817":"\\","1818":"n","1819":" ","1820":" ","1821":" ","1822":"*","1823":"/","1824":"\\","1825":"n","1826":" ","1827":" ","1828":"p","1829":"u","1830":"b","1831":"l","1832":"i","1833":"c","1834":" ","1835":"v","1836":"a","1837":"l","1838":"(","1839":")","1840":":","1841":" ","1842":"T","1843":"V","1844":"a","1845":"l","1846":" ","1847":"{","1848":"\\","1849":"n","1850":" ","1851":" ","1852":" ","1853":" ","1854":"r","1855":"e","1856":"t","1857":"u","1858":"r","1859":"n","1860":" ","1861":"t","1862":"h","1863":"i","1864":"s","1865":".","1866":"g","1867":"e","1868":"t","1869":"V","1870":"a","1871":"l","1872":"(","1873":")","1874":";","1875":"\\","1876":"n","1877":" ","1878":" ","1879":"}","1880":"\\","1881":"n","1882":"\\","1883":"n","1884":" ","1885":" ","1886":"/","1887":"*","1888":"*","1889":"\\","1890":"n","1891":" ","1892":" ","1893":" ","1894":"*","1895":" ","1896":"R","1897":"e","1898":"t","1899":"u","1900":"r","1901":"n","1902":" ","1903":"t","1904":"h","1905":"e","1906":" ","1907":"i","1908":"n","1909":"d","1910":"e","1911":"x","1912":" ","1913":"i","1914":"n","1915":" ","1916":"t","1917":"h","1918":"e","1919":" ","1920":"s","1921":"n","1922":"a","1923":"p","1924":"s","1925":" ","1926":"t","1927":"i","1928":"m","1929":"e","1930":"l","1931":"i","1932":"n","1933":"e","1934":" ","1935":"(","1936":"o","1937":"r","1938":"d","1939":"e","1940":"r","1941":")","1942":" ","1943":"s","1944":"t","1945":"a","1946":"r","1947":"t","1948":"i","1949":"n","1950":"g","1951":" ","1952":"f","1953":"r","1954":"o","1955":"m","1956":" ","1957":"z","1958":"e","1959":"r","1960":"o","1961":"\\","1962":"n","1963":" ","1964":" ","1965":" ","1966":"*","1967":" ","1968":"@","1969":"r","1970":"e","1971":"t","1972":"u","1973":"r","1974":"n","1975":"s","1976":" ","1977":"i","1978":"n","1979":"d","1980":"e","1981":"x","1982":" ","1983":"i","1984":"n","1985":" ","1986":"t","1987":"i","1988":"m","1989":"e","1990":"l","1991":"i","1992":"n","1993":"e","1994":"\\","1995":"n","1996":" ","1997":" ","1998":" ","1999":"*","2000":"/","2001":"\\","2002":"n","2003":" ","2004":" ","2005":"p","2006":"u","2007":"b","2008":"l","2009":"i","2010":"c","2011":" ","2012":"g","2013":"e","2014":"t","2015":"T","2016":"i","2017":"m","2018":"e","2019":"l","2020":"i","2021":"n","2022":"e","2023":"I","2024":"n","2025":"d","2026":"e","2027":"x","2028":"(","2029":")","2030":":","2031":" ","2032":"n","2033":"u","2034":"m","2035":"b","2036":"e","2037":"r","2038":" ","2039":"{","2040":"\\","2041":"n","2042":" ","2043":" ","2044":" ","2045":" ","2046":"r","2047":"e","2048":"t","2049":"u","2050":"r","2051":"n","2052":" ","2053":"t","2054":"h","2055":"i","2056":"s","2057":".","2058":"_","2059":"t","2060":"i","2061":"m","2062":"e","2063":"l","2064":"i","2065":"n","2066":"e","2067":"I","2068":"n","2069":"d","2070":"e","2071":"x","2072":" ","2073":"|","2074":"|","2075":" ","2076":"N","2077":"a","2078":"N","2079":";","2080":"\\","2081":"n","2082":" ","2083":" ","2084":"}","2085":"\\","2086":"n","2087":"\\","2088":"n","2089":" ","2090":" ","2091":"/","2092":"*","2093":"*","2094":"\\","2095":"n","2096":" ","2097":" ","2098":" ","2099":"*","2100":" ","2101":"(","2102":"A","2103":"l","2104":"i","2105":"a","2106":"s","2107":" ","2108":"o","2109":"f","2110":" ","2111":"g","2112":"e","2113":"t","2114":"T","2115":"i","2116":"m","2117":"e","2118":"l","2119":"i","2120":"n","2121":"e","2122":"I","2123":"n","2124":"d","2125":"e","2126":"x","2127":"(","2128":")","2129":")","2130":"\\","2131":"n","2132":" ","2133":" ","2134":" ","2135":"*","2136":" ","2137":"R","2138":"e","2139":"t","2140":"u","2141":"r","2142":"n","2143":" ","2144":"t","2145":"h","2146":"e","2147":" ","2148":"i","2149":"n","2150":"d","2151":"e","2152":"x","2153":" ","2154":"i","2155":"n","2156":" ","2157":"t","2158":"h","2159":"e","2160":" ","2161":"s","2162":"n","2163":"a","2164":"p","2165":"s","2166":" ","2167":"t","2168":"i","2169":"m","2170":"e","2171":"l","2172":"i","2173":"n","2174":"e","2175":" ","2176":"(","2177":"o","2178":"r","2179":"d","2180":"e","2181":"r","2182":")","2183":" ","2184":"s","2185":"t","2186":"a","2187":"r","2188":"t","2189":"i","2190":"n","2191":"g","2192":" ","2193":"f","2194":"r","2195":"o","2196":"m","2197":" ","2198":"z","2199":"e","2200":"r","2201":"o","2202":"\\","2203":"n","2204":" ","2205":" ","2206":" ","2207":"*","2208":" ","2209":"@","2210":"r","2211":"e","2212":"t","2213":"u","2214":"r","2215":"n","2216":"s","2217":" ","2218":"i","2219":"n","2220":"d","2221":"e","2222":"x","2223":" ","2224":"i","2225":"n","2226":" ","2227":"t","2228":"i","2229":"m","2230":"e","2231":"l","2232":"i","2233":"n","2234":"e","2235":"\\","2236":"n","2237":" ","2238":" ","2239":" ","2240":"*","2241":"/","2242":"\\","2243":"n","2244":" ","2245":" ","2246":"p","2247":"u","2248":"b","2249":"l","2250":"i","2251":"c","2252":" ","2253":"t","2254":"I","2255":"n","2256":"d","2257":"e","2258":"x","2259":"(","2260":")","2261":":","2262":" ","2263":"n","2264":"u","2265":"m","2266":"b","2267":"e","2268":"r","2269":" ","2270":"{","2271":"\\","2272":"n","2273":" ","2274":" ","2275":" ","2276":" ","2277":"r","2278":"e","2279":"t","2280":"u","2281":"r","2282":"n","2283":" ","2284":"t","2285":"h","2286":"i","2287":"s","2288":".","2289":"g","2290":"e","2291":"t","2292":"T","2293":"i","2294":"m","2295":"e","2296":"l","2297":"i","2298":"n","2299":"e","2300":"I","2301":"n","2302":"d","2303":"e","2304":"x","2305":"(","2306":")","2307":";","2308":"\\","2309":"n","2310":" ","2311":" ","2312":"}","2313":"\\","2314":"n","2315":"\\","2316":"n","2317":" ","2318":" ","2319":"/","2320":"*","2321":"*","2322":"\\","2323":"n","2324":" ","2325":" ","2326":" ","2327":"*","2328":" ","2329":"R","2330":"e","2331":"t","2332":"u","2333":"r","2334":"n","2335":" ","2336":"t","2337":"h","2338":"e","2339":" ","2340":"n","2341":"e","2342":"x","2343":"t","2344":" ","2345":"S","2346":"n","2347":"a","2348":"p","2349":" ","2350":"i","2351":"n","2352":" ","2353":"t","2354":"h","2355":"e","2356":" ","2357":"t","2358":"i","2359":"m","2360":"e","2361":"l","2362":"i","2363":"n","2364":"e","2365":" ","2366":"w","2367":"i","2368":"t","2369":"h","2370":" ","2371":"a","2372":"b","2373":"i","2374":"l","2375":"i","2376":"t","2377":"y","2378":" ","2379":"t","2380":"o","2381":" ","2382":"l","2383":"o","2384":"o","2385":"k","2386":" ","2387":"m","2388":"o","2389":"r","2390":"e","2391":" ","2392":"t","2393":"h","2394":"e","2395":"n","2396":" ","2397":"o","2398":"n","2399":"e","2400":" ","2401":"s","2402":"t","2403":"e","2404":"p","2405":" ","2406":"f","2407":"o","2408":"r","2409":"w","2410":"a","2411":"r","2412":"d","2413":".","2414":"\\","2415":"n","2416":" ","2417":" ","2418":" ","2419":"*","2420":" ","2421":"@","2422":"p","2423":"a","2424":"r","2425":"a","2426":"m","2427":" ","2428":"s","2429":"t","2430":"e","2431":"p","2432":" ","2433":"h","2434":"o","2435":"w","2436":" ","2437":"m","2438":"a","2439":"n","2440":"y","2441":" ","2442":"s","2443":"t","2444":"e","2445":"p","2446":"s","2447":" ","2448":"t","2449":"o","2450":" ","2451":"l","2452":"o","2453":"o","2454":"k","2455":" ","2456":"a","2457":"h","2458":"e","2459":"a","2460":"d","2461":" ","2462":"[","2463":"d","2464":"e","2465":"f","2466":"a","2467":"u","2468":"l","2469":"t","2470":" ","2471":"i","2472":"s","2473":" ","2474":"1","2475":" ","2476":"(","2477":"n","2478":"e","2479":"x","2480":"t","2481":" ","2482":"e","2483":"l","2484":")","2485":"]","2486":"\\","2487":"n","2488":" ","2489":" ","2490":" ","2491":"*","2492":" ","2493":"@","2494":"r","2495":"e","2496":"t","2497":"u","2498":"r","2499":"n","2500":"s","2501":" ","2502":"S","2503":"n","2504":"a","2505":"p","2506":" ","2507":"|","2508":" ","2509":"u","2510":"n","2511":"d","2512":"e","2513":"f","2514":"i","2515":"n","2516":"e","2517":"d","2518":" ","2519":"(","2520":"\\","2521":"n","2522":" ","2523":" ","2524":" ","2525":"*","2526":" ","2527":"i","2528":"f","2529":" ","2530":"n","2531":"o","2532":"n","2533":"e","2534":" ","2535":"l","2536":"i","2537":"k","2538":"e","2539":" ","2540":"w","2541":"i","2542":"t","2543":"h","2544":" ","2545":"t","2546":"h","2547":"e","2548":" ","2549":"l","2550":"a","2551":"s","2552":"t","2553":" ","2554":"S","2555":"n","2556":"a","2557":"p","2558":" ","2559":"o","2560":"f","2561":" ","2562":"t","2563":"h","2564":"e","2565":" ","2566":"t","2567":"i","2568":"m","2569":"e","2570":"l","2571":"i","2572":"n","2573":"e","2574":" ","2575":"i","2576":"t","2577":" ","2578":"w","2579":"o","2580":"u","2581":"l","2582":"d","2583":" ","2584":"r","2585":"e","2586":"t","2587":"u","2588":"r","2589":"n","2590":" ","2591":"u","2592":"n","2593":"d","2594":"e","2595":"f","2596":"i","2597":"n","2598":"e","2599":"d","2600":"\\","2601":"n","2602":" ","2603":" ","2604":" ","2605":"*","2606":" ","2607":")","2608":"\\","2609":"n","2610":" ","2611":" ","2612":" ","2613":"*","2614":"/","2615":"\\","2616":"n","2617":" ","2618":" ","2619":"/","2620":"/","2621":" ","2622":"e","2623":"s","2624":"l","2625":"i","2626":"n","2627":"t","2628":"-","2629":"d","2630":"i","2631":"s","2632":"a","2633":"b","2634":"l","2635":"e","2636":"-","2637":"n","2638":"e","2639":"x","2640":"t","2641":"-","2642":"l","2643":"i","2644":"n","2645":"e","2646":" ","2647":"@","2648":"t","2649":"y","2650":"p","2651":"e","2652":"s","2653":"c","2654":"r","2655":"i","2656":"p","2657":"t","2658":"-","2659":"e","2660":"s","2661":"l","2662":"i","2663":"n","2664":"t","2665":"/","2666":"n","2667":"o","2668":"-","2669":"e","2670":"x","2671":"p","2672":"l","2673":"i","2674":"c","2675":"i","2676":"t","2677":"-","2678":"a","2679":"n","2680":"y","2681":"\\","2682":"n","2683":" ","2684":" ","2685":"p","2686":"u","2687":"b","2688":"l","2689":"i","2690":"c","2691":" ","2692":"n","2693":"e","2694":"x","2695":"t","2696":"<","2697":"T","2698":"v","2699":" ","2700":"=","2701":" ","2702":"a","2703":"n","2704":"y","2705":">","2706":"(","2707":"s","2708":"t","2709":"e","2710":"p","2711":" ","2712":"=","2713":" ","2714":"1","2715":")","2716":":","2717":" ","2718":"S","2719":"n","2720":"a","2721":"p","2722":"<","2723":"T","2724":"v","2725":",","2726":" ","2727":"T","2728":"M","2729":"a","2730":"p","2731":"D","2732":"e","2733":"f","2734":">","2735":" ","2736":"|","2737":" ","2738":"u","2739":"n","2740":"d","2741":"e","2742":"f","2743":"i","2744":"n","2745":"e","2746":"d","2747":" ","2748":"{","2749":"\\","2750":"n","2751":" ","2752":" ","2753":" ","2754":" ","2755":"i","2756":"f","2757":" ","2758":"(","2759":"t","2760":"h","2761":"i","2762":"s","2763":".","2764":"_","2765":"t","2766":"i","2767":"m","2768":"e","2769":"l","2770":"i","2771":"n","2772":"e","2773":"I","2774":"n","2775":"d","2776":"e","2777":"x","2778":")","2779":" ","2780":"{","2781":"\\","2782":"n","2783":" ","2784":" ","2785":" ","2786":" ","2787":" ","2788":" ","2789":"r","2790":"e","2791":"t","2792":"u","2793":"r","2794":"n","2795":" ","2796":"t","2797":"h","2798":"i","2799":"s","2800":".","2801":"_","2802":"s","2803":"n","2804":"a","2805":"p","2806":"m","2807":"a","2808":"n","2809":".","2810":"g","2811":"e","2812":"t","2813":"S","2814":"n","2815":"a","2816":"p","2817":"A","2818":"t","2819":"I","2820":"n","2821":"d","2822":"e","2823":"x","2824":"(","2825":"t","2826":"h","2827":"i","2828":"s","2829":".","2830":"_","2831":"t","2832":"i","2833":"m","2834":"e","2835":"l","2836":"i","2837":"n","2838":"e","2839":"I","2840":"n","2841":"d","2842":"e","2843":"x","2844":" ","2845":"+","2846":" ","2847":"s","2848":"t","2849":"e","2850":"p","2851":")","2852":";","2853":"\\","2854":"n","2855":" ","2856":" ","2857":" ","2858":" ","2859":"}","2860":"\\","2861":"n","2862":" ","2863":" ","2864":" ","2865":" ","2866":"r","2867":"e","2868":"t","2869":"u","2870":"r","2871":"n","2872":" ","2873":"u","2874":"n","2875":"d","2876":"e","2877":"f","2878":"i","2879":"n","2880":"e","2881":"d","2882":";","2883":"\\","2884":"n","2885":" ","2886":" ","2887":"}","2888":"\\","2889":"n","2890":"\\","2891":"n","2892":" ","2893":" ","2894":"/","2895":"*","2896":"*","2897":"\\","2898":"n","2899":" ","2900":" ","2901":" ","2902":"*","2903":" ","2904":"R","2905":"e","2906":"t","2907":"u","2908":"r","2909":"n","2910":" ","2911":"t","2912":"h","2913":"e","2914":" ","2915":"p","2916":"r","2917":"e","2918":"v","2919":"i","2920":"o","2921":"u","2922":"s","2923":" ","2924":"S","2925":"n","2926":"a","2927":"p","2928":" ","2929":"i","2930":"n","2931":" ","2932":"t","2933":"h","2934":"e","2935":" ","2936":"t","2937":"i","2938":"m","2939":"e","2940":"l","2941":"i","2942":"n","2943":"e","2944":" ","2945":"w","2946":"i","2947":"t","2948":"h","2949":" ","2950":"a","2951":"b","2952":"i","2953":"l","2954":"i","2955":"t","2956":"y","2957":" ","2958":"t","2959":"o","2960":" ","2961":"l","2962":"o","2963":"o","2964":"k","2965":" ","2966":"m","2967":"o","2968":"r","2969":"e","2970":" ","2971":"t","2972":"h","2973":"e","2974":"n","2975":" ","2976":"o","2977":"n","2978":"e","2979":" ","2980":"s","2981":"t","2982":"e","2983":"p","2984":" ","2985":"b","2986":"a","2987":"c","2988":"k","2989":"w","2990":"a","2991":"r","2992":"d","2993":".","2994":"\\","2995":"n","2996":" ","2997":" ","2998":" ","2999":"*","3000":" ","3001":"@","3002":"p","3003":"a","3004":"r","3005":"a","3006":"m","3007":" ","3008":"s","3009":"t","3010":"e","3011":"p","3012":" ","3013":"h","3014":"o","3015":"w","3016":" ","3017":"m","3018":"a","3019":"n","3020":"y","3021":" ","3022":"s","3023":"t","3024":"e","3025":"p","3026":"s","3027":" ","3028":"t","3029":"o","3030":" ","3031":"l","3032":"o","3033":"o","3034":"k","3035":" ","3036":"b","3037":"a","3038":"c","3039":"k","3040":" ","3041":"[","3042":"d","3043":"e","3044":"f","3045":"a","3046":"u","3047":"l","3048":"t","3049":" ","3050":"i","3051":"s","3052":" ","3053":"1","3054":" ","3055":"(","3056":"p","3057":"r","3058":"e","3059":"v","3060":"i","3061":"o","3062":"u","3063":"s","3064":" ","3065":"e","3066":"l","3067":")","3068":"]","3069":"\\","3070":"n","3071":" ","3072":" ","3073":" ","3074":"*","3075":" ","3076":"@","3077":"r","3078":"e","3079":"t","3080":"u","3081":"r","3082":"n","3083":"s","3084":" ","3085":"S","3086":"n","3087":"a","3088":"p","3089":" ","3090":"|","3091":" ","3092":"u","3093":"n","3094":"d","3095":"e","3096":"f","3097":"i","3098":"n","3099":"e","3100":"d","3101":" ","3102":"(","3103":"\\","3104":"n","3105":" ","3106":" ","3107":" ","3108":"*","3109":" ","3110":"i","3111":"f","3112":" ","3113":"n","3114":"o","3115":"n","3116":"e","3117":" ","3118":"l","3119":"i","3120":"k","3121":"e","3122":" ","3123":"w","3124":"i","3125":"t","3126":"h","3127":" ","3128":"t","3129":"h","3130":"e","3131":" ","3132":"f","3133":"i","3134":"r","3135":"s","3136":"t","3137":" ","3138":"S","3139":"n","3140":"a","3141":"p","3142":" ","3143":"o","3144":"f","3145":" ","3146":"t","3147":"h","3148":"e","3149":" ","3150":"t","3151":"i","3152":"m","3153":"e","3154":"l","3155":"i","3156":"n","3157":"e","3158":" ","3159":"i","3160":"t","3161":" ","3162":"w","3163":"o","3164":"u","3165":"l","3166":"d","3167":" ","3168":"r","3169":"e","3170":"t","3171":"u","3172":"r","3173":"n","3174":" ","3175":"u","3176":"n","3177":"d","3178":"e","3179":"f","3180":"i","3181":"n","3182":"e","3183":"d","3184":"\\","3185":"n","3186":" ","3187":" ","3188":" ","3189":"*","3190":" ","3191":")","3192":"\\","3193":"n","3194":" ","3195":" ","3196":" ","3197":"*","3198":"/","3199":"\\","3200":"n","3201":" ","3202":" ","3203":"/","3204":"/","3205":" ","3206":"e","3207":"s","3208":"l","3209":"i","3210":"n","3211":"t","3212":"-","3213":"d","3214":"i","3215":"s","3216":"a","3217":"b","3218":"l","3219":"e","3220":"-","3221":"n","3222":"e","3223":"x","3224":"t","3225":"-","3226":"l","3227":"i","3228":"n","3229":"e","3230":" ","3231":"@","3232":"t","3233":"y","3234":"p","3235":"e","3236":"s","3237":"c","3238":"r","3239":"i","3240":"p","3241":"t","3242":"-","3243":"e","3244":"s","3245":"l","3246":"i","3247":"n","3248":"t","3249":"/","3250":"n","3251":"o","3252":"-","3253":"e","3254":"x","3255":"p","3256":"l","3257":"i","3258":"c","3259":"i","3260":"t","3261":"-","3262":"a","3263":"n","3264":"y","3265":"\\","3266":"n","3267":" ","3268":" ","3269":"p","3270":"u","3271":"b","3272":"l","3273":"i","3274":"c","3275":" ","3276":"p","3277":"r","3278":"e","3279":"v","3280":"i","3281":"o","3282":"u","3283":"s","3284":"<","3285":"T","3286":"v","3287":" ","3288":"=","3289":" ","3290":"a","3291":"n","3292":"y","3293":">","3294":"(","3295":"s","3296":"t","3297":"e","3298":"p","3299":" ","3300":"=","3301":" ","3302":"1","3303":")","3304":":","3305":" ","3306":"S","3307":"n","3308":"a","3309":"p","3310":"<","3311":"T","3312":"v","3313":",","3314":" ","3315":"T","3316":"M","3317":"a","3318":"p","3319":"D","3320":"e","3321":"f","3322":">","3323":" ","3324":"|","3325":" ","3326":"u","3327":"n","3328":"d","3329":"e","3330":"f","3331":"i","3332":"n","3333":"e","3334":"d","3335":" ","3336":"{","3337":"\\","3338":"n","3339":" ","3340":" ","3341":" ","3342":" ","3343":"i","3344":"f","3345":" ","3346":"(","3347":"t","3348":"h","3349":"i","3350":"s","3351":".","3352":"_","3353":"t","3354":"i","3355":"m","3356":"e","3357":"l","3358":"i","3359":"n","3360":"e","3361":"I","3362":"n","3363":"d","3364":"e","3365":"x","3366":")","3367":" ","3368":"{","3369":"\\","3370":"n","3371":" ","3372":" ","3373":" ","3374":" ","3375":" ","3376":" ","3377":"r","3378":"e","3379":"t","3380":"u","3381":"r","3382":"n","3383":" ","3384":"t","3385":"h","3386":"i","3387":"s","3388":".","3389":"_","3390":"s","3391":"n","3392":"a","3393":"p","3394":"m","3395":"a","3396":"n","3397":".","3398":"g","3399":"e","3400":"t","3401":"S","3402":"n","3403":"a","3404":"p","3405":"A","3406":"t","3407":"I","3408":"n","3409":"d","3410":"e","3411":"x","3412":"(","3413":"t","3414":"h","3415":"i","3416":"s","3417":".","3418":"_","3419":"t","3420":"i","3421":"m","3422":"e","3423":"l","3424":"i","3425":"n","3426":"e","3427":"I","3428":"n","3429":"d","3430":"e","3431":"x","3432":" ","3433":"-","3434":" ","3435":"s","3436":"t","3437":"e","3438":"p","3439":")","3440":";","3441":"\\","3442":"n","3443":" ","3444":" ","3445":" ","3446":" ","3447":"}","3448":"\\","3449":"n","3450":" ","3451":" ","3452":" ","3453":" ","3454":"r","3455":"e","3456":"t","3457":"u","3458":"r","3459":"n","3460":" ","3461":"u","3462":"n","3463":"d","3464":"e","3465":"f","3466":"i","3467":"n","3468":"e","3469":"d","3470":";","3471":"\\","3472":"n","3473":" ","3474":" ","3475":"}","3476":"\\","3477":"n","3478":"}","3479":"\\","3480":"n","3481":"\"","3482":"]","3483":",","3484":"\"","3485":"n","3486":"a","3487":"m","3488":"e","3489":"s","3490":"\"","3491":":","3492":"[","3493":"\"","3494":"S","3495":"n","3496":"a","3497":"p","3498":"\"","3499":",","3500":"\"","3501":"g","3502":"e","3503":"t","3504":"I","3505":"d","3506":"\"","3507":",","3508":"\"","3509":"_","3510":"i","3511":"d","3512":"\"","3513":",","3514":"\"","3515":"i","3516":"d","3517":"\"","3518":",","3519":"\"","3520":"g","3521":"e","3522":"t","3523":"V","3524":"a","3525":"l","3526":"\"","3527":",","3528":"\"","3529":"_","3530":"v","3531":"a","3532":"l","3533":"\"","3534":",","3535":"\"","3536":"v","3537":"a","3538":"l","3539":"\"","3540":",","3541":"\"","3542":"g","3543":"e","3544":"t","3545":"T","3546":"i","3547":"m","3548":"e","3549":"l","3550":"i","3551":"n","3552":"e","3553":"I","3554":"n","3555":"d","3556":"e","3557":"x","3558":"\"","3559":",","3560":"\"","3561":"_","3562":"t","3563":"i","3564":"m","3565":"e","3566":"l","3567":"i","3568":"n","3569":"e","3570":"I","3571":"n","3572":"d","3573":"e","3574":"x","3575":"\"","3576":",","3577":"\"","3578":"N","3579":"a","3580":"N","3581":"\"","3582":",","3583":"\"","3584":"t","3585":"I","3586":"n","3587":"d","3588":"e","3589":"x","3590":"\"","3591":",","3592":"\"","3593":"n","3594":"e","3595":"x","3596":"t","3597":"\"","3598":",","3599":"\"","3600":"s","3601":"t","3602":"e","3603":"p","3604":"\"","3605":",","3606":"\"","3607":"_","3608":"s","3609":"n","3610":"a","3611":"p","3612":"m","3613":"a","3614":"n","3615":"\"","3616":",","3617":"\"","3618":"g","3619":"e","3620":"t","3621":"S","3622":"n","3623":"a","3624":"p","3625":"A","3626":"t","3627":"I","3628":"n","3629":"d","3630":"e","3631":"x","3632":"\"","3633":",","3634":"\"","3635":"u","3636":"n","3637":"d","3638":"e","3639":"f","3640":"i","3641":"n","3642":"e","3643":"d","3644":"\"","3645":",","3646":"\"","3647":"p","3648":"r","3649":"e","3650":"v","3651":"i","3652":"o","3653":"u","3654":"s","3655":"\"","3656":",","3657":"\"","3658":"c","3659":"o","3660":"n","3661":"s","3662":"t","3663":"r","3664":"u","3665":"c","3666":"t","3667":"o","3668":"r","3669":"\"","3670":",","3671":"\"","3672":"t","3673":"i","3674":"m","3675":"e","3676":"l","3677":"i","3678":"n","3679":"e","3680":"I","3681":"n","3682":"d","3683":"e","3684":"x","3685":"\"","3686":",","3687":"\"","3688":"s","3689":"n","3690":"a","3691":"p","3692":"m","3693":"a","3694":"n","3695":"\"","3696":",","3697":"\"","3698":"c","3699":"l","3700":"o","3701":"n","3702":"e","3703":"\"","3704":"]","3705":",","3706":"\"","3707":"m","3708":"a","3709":"p","3710":"p","3711":"i","3712":"n","3713":"g","3714":"s","3715":"\"","3716":":","3717":"\"","3718":"A","3719":"A","3720":"A","3721":"A","3722":";","3723":";","3724":";","3725":";","3726":"+","3727":"B","3728":"A","3729":"q","3730":"B","3731":"a","3732":"A","3733":";","3734":";","3735":"a","3736":"A","3737":"A","3738":"A","3739":"A","3740":";","3741":";","3742":"2","3743":"B","3744":"A","3745":"r","3746":"B","3747":"S","3748":";","3749":"A","3750":"A","3751":"q","3752":"B","3753":"f","3754":",","3755":"M","3756":"A","3757":"A","3758":"M","3759":"A","3760":";","3761":"I","3762":"A","3763":"g","3764":"B","3765":"X","3766":";","3767":";","3768":";","3769":"G","3770":"A","3771":"G","3772":"C","3773":",","3774":"G","3775":"A","3776":"C","3777":"D","3778":",","3779":"A","3780":"A","3781":"A","3782":"O","3783":"C","3784":",","3785":"Q","3786":"A","3787":"A","3788":"g","3789":"B","3790":";","3791":"Q","3792":"A","3793":"C","3794":"r","3795":"B","3796":",","3797":"O","3798":"A","3799":"A","3800":"O","3801":",","3802":"I","3803":"A","3804":"A","3805":"I","3806":",","3807":"C","3808":"A","3809":"A","3810":"C","3811":"C","3812":",","3813":"G","3814":"A","3815":"A","3816":"G","3817":";","3818":"I","3819":"A","3820":"C","3821":"j","3822":"B","3823":";","3824":"I","3825":"A","3826":"E","3827":"A","3828":";","3829":";","3830":";","3831":";","3832":"G","3833":"A","3834":"I","3835":"C","3836":",","3837":"G","3838":"A","3839":"C","3840":"D","3841":",","3842":"A","3843":"A","3844":"A","3845":"O","3846":"C","3847":",","3848":"K","3849":"A","3850":"A","3851":"a","3852":";","3853":"Q","3854":"A","3855":"C","3856":"l","3857":"B","3858":",","3859":"O","3860":"A","3861":"A","3862":"O","3863":",","3864":"I","3865":"A","3866":"A","3867":"I","3868":",","3869":"C","3870":"A","3871":"A","3872":"C","3873":"F","3874":",","3875":"K","3876":"A","3877":"A","3878":"K","3879":";","3880":"I","3881":"A","3882":"C","3883":"n","3884":"B","3885":";","3886":"I","3887":"A","3888":"E","3889":"A","3890":";","3891":";","3892":";","3893":";","3894":"G","3895":"A","3896":"I","3897":"C","3898":",","3899":"G","3900":"A","3901":"C","3902":"D","3903":",","3904":"A","3905":"A","3906":"A","3907":"O","3908":"G","3909":",","3910":"S","3911":"A","3912":"A","3913":"e","3914":";","3915":"Q","3916":"A","3917":"C","3918":"p","3919":"B","3920":",","3921":"O","3922":"A","3923":"A","3924":"O","3925":",","3926":"I","3927":"A","3928":"A","3929":"I","3930":",","3931":"C","3932":"A","3933":"A","3934":"C","3935":"C","3936":",","3937":"I","3938":"A","3939":"A","3940":"I","3941":";","3942":"I","3943":"A","3944":"C","3945":"l","3946":"B","3947":";","3948":"I","3949":"A","3950":"E","3951":"A","3952":";","3953":";","3954":";","3955":";","3956":";","3957":"G","3958":"A","3959":"K","3960":"C","3961":",","3962":"G","3963":"A","3964":"C","3965":"D","3966":",","3967":"A","3968":"A","3969":"A","3970":"O","3971":"C","3972":",","3973":"M","3974":"A","3975":"A","3976":"Y","3977":";","3978":"Q","3979":"A","3980":"C","3981":"j","3982":"B","3983":",","3984":"O","3985":"A","3986":"A","3987":"O","3988":",","3989":"I","3990":"A","3991":"A","3992":"I","3993":",","3994":"C","3995":"A","3996":"A","3997":"C","3998":"F","3999":",","4000":"M","4001":"A","4002":"A","4003":"M","4004":";","4005":"I","4006":"A","4007":"C","4008":"p","4009":"B","4010":";","4011":"I","4012":"A","4013":"E","4014":"A","4015":";","4016":";","4017":";","4018":"G","4019":"A","4020":"G","4021":"C","4022":",","4023":"G","4024":"A","4025":"C","4026":"D","4027":",","4028":"A","4029":"A","4030":"A","4031":"O","4032":"G","4033":",","4034":"m","4035":"B","4036":"A","4037":"A","4038":"2","4039":"B","4040":";","4041":"Q","4042":"A","4043":"C","4044":"h","4045":"C","4046":",","4047":"O","4048":"A","4049":"A","4050":"O","4051":",","4052":"I","4053":"A","4054":"A","4055":"I","4056":",","4057":"C","4058":"A","4059":"A","4060":"C","4061":"C","4062":",","4063":"c","4064":"A","4065":"A","4066":"c","4067":",","4068":"I","4069":"A","4070":"A","4071":"I","4072":"C","4073":";","4074":"I","4075":"A","4076":"C","4077":"h","4078":"C","4079":";","4080":"I","4081":"A","4082":"E","4083":"A","4084":";","4085":";","4086":";","4087":";","4088":"G","4089":"A","4090":"I","4091":"C","4092":",","4093":"G","4094":"A","4095":"C","4096":"D","4097":",","4098":"A","4099":"A","4100":"A","4101":"O","4102":"C","4103":",","4104":"S","4105":"A","4106":"A","4107":"i","4108":"B","4109":";","4110":"Q","4111":"A","4112":"C","4113":"t","4114":"B","4115":",","4116":"O","4117":"A","4118":"A","4119":"O","4120":",","4121":"I","4122":"A","4123":"A","4124":"I","4125":",","4126":"C","4127":"A","4128":"A","4129":"C","4130":"H","4131":",","4132":"g","4133":"B","4134":"A","4135":"A","4136":"g","4137":"B","4138":";","4139":"I","4140":"A","4141":"C","4142":"9","4143":"B","4144":";","4145":"I","4146":"A","4147":"E","4148":"A","4149":";","4150":";","4151":";","4152":";","4153":";","4154":";","4155":"G","4156":"A","4157":"M","4158":"C","4159":",","4160":"G","4161":"A","4162":"C","4163":"D","4164":",","4165":"8","4166":"D","4167":"A","4168":"A","4169":"8","4170":"D","4171":";","4172":"I","4173":"A","4174":"C","4175":"v","4176":"D","4177":"I","4178":",","4179":"K","4180":"A","4181":"A","4182":"e","4183":"C","4184":",","4185":"O","4186":"A","4187":"A","4188":"O","4189":",","4190":"C","4191":"A","4192":"A","4193":"C","4194":",","4195":"E","4196":"A","4197":"A","4198":"i","4199":"C","4200":";","4201":"Q","4202":"A","4203":"C","4204":"7","4205":"D","4206":",","4207":"I","4208":"A","4209":"A","4210":"I","4211":",","4212":"I","4213":"A","4214":"A","4215":"I","4216":",","4217":"C","4218":"A","4219":"A","4220":"C","4221":"J","4222":",","4223":"c","4224":"A","4225":"A","4226":"c","4227":",","4228":"E","4229":"A","4230":"A","4231":"E","4232":";","4233":"Y","4234":"A","4235":"C","4236":"v","4237":"B","4238":",","4239":"O","4240":"A","4241":"A","4242":"O","4243":",","4244":"I","4245":"A","4246":"A","4247":"I","4248":",","4249":"C","4250":"A","4251":"A","4252":"C","4253":"K","4254":",","4255":"Q","4256":"A","4257":"A","4258":"Q","4259":",","4260":"C","4261":"A","4262":"A","4263":"C","4264":"C","4265":",","4266":"c","4267":"A","4268":"A","4269":"c","4270":",","4271":"C","4272":"A","4273":"A","4274":"C","4275":",","4276":"I","4277":"A","4278":"A","4279":"I","4280":",","4281":"C","4282":"A","4283":"A","4284":"C","4285":"N","4286":",","4287":"c","4288":"A","4289":"A","4290":"c","4291":",","4292":"G","4293":"A","4294":"A","4295":"G","4296":"I","4297":";","4298":"Q","4299":"A","4300":"C","4301":"5","4302":"D","4303":",","4304":"C","4305":"A","4306":"A","4307":"C","4308":";","4309":"Q","4310":"A","4311":"C","4312":"D","4313":",","4314":"O","4315":"A","4316":"A","4317":"O","4318":"G","4319":";","4320":"I","4321":"A","4322":"C","4323":"T","4324":";","4325":"I","4326":"A","4327":"E","4328":"A","4329":";","4330":";","4331":";","4332":";","4333":";","4334":";","4335":"G","4336":"A","4337":"M","4338":"C","4339":",","4340":"G","4341":"A","4342":"C","4343":"D","4344":",","4345":"8","4346":"D","4347":"A","4348":"A","4349":"8","4350":"D","4351":";","4352":"I","4353":"A","4354":"C","4355":"v","4356":"D","4357":"C","4358":",","4359":"S","4360":"A","4361":"A","4362":"m","4363":"B","4364":"J","4365":",","4366":"O","4367":"A","4368":"A","4369":"O","4370":",","4371":"C","4372":"A","4373":"A","4374":"C","4375":",","4376":"E","4377":"A","4378":"A","4379":"i","4380":"C","4381":";","4382":"Q","4383":"A","4384":"C","4385":"j","4386":"E","4387":",","4388":"I","4389":"A","4390":"A","4391":"I","4392":",","4393":"I","4394":"A","4395":"A","4396":"I","4397":",","4398":"C","4399":"A","4400":"A","4401":"C","4402":"J","4403":",","4404":"c","4405":"A","4406":"A","4407":"c","4408":",","4409":"E","4410":"A","4411":"A","4412":"E","4413":";","4414":"Y","4415":"A","4416":"C","4417":"v","4418":"B","4419":",","4420":"O","4421":"A","4422":"A","4423":"O","4424":",","4425":"I","4426":"A","4427":"A","4428":"I","4429":",","4430":"C","4431":"A","4432":"A","4433":"C","4434":"K","4435":",","4436":"Q","4437":"A","4438":"A","4439":"Q","4440":",","4441":"C","4442":"A","4443":"A","4444":"C","4445":"C","4446":",","4447":"c","4448":"A","4449":"A","4450":"c","4451":",","4452":"C","4453":"A","4454":"A","4455":"C","4456":",","4457":"I","4458":"A","4459":"A","4460":"I","4461":",","4462":"C","4463":"A","4464":"A","4465":"C","4466":"N","4467":",","4468":"c","4469":"A","4470":"A","4471":"c","4472":",","4473":"G","4474":"A","4475":"A","4476":"G","4477":"I","4478":";","4479":"Q","4480":"A","4481":"C","4482":"5","4483":"D","4484":",","4485":"C","4486":"A","4487":"A","4488":"C","4489":";","4490":"Q","4491":"A","4492":"C","4493":"D","4494":",","4495":"O","4496":"A","4497":"A","4498":"O","4499":"G","4500":";","4501":"I","4502":"A","4503":"C","4504":"T","4505":";","4506":"I","4507":"A","4508":"x","4509":"F","4510":"A","4511":"E","4512":",","4513":"Y","4514":"A","4515":"A","4516":"Y","4517":",","4518":"E","4519":"A","4520":"A","4521":"E","4522":"d","4523":",","4524":"G","4525":"A","4526":"A","4527":"E","4528":",","4529":"E","4530":"A","4531":"A","4532":"E","4533":"e","4534":",","4535":"c","4536":"A","4537":"A","4538":"a","4539":",","4540":"E","4541":"A","4542":"A","4543":"E","4544":"Z","4545":",","4546":"I","4547":"A","4548":"A","4549":"G","4550":",","4551":"E","4552":"A","4553":"A","4554":"E","4555":"a","4556":",","4557":"Q","4558":"A","4559":"A","4560":"O","4561":",","4562":"E","4563":"A","4564":"A","4565":"U","4566":",","4567":"C","4568":"A","4569":"A","4570":"E","4571":";","4572":"Q","4573":"A","4574":"C","4575":"v","4576":"D","4577":",","4578":"I","4579":"A","4580":"A","4581":"I","4582":",","4583":"C","4584":"A","4585":"A","4586":"C","4587":"j","4588":"B","4589":",","4590":"G","4591":"A","4592":"A","4593":"G","4594":",","4595":"G","4596":"A","4597":"A","4598":"G","4599":"C","4600":";","4601":"Q","4602":"A","4603":"C","4604":"X","4605":",","4606":"I","4607":"A","4608":"A","4609":"I","4610":",","4611":"C","4612":"A","4613":"A","4614":"C","4615":"K","4616":",","4617":"c","4618":"A","4619":"A","4620":"c","4621":",","4622":"G","4623":"A","4624":"A","4625":"G","4626":"U","4627":";","4628":"Q","4629":"A","4630":"C","4631":"t","4632":"B","4633":",","4634":"I","4635":"A","4636":"A","4637":"I","4638":",","4639":"C","4640":"A","4641":"A","4642":"C","4643":"b","4644":",","4645":"I","4646":"A","4647":"A","4648":"I","4649":",","4650":"G","4651":"A","4652":"A","4653":"G","4654":"e","4655":",","4656":"I","4657":"A","4658":"A","4659":"A","4660":"A","4661":",","4662":"g","4663":"B","4664":"A","4665":"A","4666":"K","4667":",","4668":"E","4669":"A","4670":"A","4671":"C","4672":"d","4673":";","4674":"Q","4675":"A","4676":"C","4677":"l","4678":"B","4679":",","4680":"I","4681":"A","4682":"A","4683":"I","4684":",","4685":"C","4686":"A","4687":"A","4688":"C","4689":"O","4690":",","4691":"Q","4692":"A","4693":"A","4694":"Q","4695":",","4696":"G","4697":"A","4698":"A","4699":"G","4700":"M","4701":";","4702":"I","4703":"A","4704":"C","4705":"l","4706":"B","4707":";","4708":"A","4709":"A","4710":"o","4711":"F","4712":"F","4713":"\"","4714":"}"},"_coverageSchema":"1a1c01bbd47fc00a2c39e90264f33305004495a9","hash":"e555066f8c32df396d994ab228ea4fd53bdc692a"}
,"/Users/mohamedlamineallal/repos/snap/src/Snapman/index.ts": {"path":"/Users/mohamedlamineallal/repos/snap/src/Snapman/index.ts","statementMap":{"0":{"start":{"line":2,"column":0},"end":{"line":4,"column":3}},"1":{"start":{"line":5,"column":0},"end":{"line":8,"column":3}},"2":{"start":{"line":7,"column":13},"end":{"line":7,"column":20}},"3":{"start":{"line":9,"column":17},"end":{"line":9,"column":44}},"4":{"start":{"line":20,"column":21},"end":{"line":25,"column":10}},"5":{"start":{"line":26,"column":8},"end":{"line":26,"column":37}},"6":{"start":{"line":27,"column":8},"end":{"line":27,"column":39}},"7":{"start":{"line":28,"column":8},"end":{"line":28,"column":20}},"8":{"start":{"line":38,"column":21},"end":{"line":38,"column":43}},"9":{"start":{"line":39,"column":8},"end":{"line":41,"column":9}},"10":{"start":{"line":40,"column":12},"end":{"line":40,"column":62}},"11":{"start":{"line":42,"column":8},"end":{"line":42,"column":20}},"12":{"start":{"line":50,"column":8},"end":{"line":50,"column":42}},"13":{"start":{"line":59,"column":8},"end":{"line":59,"column":35}},"14":{"start":{"line":65,"column":8},"end":{"line":65,"column":42}},"15":{"start":{"line":72,"column":8},"end":{"line":74,"column":9}},"16":{"start":{"line":73,"column":12},"end":{"line":73,"column":51}},"17":{"start":{"line":75,"column":8},"end":{"line":75,"column":81}},"18":{"start":{"line":75,"column":50},"end":{"line":75,"column":79}},"19":{"start":{"line":78,"column":8},"end":{"line":78,"column":73}},"20":{"start":{"line":78,"column":50},"end":{"line":78,"column":71}},"21":{"start":{"line":81,"column":8},"end":{"line":81,"column":33}},"22":{"start":{"line":82,"column":8},"end":{"line":82,"column":35}}},"fnMap":{"0":{"name":"(anonymous_0)","decl":{"start":{"line":7,"column":9},"end":{"line":7,"column":10}},"loc":{"start":{"line":7,"column":13},"end":{"line":7,"column":20}},"line":7},"1":{"name":"(anonymous_1)","decl":{"start":{"line":19,"column":6},"end":{"line":19,"column":7}},"loc":{"start":{"line":19,"column":20},"end":{"line":29,"column":5}},"line":19},"2":{"name":"(anonymous_2)","decl":{"start":{"line":37,"column":6},"end":{"line":37,"column":7}},"loc":{"start":{"line":37,"column":18},"end":{"line":43,"column":5}},"line":37},"3":{"name":"(anonymous_3)","decl":{"start":{"line":49,"column":6},"end":{"line":49,"column":7}},"loc":{"start":{"line":49,"column":28},"end":{"line":51,"column":5}},"line":49},"4":{"name":"(anonymous_4)","decl":{"start":{"line":58,"column":6},"end":{"line":58,"column":7}},"loc":{"start":{"line":58,"column":24},"end":{"line":60,"column":5}},"line":58},"5":{"name":"(anonymous_5)","decl":{"start":{"line":64,"column":6},"end":{"line":64,"column":7}},"loc":{"start":{"line":64,"column":22},"end":{"line":66,"column":5}},"line":64},"6":{"name":"(anonymous_6)","decl":{"start":{"line":71,"column":6},"end":{"line":71,"column":7}},"loc":{"start":{"line":71,"column":25},"end":{"line":76,"column":5}},"line":71},"7":{"name":"(anonymous_7)","decl":{"start":{"line":75,"column":42},"end":{"line":75,"column":43}},"loc":{"start":{"line":75,"column":50},"end":{"line":75,"column":79}},"line":75},"8":{"name":"(anonymous_8)","decl":{"start":{"line":77,"column":4},"end":{"line":77,"column":5}},"loc":{"start":{"line":77,"column":31},"end":{"line":79,"column":5}},"line":77},"9":{"name":"(anonymous_9)","decl":{"start":{"line":78,"column":42},"end":{"line":78,"column":43}},"loc":{"start":{"line":78,"column":50},"end":{"line":78,"column":71}},"line":78},"10":{"name":"(anonymous_10)","decl":{"start":{"line":80,"column":4},"end":{"line":80,"column":5}},"loc":{"start":{"line":80,"column":17},"end":{"line":83,"column":5}},"line":80}},"branchMap":{"0":{"loc":{"start":{"line":39,"column":8},"end":{"line":41,"column":9}},"type":"if","locations":[{"start":{"line":39,"column":8},"end":{"line":41,"column":9}},{"start":{},"end":{}}],"line":39},"1":{"loc":{"start":{"line":72,"column":8},"end":{"line":74,"column":9}},"type":"if","locations":[{"start":{"line":72,"column":8},"end":{"line":74,"column":9}},{"start":{},"end":{}}],"line":72}},"s":{"0":1,"1":1,"2":1,"3":1,"4":8,"5":8,"6":8,"7":8,"8":2,"9":2,"10":0,"11":2,"12":25,"13":1,"14":1,"15":2,"16":1,"17":1,"18":8,"19":1,"20":8,"21":1,"22":1},"f":{"0":1,"1":8,"2":2,"3":25,"4":1,"5":1,"6":2,"7":8,"8":1,"9":8,"10":1},"b":{"0":[0,2],"1":[1,1]},"inputSourceMap":{"0":"{","1":"\"","2":"v","3":"e","4":"r","5":"s","6":"i","7":"o","8":"n","9":"\"","10":":","11":"3","12":",","13":"\"","14":"s","15":"o","16":"u","17":"r","18":"c","19":"e","20":"s","21":"\"","22":":","23":"[","24":"\"","25":"/","26":"U","27":"s","28":"e","29":"r","30":"s","31":"/","32":"m","33":"o","34":"h","35":"a","36":"m","37":"e","38":"d","39":"l","40":"a","41":"m","42":"i","43":"n","44":"e","45":"a","46":"l","47":"l","48":"a","49":"l","50":"/","51":"r","52":"e","53":"p","54":"o","55":"s","56":"/","57":"s","58":"n","59":"a","60":"p","61":"/","62":"s","63":"r","64":"c","65":"/","66":"S","67":"n","68":"a","69":"p","70":"m","71":"a","72":"n","73":"/","74":"i","75":"n","76":"d","77":"e","78":"x","79":".","80":"t","81":"s","82":"\"","83":"]","84":",","85":"\"","86":"s","87":"o","88":"u","89":"r","90":"c","91":"e","92":"s","93":"C","94":"o","95":"n","96":"t","97":"e","98":"n","99":"t","100":"\"","101":":","102":"[","103":"\"","104":"i","105":"m","106":"p","107":"o","108":"r","109":"t","110":" ","111":"{","112":" ","113":"S","114":"n","115":"a","116":"p","117":" ","118":"}","119":" ","120":"f","121":"r","122":"o","123":"m","124":" ","125":"'","126":"/","127":"S","128":"n","129":"a","130":"p","131":"/","132":"i","133":"n","134":"d","135":"e","136":"x","137":".","138":"j","139":"s","140":"'","141":";","142":"\\","143":"n","144":"\\","145":"n","146":"/","147":"*","148":"*","149":"\\","150":"n","151":" ","152":"*","153":" ","154":"S","155":"n","156":"a","157":"p","158":" ","159":"m","160":"a","161":"n","162":"a","163":"g","164":"e","165":"r","166":"\\","167":"n","168":" ","169":"*","170":" ","171":"A","172":"l","173":"l","174":"o","175":"w","176":" ","177":"t","178":"a","179":"k","180":"i","181":"n","182":"g","183":" ","184":"s","185":"n","186":"a","187":"p","188":"s","189":"h","190":"o","191":"t","192":"s","193":" ","194":"a","195":"n","196":"d","197":" ","198":"t","199":"r","200":"a","201":"c","202":"k","203":" ","204":"t","205":"h","206":"e","207":"m","208":" ","209":"o","210":"n","211":" ","212":"a","213":" ","214":"t","215":"i","216":"m","217":"e","218":"l","219":"i","220":"n","221":"e","222":" ","223":"a","224":"n","225":"d","226":"\\","227":"n","228":" ","229":"*","230":" ","231":"p","232":"r","233":"o","234":"v","235":"i","236":"d","237":"e","238":" ","239":"d","240":"i","241":"f","242":"f","243":"e","244":"r","245":"e","246":"n","247":"t","248":" ","249":"w","250":"a","251":"y","252":" ","253":"t","254":"o","255":" ","256":"a","257":"c","258":"c","259":"e","260":"s","261":"s","262":" ","263":"a","264":"n","265":"d","266":" ","267":"n","268":"a","269":"v","270":"i","271":"g","272":"a","273":"t","274":"e","275":" ","276":"t","277":"h","278":"e","279":" ","280":"s","281":"n","282":"a","283":"p","284":"s","285":"h","286":"o","287":"t","288":"s","289":".","290":"\\","291":"n","292":" ","293":"*","294":" ","295":"W","296":"i","297":"t","298":"h","299":" ","300":"a","301":" ","302":"C","303":"o","304":"n","305":"c","306":"i","307":"s","308":"e","309":" ","310":"A","311":"P","312":"I","313":"\\","314":"n","315":" ","316":"*","317":"/","318":"\\","319":"n","320":"/","321":"/","322":" ","323":"e","324":"s","325":"l","326":"i","327":"n","328":"t","329":"-","330":"d","331":"i","332":"s","333":"a","334":"b","335":"l","336":"e","337":"-","338":"n","339":"e","340":"x","341":"t","342":"-","343":"l","344":"i","345":"n","346":"e","347":" ","348":"@","349":"t","350":"y","351":"p","352":"e","353":"s","354":"c","355":"r","356":"i","357":"p","358":"t","359":"-","360":"e","361":"s","362":"l","363":"i","364":"n","365":"t","366":"/","367":"n","368":"o","369":"-","370":"e","371":"x","372":"p","373":"l","374":"i","375":"c","376":"i","377":"t","378":"-","379":"a","380":"n","381":"y","382":"\\","383":"n","384":"e","385":"x","386":"p","387":"o","388":"r","389":"t","390":" ","391":"c","392":"l","393":"a","394":"s","395":"s","396":" ","397":"S","398":"n","399":"a","400":"p","401":"m","402":"a","403":"n","404":"<","405":"T","406":"M","407":"a","408":"p","409":"D","410":"e","411":"f","412":" ","413":"e","414":"x","415":"t","416":"e","417":"n","418":"d","419":"s","420":" ","421":"R","422":"e","423":"c","424":"o","425":"r","426":"d","427":"<","428":"s","429":"t","430":"r","431":"i","432":"n","433":"g","434":",","435":" ","436":"a","437":"n","438":"y","439":">","440":" ","441":"=","442":" ","443":"a","444":"n","445":"y","446":">","447":" ","448":"{","449":"\\","450":"n","451":" ","452":" ","453":"p","454":"r","455":"i","456":"v","457":"a","458":"t","459":"e","460":" ","461":"_","462":"s","463":"n","464":"a","465":"p","466":"s","467":"T","468":"i","469":"m","470":"e","471":"L","472":"i","473":"n","474":"e","475":":","476":" ","477":"S","478":"n","479":"a","480":"p","481":"[","482":"]","483":" ","484":"=","485":" ","486":"[","487":"]","488":";","489":"\\","490":"n","491":"\\","492":"n","493":" ","494":" ","495":"p","496":"r","497":"i","498":"v","499":"a","500":"t","501":"e","502":" ","503":"_","504":"s","505":"n","506":"a","507":"p","508":"s","509":"M","510":"a","511":"p","512":":","513":" ","514":"M","515":"a","516":"p","517":"<","518":"s","519":"t","520":"r","521":"i","522":"n","523":"g","524":",","525":" ","526":"S","527":"n","528":"a","529":"p","530":">","531":" ","532":"=","533":" ","534":"n","535":"e","536":"w","537":" ","538":"M","539":"a","540":"p","541":"(","542":")","543":";","544":"\\","545":"n","546":"\\","547":"n","548":" ","549":" ","550":"/","551":"*","552":"*","553":"\\","554":"n","555":" ","556":" ","557":" ","558":"*","559":" ","560":"C","561":"r","562":"e","563":"a","564":"t","565":"e","566":" ","567":"a","568":" ","569":"s","570":"n","571":"a","572":"p","573":"s","574":"h","575":"o","576":"t","577":" ","578":"w","579":"i","580":"t","581":"h","582":" ","583":"i","584":"d","585":"\\","586":"n","587":" ","588":" ","589":" ","590":"*","591":" ","592":"(","593":"a","594":"l","595":"l","596":" ","597":"s","598":"n","599":"a","600":"p","601":"s","602":" ","603":"a","604":"r","605":"e","606":" ","607":"d","608":"e","609":"e","610":"p","611":" ","612":"c","613":"l","614":"o","615":"n","616":"e","617":"d","618":".","619":" ","620":"Y","621":"o","622":"u","623":" ","624":"n","625":"e","626":"v","627":"e","628":"r","629":" ","630":"t","631":"h","632":"i","633":"n","634":"k","635":" ","636":"a","637":"b","638":"o","639":"u","640":"t","641":" ","642":"r","643":"e","644":"f","645":"e","646":"r","647":"e","648":"n","649":"c","650":"e","651":"s","652":" ","653":"w","654":"h","655":"a","656":"t","657":" ","658":"a","659":"c","660":"c","661":"e","662":"s","663":"s","664":"i","665":"n","666":"g","667":" ","668":"t","669":"h","670":"e","671":"m","672":")","673":"\\","674":"n","675":" ","676":" ","677":" ","678":"*","679":" ","680":"S","681":"n","682":"a","683":"p","684":"s","685":" ","686":"a","687":"r","688":"e","689":" ","690":"a","691":"d","692":"d","693":"e","694":"d","695":" ","696":"t","697":"o","698":" ","699":"a","700":" ","701":"t","702":"i","703":"m","704":"e","705":"l","706":"i","707":"n","708":"e","709":" ","710":"a","711":"n","712":"d","713":" ","714":"c","715":"a","716":"n","717":" ","718":"b","719":"e","720":" ","721":"r","722":"e","723":"t","724":"r","725":"i","726":"e","727":"v","728":"e","729":"d","730":" ","731":"l","732":"a","733":"t","734":"e","735":"r","736":" ","737":"b","738":"y","739":" ","740":"i","741":"d","742":",","743":" ","744":"o","745":"r","746":" ","747":"b","748":"y","749":" ","750":"i","751":"n","752":"d","753":"e","754":"x","755":"\\","756":"n","757":" ","758":" ","759":" ","760":"*","761":" ","762":"a","763":"n","764":"d","765":" ","766":"b","767":"y","768":" ","769":"u","770":"s","771":"i","772":"n","773":"g","774":" ","775":"S","776":"n","777":"a","778":"p","779":".","780":"n","781":"e","782":"x","783":"t","784":"(","785":")","786":" ","787":"S","788":"n","789":"a","790":"p","791":".","792":"p","793":"r","794":"e","795":"v","796":"(","797":")","798":" ","799":"c","800":"a","801":"l","802":"l","803":"s","804":" ","805":"a","806":"s","807":" ","808":"w","809":"e","810":"l","811":"l","812":".","813":"\\","814":"n","815":" ","816":" ","817":" ","818":"*","819":" ","820":"@","821":"p","822":"a","823":"r","824":"a","825":"m","826":" ","827":"i","828":"d","829":" ","830":"s","831":"n","832":"a","833":"p","834":" ","835":"i","836":"d","837":"\\","838":"n","839":" ","840":" ","841":" ","842":"*","843":" ","844":"@","845":"p","846":"a","847":"r","848":"a","849":"m","850":" ","851":"v","852":"a","853":"l","854":" ","855":"s","856":"n","857":"a","858":"p","859":" ","860":"d","861":"e","862":"e","863":"p","864":" ","865":"c","866":"l","867":"o","868":"n","869":"e","870":"d","871":" ","872":"v","873":"a","874":"l","875":"u","876":"e","877":"\\","878":"n","879":" ","880":" ","881":" ","882":"*","883":" ","884":"@","885":"r","886":"e","887":"t","888":"u","889":"r","890":"n","891":"s","892":" ","893":"t","894":"h","895":"i","896":"s","897":"\\","898":"n","899":" ","900":" ","901":" ","902":"*","903":"/","904":"\\","905":"n","906":" ","907":" ","908":"p","909":"u","910":"b","911":"l","912":"i","913":"c","914":" ","915":"s","916":"n","917":"a","918":"p","919":"<","920":"T","921":"I","922":"d","923":" ","924":"e","925":"x","926":"t","927":"e","928":"n","929":"d","930":"s","931":" ","932":"s","933":"t","934":"r","935":"i","936":"n","937":"g","938":">","939":"(","940":"i","941":"d","942":":","943":" ","944":"s","945":"t","946":"r","947":"i","948":"n","949":"g","950":",","951":" ","952":"v","953":"a","954":"l","955":"?","956":":","957":" ","958":"T","959":"M","960":"a","961":"p","962":"D","963":"e","964":"f","965":"[","966":"T","967":"I","968":"d","969":"]","970":")","971":":","972":" ","973":"t","974":"h","975":"i","976":"s","977":" ","978":"{","979":"\\","980":"n","981":" ","982":" ","983":" ","984":" ","985":"c","986":"o","987":"n","988":"s","989":"t","990":" ","991":"s","992":"n","993":"a","994":"p","995":" ","996":"=","997":" ","998":"n","999":"e","1000":"w","1001":" ","1002":"S","1003":"n","1004":"a","1005":"p","1006":"(","1007":"{","1008":"\\","1009":"n","1010":" ","1011":" ","1012":" ","1013":" ","1014":" ","1015":" ","1016":"i","1017":"d","1018":",","1019":"\\","1020":"n","1021":" ","1022":" ","1023":" ","1024":" ","1025":" ","1026":" ","1027":"t","1028":"i","1029":"m","1030":"e","1031":"l","1032":"i","1033":"n","1034":"e","1035":"I","1036":"n","1037":"d","1038":"e","1039":"x","1040":":","1041":" ","1042":"t","1043":"h","1044":"i","1045":"s","1046":".","1047":"_","1048":"s","1049":"n","1050":"a","1051":"p","1052":"s","1053":"T","1054":"i","1055":"m","1056":"e","1057":"L","1058":"i","1059":"n","1060":"e","1061":".","1062":"l","1063":"e","1064":"n","1065":"g","1066":"t","1067":"h","1068":",","1069":"\\","1070":"n","1071":" ","1072":" ","1073":" ","1074":" ","1075":" ","1076":" ","1077":"v","1078":"a","1079":"l","1080":",","1081":"\\","1082":"n","1083":" ","1084":" ","1085":" ","1086":" ","1087":" ","1088":" ","1089":"s","1090":"n","1091":"a","1092":"p","1093":"m","1094":"a","1095":"n","1096":":","1097":" ","1098":"t","1099":"h","1100":"i","1101":"s","1102":",","1103":"\\","1104":"n","1105":" ","1106":" ","1107":" ","1108":" ","1109":"}","1110":")","1111":";","1112":"\\","1113":"n","1114":" ","1115":" ","1116":" ","1117":" ","1118":"t","1119":"h","1120":"i","1121":"s","1122":".","1123":"_","1124":"s","1125":"n","1126":"a","1127":"p","1128":"s","1129":"M","1130":"a","1131":"p","1132":".","1133":"s","1134":"e","1135":"t","1136":"(","1137":"i","1138":"d","1139":",","1140":" ","1141":"s","1142":"n","1143":"a","1144":"p","1145":")","1146":";","1147":"\\","1148":"n","1149":" ","1150":" ","1151":" ","1152":" ","1153":"t","1154":"h","1155":"i","1156":"s","1157":".","1158":"_","1159":"s","1160":"n","1161":"a","1162":"p","1163":"s","1164":"T","1165":"i","1166":"m","1167":"e","1168":"L","1169":"i","1170":"n","1171":"e","1172":".","1173":"p","1174":"u","1175":"s","1176":"h","1177":"(","1178":"s","1179":"n","1180":"a","1181":"p","1182":")","1183":";","1184":"\\","1185":"n","1186":" ","1187":" ","1188":" ","1189":" ","1190":"r","1191":"e","1192":"t","1193":"u","1194":"r","1195":"n","1196":" ","1197":"t","1198":"h","1199":"i","1200":"s","1201":";","1202":"\\","1203":"n","1204":" ","1205":" ","1206":"}","1207":"\\","1208":"n","1209":"\\","1210":"n","1211":" ","1212":" ","1213":"/","1214":"*","1215":"*","1216":"\\","1217":"n","1218":" ","1219":" ","1220":" ","1221":"*","1222":" ","1223":"G","1224":"e","1225":"t","1226":" ","1227":"a","1228":" ","1229":"S","1230":"n","1231":"a","1232":"p","1233":" ","1234":"b","1235":"y","1236":" ","1237":"i","1238":"d","1239":"\\","1240":"n","1241":" ","1242":" ","1243":" ","1244":"*","1245":" ","1246":"@","1247":"p","1248":"a","1249":"r","1250":"a","1251":"m","1252":" ","1253":"i","1254":"d","1255":" ","1256":"s","1257":"n","1258":"a","1259":"p","1260":" ","1261":"i","1262":"d","1263":"\\","1264":"n","1265":" ","1266":" ","1267":" ","1268":"*","1269":" ","1270":"@","1271":"r","1272":"e","1273":"t","1274":"u","1275":"r","1276":"n","1277":"s","1278":" ","1279":"S","1280":"n","1281":"a","1282":"p","1283":" ","1284":"o","1285":"b","1286":"j","1287":"e","1288":"c","1289":"t","1290":" ","1291":"(","1292":"\\","1293":"n","1294":" ","1295":" ","1296":" ","1297":"*","1298":" ","1299":" ","1300":"R","1301":"e","1302":"p","1303":"r","1304":"e","1305":"s","1306":"e","1307":"n","1308":"t","1309":" ","1310":"t","1311":"h","1312":"e","1313":" ","1314":"S","1315":"n","1316":"a","1317":"p","1318":" ","1319":"a","1320":"n","1321":"d","1322":" ","1323":"h","1324":"a","1325":"v","1326":"e","1327":" ","1328":"d","1329":"i","1330":"f","1331":"f","1332":"e","1333":"r","1334":"e","1335":"n","1336":"t","1337":" ","1338":"h","1339":"e","1340":"l","1341":"p","1342":"e","1343":"r","1344":"s","1345":" ","1346":"m","1347":"e","1348":"t","1349":"h","1350":"o","1351":"d","1352":"s","1353":"\\","1354":"n","1355":" ","1356":" ","1357":" ","1358":"*","1359":" ","1360":"a","1361":"n","1362":"d","1363":" ","1364":"y","1365":"o","1366":"u","1367":" ","1368":"c","1369":"a","1370":"n","1371":" ","1372":"a","1373":"c","1374":"c","1375":"e","1376":"s","1377":"s","1378":" ","1379":"v","1380":"a","1381":"l","1382":"u","1383":"e","1384":" ","1385":"w","1386":"i","1387":"t","1388":"h","1389":" ","1390":"S","1391":"n","1392":"a","1393":"p","1394":".","1395":"g","1396":"e","1397":"t","1398":"V","1399":"a","1400":"l","1401":"(","1402":")","1403":" ","1404":"o","1405":"r","1406":" ","1407":"S","1408":"n","1409":"a","1410":"p","1411":".","1412":"v","1413":"a","1414":"l","1415":"(","1416":")","1417":"\\","1418":"n","1419":" ","1420":" ","1421":" ","1422":"*","1423":" ","1424":")","1425":"\\","1426":"n","1427":" ","1428":" ","1429":" ","1430":"*","1431":"/","1432":"\\","1433":"n","1434":" ","1435":" ","1436":"p","1437":"u","1438":"b","1439":"l","1440":"i","1441":"c","1442":" ","1443":"g","1444":"e","1445":"t","1446":"S","1447":"n","1448":"a","1449":"p","1450":"<","1451":"T","1452":"I","1453":"d","1454":" ","1455":"e","1456":"x","1457":"t","1458":"e","1459":"n","1460":"d","1461":"s","1462":" ","1463":"s","1464":"t","1465":"r","1466":"i","1467":"n","1468":"g","1469":">","1470":"(","1471":"i","1472":"d","1473":":","1474":" ","1475":"T","1476":"I","1477":"d","1478":")","1479":":","1480":" ","1481":"S","1482":"n","1483":"a","1484":"p","1485":"<","1486":"T","1487":"M","1488":"a","1489":"p","1490":"D","1491":"e","1492":"f","1493":"[","1494":"T","1495":"I","1496":"d","1497":"]","1498":">","1499":" ","1500":"{","1501":"\\","1502":"n","1503":" ","1504":" ","1505":" ","1506":" ","1507":"c","1508":"o","1509":"n","1510":"s","1511":"t","1512":" ","1513":"s","1514":"n","1515":"a","1516":"p","1517":" ","1518":"=","1519":" ","1520":"t","1521":"h","1522":"i","1523":"s","1524":".","1525":"_","1526":"s","1527":"n","1528":"a","1529":"p","1530":"s","1531":"M","1532":"a","1533":"p","1534":".","1535":"g","1536":"e","1537":"t","1538":"(","1539":"i","1540":"d","1541":")","1542":";","1543":"\\","1544":"n","1545":"\\","1546":"n","1547":" ","1548":" ","1549":" ","1550":" ","1551":"i","1552":"f","1553":" ","1554":"(","1555":"!","1556":"s","1557":"n","1558":"a","1559":"p","1560":")","1561":" ","1562":"{","1563":"\\","1564":"n","1565":" ","1566":" ","1567":" ","1568":" ","1569":" ","1570":" ","1571":"t","1572":"h","1573":"r","1574":"o","1575":"w","1576":" ","1577":"n","1578":"e","1579":"w","1580":" ","1581":"E","1582":"r","1583":"r","1584":"o","1585":"r","1586":"(","1587":"`","1588":"N","1589":"o","1590":" ","1591":"s","1592":"n","1593":"a","1594":"p","1595":" ","1596":"w","1597":"i","1598":"t","1599":"h","1600":" ","1601":"i","1602":"d","1603":":","1604":" ","1605":"$","1606":"{","1607":"i","1608":"d","1609":"}","1610":" ","1611":"e","1612":"x","1613":"i","1614":"s","1615":"t","1616":"s","1617":"!","1618":"`","1619":")","1620":";","1621":"\\","1622":"n","1623":" ","1624":" ","1625":" ","1626":" ","1627":"}","1628":"\\","1629":"n","1630":"\\","1631":"n","1632":" ","1633":" ","1634":" ","1635":" ","1636":"r","1637":"e","1638":"t","1639":"u","1640":"r","1641":"n","1642":" ","1643":"s","1644":"n","1645":"a","1646":"p","1647":";","1648":"\\","1649":"n","1650":" ","1651":" ","1652":"}","1653":"\\","1654":"n","1655":"\\","1656":"n","1657":" ","1658":" ","1659":"/","1660":"*","1661":"*","1662":"\\","1663":"n","1664":" ","1665":" ","1666":" ","1667":"*","1668":" ","1669":"G","1670":"e","1671":"t","1672":" ","1673":"a","1674":" ","1675":"s","1676":"n","1677":"a","1678":"p","1679":" ","1680":"b","1681":"y","1682":" ","1683":"i","1684":"n","1685":"d","1686":"e","1687":"x","1688":" ","1689":"a","1690":"t","1691":" ","1692":"t","1693":"i","1694":"m","1695":"e","1696":"l","1697":"i","1698":"n","1699":"e","1700":" ","1701":"s","1702":"t","1703":"a","1704":"r","1705":"t","1706":" ","1707":"f","1708":"r","1709":"o","1710":"m","1711":" ","1712":"Z","1713":"e","1714":"r","1715":"o","1716":".","1717":"\\","1718":"n","1719":" ","1720":" ","1721":" ","1722":"*","1723":" ","1724":"F","1725":"i","1726":"r","1727":"s","1728":"t","1729":" ","1730":"s","1731":"n","1732":"a","1733":"p","1734":" ","1735":"i","1736":"n","1737":"d","1738":"e","1739":"x","1740":" ","1741":"i","1742":"s","1743":" ","1744":"Z","1745":"e","1746":"r","1747":"o","1748":".","1749":"\\","1750":"n","1751":" ","1752":" ","1753":" ","1754":"*","1755":" ","1756":"@","1757":"p","1758":"a","1759":"r","1760":"a","1761":"m","1762":" ","1763":"i","1764":"n","1765":"d","1766":"e","1767":"x","1768":"\\","1769":"n","1770":" ","1771":" ","1772":" ","1773":"*","1774":" ","1775":"@","1776":"r","1777":"e","1778":"t","1779":"u","1780":"r","1781":"n","1782":"s","1783":" ","1784":"S","1785":"n","1786":"a","1787":"p","1788":"\\","1789":"n","1790":" ","1791":" ","1792":" ","1793":"*","1794":"/","1795":"\\","1796":"n","1797":" ","1798":" ","1799":"p","1800":"u","1801":"b","1802":"l","1803":"i","1804":"c","1805":" ","1806":"g","1807":"e","1808":"t","1809":"S","1810":"n","1811":"a","1812":"p","1813":"A","1814":"t","1815":"I","1816":"n","1817":"d","1818":"e","1819":"x","1820":"<","1821":"T","1822":" ","1823":"=","1824":" ","1825":"a","1826":"n","1827":"y","1828":">","1829":"(","1830":"i","1831":"n","1832":"d","1833":"e","1834":"x","1835":":","1836":" ","1837":"n","1838":"u","1839":"m","1840":"b","1841":"e","1842":"r","1843":")","1844":":","1845":" ","1846":"S","1847":"n","1848":"a","1849":"p","1850":"<","1851":"T","1852":">","1853":" ","1854":"{","1855":"\\","1856":"n","1857":" ","1858":" ","1859":" ","1860":" ","1861":"r","1862":"e","1863":"t","1864":"u","1865":"r","1866":"n","1867":" ","1868":"t","1869":"h","1870":"i","1871":"s","1872":".","1873":"_","1874":"s","1875":"n","1876":"a","1877":"p","1878":"s","1879":"T","1880":"i","1881":"m","1882":"e","1883":"L","1884":"i","1885":"n","1886":"e","1887":"[","1888":"i","1889":"n","1890":"d","1891":"e","1892":"x","1893":"]","1894":";","1895":"\\","1896":"n","1897":" ","1898":" ","1899":"}","1900":"\\","1901":"n","1902":"\\","1903":"n","1904":" ","1905":" ","1906":"/","1907":"*","1908":"*","1909":"\\","1910":"n","1911":" ","1912":" ","1913":" ","1914":"*","1915":" ","1916":"R","1917":"e",
[...]
8":"e","3049":"g","3050":"e","3051":"x","3052":".","3053":"t","3054":"e","3055":"s","3056":"t","3057":"(","3058":"s","3059":"n","3060":"a","3061":"p","3062":".","3063":"i","3064":"d","3065":"(","3066":")","3067":")","3068":")","3069":";","3070":"\\","3071":"n","3072":" ","3073":" ","3074":"}","3075":"\\","3076":"n","3077":"}","3078":"\\","3079":"n","3080":"\"","3081":"]","3082":",","3083":"\"","3084":"n","3085":"a","3086":"m","3087":"e","3088":"s","3089":"\"","3090":":","3091":"[","3092":"\"","3093":"S","3094":"n","3095":"a","3096":"p","3097":"m","3098":"a","3099":"n","3100":"\"","3101":",","3102":"\"","3103":"s","3104":"n","3105":"a","3106":"p","3107":"\"","3108":",","3109":"\"","3110":"i","3111":"d","3112":"\"","3113":",","3114":"\"","3115":"v","3116":"a","3117":"l","3118":"\"","3119":",","3120":"\"","3121":"S","3122":"n","3123":"a","3124":"p","3125":"\"","3126":",","3127":"\"","3128":"t","3129":"i","3130":"m","3131":"e","3132":"l","3133":"i","3134":"n","3135":"e","3136":"I","3137":"n","3138":"d","3139":"e","3140":"x","3141":"\"","3142":",","3143":"\"","3144":"_","3145":"s","3146":"n","3147":"a","3148":"p","3149":"s","3150":"T","3151":"i","3152":"m","3153":"e","3154":"L","3155":"i","3156":"n","3157":"e","3158":"\"","3159":",","3160":"\"","3161":"l","3162":"e","3163":"n","3164":"g","3165":"t","3166":"h","3167":"\"","3168":",","3169":"\"","3170":"s","3171":"n","3172":"a","3173":"p","3174":"m","3175":"a","3176":"n","3177":"\"","3178":",","3179":"\"","3180":"_","3181":"s","3182":"n","3183":"a","3184":"p","3185":"s","3186":"M","3187":"a","3188":"p","3189":"\"","3190":",","3191":"\"","3192":"s","3193":"e","3194":"t","3195":"\"","3196":",","3197":"\"","3198":"p","3199":"u","3200":"s","3201":"h","3202":"\"","3203":",","3204":"\"","3205":"g","3206":"e","3207":"t","3208":"S","3209":"n","3210":"a","3211":"p","3212":"\"","3213":",","3214":"\"","3215":"g","3216":"e","3217":"t","3218":"\"","3219":",","3220":"\"","3221":"E","3222":"r","3223":"r","3224":"o","3225":"r","3226":"\"","3227":",","3228":"\"","3229":"g","3230":"e","3231":"t","3232":"S","3233":"n","3234":"a","3235":"p","3236":"A","3237":"t","3238":"I","3239":"n","3240":"d","3241":"e","3242":"x","3243":"\"","3244":",","3245":"\"","3246":"i","3247":"n","3248":"d","3249":"e","3250":"x","3251":"\"","3252":",","3253":"\"","3254":"g","3255":"e","3256":"t","3257":"S","3258":"n","3259":"a","3260":"p","3261":"T","3262":"i","3263":"m","3264":"e","3265":"L","3266":"i","3267":"n","3268":"e","3269":"\"","3270":",","3271":"\"","3272":"g","3273":"e","3274":"t","3275":"S","3276":"n","3277":"a","3278":"p","3279":"s","3280":"C","3281":"o","3282":"u","3283":"n","3284":"t","3285":"\"","3286":",","3287":"\"","3288":"s","3289":"e","3290":"a","3291":"r","3292":"c","3293":"h","3294":"S","3295":"n","3296":"a","3297":"p","3298":"s","3299":"\"","3300":",","3301":"\"","3302":"q","3303":"u","3304":"e","3305":"r","3306":"y","3307":"\"","3308":",","3309":"\"","3310":"R","3311":"e","3312":"g","3313":"E","3314":"x","3315":"p","3316":"\"","3317":",","3318":"\"","3319":"_","3320":"s","3321":"e","3322":"a","3323":"r","3324":"c","3325":"h","3326":"S","3327":"n","3328":"a","3329":"p","3330":"s","3331":"B","3332":"y","3333":"R","3334":"e","3335":"g","3336":"e","3337":"x","3338":"\"","3339":",","3340":"\"","3341":"f","3342":"i","3343":"l","3344":"t","3345":"e","3346":"r","3347":"\"","3348":",","3349":"\"","3350":"i","3351":"n","3352":"d","3353":"e","3354":"x","3355":"O","3356":"f","3357":"\"","3358":",","3359":"\"","3360":"r","3361":"e","3362":"g","3363":"e","3364":"x","3365":"\"","3366":",","3367":"\"","3368":"t","3369":"e","3370":"s","3371":"t","3372":"\"","3373":",","3374":"\"","3375":"M","3376":"a","3377":"p","3378":"\"","3379":"]","3380":",","3381":"\"","3382":"m","3383":"a","3384":"p","3385":"p","3386":"i","3387":"n","3388":"g","3389":"s","3390":"\"","3391":":","3392":"\"","3393":"A","3394":"A","3395":"A","3396":"A","3397":";","3398":";","3399":";","3400":";","3401":"+","3402":"B","3403":"A","3404":"S","3405":"a","3406":"A","3407":";","3408":";","3409":"a","3410":"A","3411":"A","3412":"A","3413":"A","3414":";","3415":";","3416":"y","3417":"B","3418":"A","3419":"T","3420":"Q","3421":";","3422":"A","3423":"A","3424":"S","3425":"d","3426":",","3427":"M","3428":"A","3429":"A","3430":"M","3431":"A","3432":";","3433":"I","3434":"A","3435":"K","3436":"X","3437":";","3438":";","3439":";","3440":";","3441":";","3442":";","3443":";","3444":";","3445":"G","3446":"A","3447":"Q","3448":"C","3449":",","3450":"G","3451":"A","3452":"C","3453":"D","3454":",","3455":"A","3456":"A","3457":"A","3458":"O","3459":"C","3460":",","3461":"K","3462":"A","3463":"A","3464":"y","3465":"B","3466":"C","3467":",","3468":"E","3469":"A","3470":"A","3471":"U","3472":",","3473":"E","3474":"A","3475":"A","3476":"E","3477":"C","3478":",","3479":"G","3480":"A","3481":"A","3482":"k","3483":"B","3484":",","3485":"E","3486":"A","3487":"A","3488":"Q","3489":";","3490":"Q","3491":"A","3492":"C","3493":"p","3494":"E","3495":",","3496":"M","3497":"A","3498":"A","3499":"M","3500":"F","3501":",","3502":"O","3503":"A","3504":"A","3505":"O","3506":",","3507":"I","3508":"A","3509":"A","3510":"I","3511":"G","3512":",","3513":"a","3514":"A","3515":"A","3516":"I","3517":",","3518":"C","3519":"A","3520":"A","3521":"C","3522":";","3523":"Y","3524":"A","3525":"C","3526":"p","3527":"B","3528":"F","3529":";","3530":"Y","3531":"A","3532":"C","3533":"A","3534":"G","3535":",","3536":"e","3537":"A","3538":"A","3539":"e","3540":",","3541":"I","3542":"A","3543":"A","3544":"I","3545":",","3546":"C","3547":"A","3548":"A","3549":"C","3550":"C","3551":",","3552":"c","3553":"A","3554":"A","3555":"c","3556":",","3557":"C","3558":"A","3559":"A","3560":"C","3561":"C","3562":",","3563":"M","3564":"A","3565":"A","3566":"M","3567":";","3568":"Y","3569":"A","3570":"C","3571":"z","3572":"C","3573":"J","3574":";","3575":"Y","3576":"A","3577":"C","3578":"A","3579":"K","3580":",","3581":"S","3582":"A","3583":"A","3584":"S","3585":",","3586":"I","3587":"A","3588":"A","3589":"I","3590":";","3591":"Q","3592":"A","3593":"C","3594":"f","3595":";","3596":"Q","3597":"A","3598":"C","3599":"A","3600":",","3601":"I","3602":"A","3603":"A","3604":"I","3605":",","3606":"C","3607":"A","3608":"A","3609":"C","3610":"C","3611":",","3612":"S","3613":"A","3614":"A","3615":"S","3616":",","3617":"C","3618":"A","3619":"A","3620":"C","3621":"C","3622":",","3623":"G","3624":"A","3625":"A","3626":"G","3627":",","3628":"C","3629":"A","3630":"A","3631":"C","3632":"R","3633":",","3634":"I","3635":"A","3636":"A","3637":"I","3638":"D","3639":";","3640":"Q","3641":"A","3642":"C","3643":"v","3644":"B","3645":",","3646":"I","3647":"A","3648":"A","3649":"I","3650":",","3651":"C","3652":"A","3653":"A","3654":"C","3655":"K","3656":",","3657":"c","3658":"A","3659":"A","3660":"c","3661":",","3662":"C","3663":"A","3664":"A","3665":"C","3666":"K","3667":",","3668":"I","3669":"A","3670":"A","3671":"I","3672":",","3673":"C","3674":"A","3675":"A","3676":"C","3677":"V","3678":";","3679":"Q","3680":"A","3681":"C","3682":"z","3683":"B","3684":",","3685":"O","3686":"A","3687":"A","3688":"O","3689":",","3690":"I","3691":"A","3692":"A","3693":"I","3694":";","3695":"I","3696":"A","3697":"C","3698":"b","3699":";","3700":"I","3701":"A","3702":"E","3703":"A","3704":";","3705":";","3706":";","3707":";","3708":";","3709":";","3710":";","3711":"G","3712":"A","3713":"O","3714":"C","3715":",","3716":"G","3717":"A","3718":"C","3719":"D","3720":",","3721":"A","3722":"A","3723":"A","3724":"O","3725":"W","3726":",","3727":"Q","3728":"A","3729":"A","3730":"4","3731":"B","3732":"V","3733":",","3734":"E","3735":"A","3736":"A","3737":"O","3738":",","3739":"E","3740":"A","3741":"A","3742":"s","3743":"B","3744":";","3745":"Q","3746":"A","3747":"C","3748":"9","3749":"D","3750":",","3751":"M","3752":"A","3753":"A","3754":"M","3755":"D","3756":",","3757":"O","3758":"A","3759":"A","3760":"O","3761":",","3762":"I","3763":"A","3764":"A","3765":"I","3766":",","3767":"C","3768":"A","3769":"A","3770":"C","3771":"Q","3772":",","3773":"S","3774":"A","3775":"A","3776":"S","3777":",","3778":"C","3779":"A","3780":"A","3781":"C","3782":"I","3783":",","3784":"G","3785":"A","3786":"A","3787":"G","3788":",","3789":"C","3790":"A","3791":"A","3792":"C","3793":"X","3794":";","3795":"Q","3796":"A","3797":"E","3798":"h","3799":"C","3800":",","3801":"I","3802":"A","3803":"A","3804":"I","3805":",","3806":"C","3807":"A","3808":"A","3809":"C","3810":"D","3811":",","3812":"M","3813":"A","3814":"A","3815":"M","3816":";","3817":"Y","3818":"A","3819":"C","3820":"T","3821":",","3822":"M","3823":"A","3824":"A","3825":"M","3826":",","3827":"I","3828":"A","3829":"A","3830":"I","3831":"a","3832":",","3833":"M","3834":"A","3835":"A","3836":"M","3837":",","3838":"C","3839":"A","3840":"A","3841":"C","3842":",","3843":"i","3844":"B","3845":"A","3846":"A","3847":"i","3848":"B","3849":",","3850":"E","3851":"A","3852":"A","3853":"E","3854":"Z","3855":",","3856":"G","3857":"A","3858":"A","3859":"G","3860":",","3861":"Q","3862":"A","3863":"A","3864":"Q","3865":",","3866":"C","3867":"A","3868":"A","3869":"C","3870":",","3871":"E","3872":"A","3873":"A","3874":"E","3875":";","3876":"Q","3877":"A","3878":"C","3879":"p","3880":"D","3881":",","3882":"C","3883":"A","3884":"A","3885":"C","3886":";","3887":"Q","3888":"A","3889":"E","3890":"D","3891":",","3892":"O","3893":"A","3894":"A","3895":"O","3896":"D","3897":";","3898":"I","3899":"A","3900":"C","3901":"T","3902":";","3903":"I","3904":"A","3905":"E","3906":"A","3907":";","3908":";","3909":";","3910":";","3911":";","3912":"G","3913":"A","3914":"K","3915":"C","3916":",","3917":"G","3918":"A","3919":"C","3920":"D","3921":",","3922":"A","3923":"A","3924":"A","3925":"O","3926":"c","3927":",","3928":"e","3929":"A","3930":"A","3931":"w","3932":"B","3933":"C","3934":",","3935":"K","3936":"A","3937":"A","3938":"a","3939":",","3940":"E","3941":"A","3942":"A","3943":"W","3944":";","3945":"Q","3946":"A","3947":"C","3948":"r","3949":"D","3950":",","3951":"O","3952":"A","3953":"A","3954":"O","3955":",","3956":"I","3957":"A","3958":"A","3959":"I","3960":",","3961":"C","3962":"A","3963":"A","3964":"C","3965":"V","3966":",","3967":"c","3968":"A","3969":"A","3970":"c","3971":",","3972":"C","3973":"A","3974":"A","3975":"C","3976":"U","3977":",","3978":"M","3979":"A","3980":"A","3981":"M","3982":";","3983":"I","3984":"A","3985":"C","3986":"n","3987":"C","3988":";","3989":"I","3990":"A","3991":"E","3992":"A","3993":";","3994":";","3995":";","3996":";","3997":";","3998":";","3999":"G","4000":"A","4001":"M","4002":"C","4003":",","4004":"G","4005":"A","4006":"C","4007":"D","4008":",","4009":"A","4010":"A","4011":"A","4012":"O","4013":"C","4014":",","4015":"k","4016":"B","4017":"A","4018":"A","4019":"s","4020":"C","4021":";","4022":"Q","4023":"A","4024":"C","4025":"3","4026":"C","4027":",","4028":"O","4029":"A","4030":"A","4031":"O","4032":",","4033":"I","4034":"A","4035":"A","4036":"I","4037":",","4038":"C","4039":"A","4040":"A","4041":"C","4042":"X","4043":",","4044":"c","4045":"A","4046":"A","4047":"c","4048":";","4049":"I","4050":"A","4051":"C","4052":"5","4053":"B","4054":";","4055":"I","4056":"A","4057":"E","4058":"A","4059":";","4060":";","4061":";","4062":"G","4063":"A","4064":"G","4065":"C","4066":",","4067":"G","4068":"A","4069":"C","4070":"D","4071":",","4072":"A","4073":"A","4074":"A","4075":"O","4076":"Y","4077":",","4078":"g","4079":"B","4080":"A","4081":"A","4082":"w","4083":"B","4084":";","4085":"Q","4086":"A","4087":"C","4088":"7","4089":"B","4090":",","4091":"O","4092":"A","4093":"A","4094":"O","4095":",","4096":"I","4097":"A","4098":"A","4099":"I","4100":",","4101":"C","4102":"A","4103":"A","4104":"C","4105":"Z","4106":",","4107":"c","4108":"A","4109":"A","4110":"c","4111":",","4112":"C","4113":"A","4114":"A","4115":"C","4116":"C","4117":",","4118":"M","4119":"A","4120":"A","4121":"M","4122":";","4123":"I","4124":"A","4125":"C","4126":"n","4127":"C","4128":";","4129":"I","4130":"A","4131":"E","4132":"A","4133":";","4134":";","4135":";","4136":";","4137":"G","4138":"A","4139":"I","4140":"C","4141":",","4142":"G","4143":"A","4144":"C","4145":"D","4146":",","4147":"A","4148":"A","4149":"A","4150":"O","4151":"Y","4152":",","4153":"Y","4154":"A","4155":"A","4156":"Y","4157":"C","4158":",","4159":"K","4160":"A","4161":"A","4162":"s","4163":"B","4164":",","4165":"E","4166":"A","4167":"A","4168":"U","4169":";","4170":"Q","4171":"A","4172":"C","4173":"j","4174":"D","4175":",","4176":"I","4177":"A","4178":"A","4179":"I","4180":"A","4181":",","4182":"i","4183":"B","4184":"A","4185":"A","4186":"i","4187":"B","4188":"C","4189":",","4190":"Q","4191":"A","4192":"A","4193":"Q","4194":";","4195":"Y","4196":"A","4197":"C","4198":"3","4199":"B","4200":",","4201":"O","4202":"A","4203":"A","4204":"O","4205":",","4206":"I","4207":"A","4208":"A","4209":"I","4210":",","4211":"C","4212":"A","4213":"A","4214":"C","4215":"C","4216":",","4217":"m","4218":"B","4219":"A","4220":"A","4221":"m","4222":"B","4223":",","4224":"C","4225":"A","4226":"A","4227":"C","4228":"F","4229":";","4230":"Q","4231":"A","4232":"C","4233":"l","4234":"C","4235":",","4236":"C","4237":"A","4238":"A","4239":"C","4240":";","4241":"Q","4242":"A","4243":"C","4244":"D","4245":",","4246":"O","4247":"A","4248":"A","4249":"O","4250":",","4251":"I","4252":"A","4253":"A","4254":"I","4255":",","4256":"C","4257":"A","4258":"A","4259":"C","4260":"d","4261":",","4262":"c","4263":"A","4264":"A","4265":"c","4266":",","4267":"C","4268":"A","4269":"A","4270":"C","4271":"i","4272":"B","4273":",","4274":"M","4275":"A","4276":"A","4277":"M","4278":",","4279":"C","4280":"A","4281":"A","4282":"C","4283":",","4284":"C","4285":"A","4286":"A","4287":"C","4288":"t","4289":"B","4290":",","4291":"O","4292":"A","4293":"A","4294":"S","4295":"A","4296":",","4297":"K","4298":"A","4299":"A","4300":"K","4301":"C","4302":",","4303":"E","4304":"A","4305":"A","4306":"E","4307":",","4308":"G","4309":"A","4310":"A","4311":"G","4312":"s","4313":"B","4314":",","4315":"O","4316":"A","4317":"A","4318":"O","4319":",","4320":"C","4321":"A","4322":"A","4323":"C","4324":"J","4325":",","4326":"S","4327":"A","4328":"A","4329":"S","4330":",","4331":"C","4332":"A","4333":"A","4334":"C","4335":";","4336":"I","4337":"A","4338":"C","4339":"1","4340":"E","4341":";","4342":"I","4343":"A","4344":"E","4345":"Q","4346":"E","4347":",","4348":"o","4349":"B","4350":"A","4351":"A","4352":"o","4353":"B","4354":"G","4355":",","4356":"K","4357":"A","4358":"A","4359":"a","4360":",","4361":"E","4362":"A","4363":"A","4364":"U","4365":";","4366":"Q","4367":"A","4368":"C","4369":"j","4370":"D","4371":",","4372":"O","4373":"A","4374":"A","4375":"O","4376":",","4377":"I","4378":"A","4379":"A","4380":"I","4381":",","4382":"C","4383":"A","4384":"A","4385":"C","4386":"n","4387":"B","4388":",","4389":"c","4390":"A","4391":"A","4392":"c","4393":",","4394":"C","4395":"A","4396":"A","4397":"C","4398":"i","4399":"B","4400":",","4401":"M","4402":"A","4403":"A","4404":"M","4405":",","4406":"C","4407":"A","4408":"A","4409":"C","4410":",","4411":"C","4412":"A","4413":"A","4414":"C","4415":"t","4416":"B","4417":",","4418":"O","4419":"A","4420":"A","4421":"S","4422":"w","4423":"B","4424":",","4425":"M","4426":"A","4427":"A","4428":"M","4429":"C","4430":",","4431":"I","4432":"A","4433":"A","4434":"I","4435":",","4436":"C","4437":"A","4438":"A","4439":"C","4440":"z","4441":"B","4442":",","4443":"K","4444":"A","4445":"A","4446":"K","4447":"C","4448":",","4449":"E","4450":"A","4451":"A","4452":"E","4453":";","4454":"I","4455":"A","4456":"C","4457":"h","4458":"E","4459":";","4460":";","4461":"a","4462":"A","4463":"t","4464":"F","4465":"Q","4466":"I","4467":",","4468":"i","4469":"B","4470":"A","4471":"A","4472":"y","4473":"B","4474":",","4475":"E","4476":"A","4477":"A","4478":"E","4479":";","4480":"a","4481":"A","4482":"E","4483":"3","4484":"B","4485":"G","4486":",","4487":"Y","4488":"A","4489":"A","4490":"+","4491":"B","4492":",","4493":"I","4494":"A","4495":"A","4496":"I","4497":"k","4498":"B","4499":";","4500":";","4501":"A","4502":"A","4503":"q","4504":"F","4505":"7","4506":"C","4507":"\"","4508":"}"},"_coverageSchema":"1a1c01bbd47fc00a2c39e90264f33305004495a9","hash":"f82cc4d7aaee73a7aac8ee94557a8775878ee192"}
,"/Users/mohamedlamineallal/repos/snap/src/Utils/helpers.ts": {"path":"/Users/mohamedlamineallal/repos/snap/src/Utils/helpers.ts","statementMap":{"0":{"start":{"line":2,"column":0},"end":{"line":4,"column":3}},"1":{"start":{"line":5,"column":0},"end":{"line":8,"column":3}},"2":{"start":{"line":7,"column":13},"end":{"line":7,"column":37}},"3":{"start":{"line":9,"column":39},"end":{"line":9,"column":90}},"4":{"start":{"line":11,"column":4},"end":{"line":13,"column":6}}},"fnMap":{"0":{"name":"(anonymous_0)","decl":{"start":{"line":7,"column":9},"end":{"line":7,"column":10}},"loc":{"start":{"line":7,"column":13},"end":{"line":7,"column":37}},"line":7},"1":{"name":"_interopRequireDefault","decl":{"start":{"line":10,"column":9},"end":{"line":10,"column":31}},"loc":{"start":{"line":10,"column":37},"end":{"line":14,"column":1}},"line":10}},"branchMap":{"0":{"loc":{"start":{"line":11,"column":11},"end":{"line":13,"column":5}},"type":"cond-expr","locations":[{"start":{"line":11,"column":35},"end":{"line":11,"column":38}},{"start":{"line":11,"column":41},"end":{"line":13,"column":5}}],"line":11},"1":{"loc":{"start":{"line":11,"column":11},"end":{"line":11,"column":32}},"type":"binary-expr","locations":[{"start":{"line":11,"column":11},"end":{"line":11,"column":14}},{"start":{"line":11,"column":18},"end":{"line":11,"column":32}}],"line":11}},"s":{"0":1,"1":1,"2":8,"3":1,"4":1},"f":{"0":8,"1":1},"b":{"0":[0,1],"1":[1,1]},"inputSourceMap":{"0":"{","1":"\"","2":"v","3":"e","4":"r","5":"s","6":"i","7":"o","8":"n","9":"\"","10":":","11":"3","12":",","13":"\"","14":"s","15":"o","16":"u","17":"r","18":"c","19":"e","20":"s","21":"\"","22":":","23":"[","24":"\"","25":"/","26":"U","27":"s","28":"e","29":"r","30":"s","31":"/","32":"m","33":"o","34":"h","35":"a","36":"m","37":"e","38":"d","39":"l","40":"a","41":"m","42":"i","43":"n","44":"e","45":"a","46":"l","47":"l","48":"a","49":"l","50":"/","51":"r","52":"e","53":"p","54":"o","55":"s","56":"/","57":"s","58":"n","59":"a","60":"p","61":"/","62":"s","63":"r","64":"c","65":"/","66":"U","67":"t","68":"i","69":"l","70":"s","71":"/","72":"h","73":"e","74":"l","75":"p","76":"e","77":"r","78":"s","79":".","80":"t","81":"s","82":"\"","83":"]","84":",","85":"\"","86":"s","87":"o","88":"u","89":"r","90":"c","91":"e","92":"s","93":"C","94":"o","95":"n","96":"t","97":"e","98":"n","99":"t","100":"\"","101":":","102":"[","103":"\"","104":"e","105":"x","106":"p","107":"o","108":"r","109":"t","110":" ","111":"{","112":" ","113":"d","114":"e","115":"f","116":"a","117":"u","118":"l","119":"t","120":" ","121":"a","122":"s","123":" ","124":"c","125":"l","126":"o","127":"n","128":"e","129":" ","130":"}","131":" ","132":"f","133":"r","134":"o","135":"m","136":" ","137":"'","138":"l","139":"o","140":"d","141":"a","142":"s","143":"h","144":".","145":"c","146":"l","147":"o","148":"n","149":"e","150":"d","151":"e","152":"e","153":"p","154":"'","155":";","156":"\\","157":"n","158":"\"","159":"]","160":",","161":"\"","162":"n","163":"a","164":"m","165":"e","166":"s","167":"\"","168":":","169":"[","170":"\"","171":"c","172":"l","173":"o","174":"n","175":"e","176":"\"","177":"]","178":",","179":"\"","180":"m","181":"a","182":"p","183":"p","184":"i","185":"n","186":"g","187":"s","188":"\"","189":":","190":"\"","191":"A","192":"A","193":"A","194":"A","195":";","196":";","197":";","198":";","199":"+","200":"B","201":"A","202":"A","203":"o","204":"B","205":"A","206":";","207":";","208":"a","209":"A","210":"A","211":"A","212":"A","213":",","214":"w","215":"B","216":"A","217":"A","218":"K","219":";","220":";","221":"s","222":"E","223":"A","224":"A","225":"Q","226":"\"","227":"}"},"_coverageSchema":"1a1c01bbd47fc00a2c39e90264f33305004495a9","hash":"04e4a3dec96c910f8f95c2b8638c6c4df65f2635"}
}
