TN:
SF:src/Snap/index.ts
FN:7,(anonymous_0)
FN:14,(anonymous_1)
FN:21,(anonymous_2)
FN:28,(anonymous_3)
FN:36,(anonymous_4)
FN:42,(anonymous_5)
FN:49,(anonymous_6)
FN:59,(anonymous_7)
FN:72,(anonymous_8)
FN:78,(anonymous_9)
FNF:10
FNH:10
FNDA:28,(anonymous_0)
FNDA:245,(anonymous_1)
FNDA:218,(anonymous_2)
FNDA:9,(anonymous_3)
FNDA:7,(anonymous_4)
FNDA:2,(anonymous_5)
FNDA:1,(anonymous_6)
FNDA:10,(anonymous_7)
FNDA:10,(anonymous_8)
FNDA:28,(anonymous_9)
DA:2,1
DA:5,1
DA:7,28
DA:9,1
DA:15,245
DA:22,218
DA:29,9
DA:37,7
DA:43,2
DA:50,1
DA:60,10
DA:61,10
DA:63,0
DA:73,10
DA:74,8
DA:76,2
DA:79,28
DA:80,28
DA:81,28
DA:82,28
LF:20
LH:19
BRDA:43,0,0,2
BRDA:43,0,1,0
BRDA:59,1,0,9
BRDA:60,2,0,10
BRDA:60,2,1,0
BRDA:72,3,0,10
BRDA:73,4,0,8
BRDA:73,4,1,2
BRF:8
BRH:6
end_of_record
TN:
SF:src/Snapman/index.ts
FN:7,(anonymous_0)
FN:20,(anonymous_1)
FN:22,(anonymous_2)
FN:53,(anonymous_3)
FN:71,(anonymous_4)
FN:96,(anonymous_5)
FN:99,(anonymous_6)
FN:106,(anonymous_7)
FN:115,(anonymous_8)
FN:121,(anonymous_9)
FN:128,(anonymous_10)
FN:132,(anonymous_11)
FN:134,(anonymous_12)
FN:135,(anonymous_13)
FN:137,(anonymous_14)
FNF:15
FNH:15
FNDA:4,(anonymous_0)
FNDA:28,(anonymous_1)
FNDA:28,(anonymous_2)
FNDA:5,(anonymous_3)
FNDA:3,(anonymous_4)
FNDA:11,(anonymous_5)
FNDA:76,(anonymous_6)
FNDA:29,(anonymous_7)
FNDA:1,(anonymous_8)
FNDA:1,(anonymous_9)
FNDA:2,(anonymous_10)
FNDA:8,(anonymous_11)
FNDA:1,(anonymous_12)
FNDA:8,(anonymous_13)
FNDA:4,(anonymous_14)
DA:2,1
DA:5,1
DA:7,4
DA:9,1
DA:10,1
DA:21,28
DA:22,28
DA:23,28
DA:29,28
DA:34,28
DA:35,28
DA:37,28
DA:38,12
DA:39,12
DA:40,12
DA:41,12
DA:43,16
DA:44,16
DA:54,5
DA:55,5
DA:56,0
DA:58,5
DA:72,3
DA:73,3
DA:74,0
DA:76,3
DA:97,11
DA:98,11
DA:99,76
DA:107,29
DA:116,1
DA:122,1
DA:129,2
DA:130,1
DA:132,8
DA:135,8
DA:138,4
DA:139,4
LF:38
LH:36
BRDA:37,0,0,12
BRDA:37,0,1,16
BRDA:55,1,0,0
BRDA:55,1,1,5
BRDA:73,2,0,0
BRDA:73,2,1,3
BRDA:97,3,0,1
BRDA:97,3,1,10
BRDA:99,4,0,76
BRDA:99,4,1,71
BRDA:129,5,0,1
BRDA:129,5,1,1
BRF:12
BRH:10
end_of_record
TN:
SF:src/Utils/helpers.ts
FN:5,_export
FN:12,(anonymous_1)
FN:13,(anonymous_2)
FN:16,_interopRequireDefault
FN:21,last
FNF:5
FNH:5
FNDA:1,_export
FNDA:28,(anonymous_1)
FNDA:12,(anonymous_2)
FNDA:1,_interopRequireDefault
FNDA:12,last
DA:2,1
DA:6,2
DA:11,1
DA:12,28
DA:13,12
DA:15,1
DA:17,1
DA:22,12
LF:8
LH:8
BRDA:17,0,0,0
BRDA:17,0,1,1
BRDA:17,1,0,1
BRDA:17,1,1,1
BRF:4
BRH:3
end_of_record
