TN:
SF:src/Snap/index.ts
FN:7,(anonymous_0)
FN:14,(anonymous_1)
FN:21,(anonymous_2)
FN:28,(anonymous_3)
FN:36,(anonymous_4)
FN:42,(anonymous_5)
FN:49,(anonymous_6)
FN:59,(anonymous_7)
FN:72,(anonymous_8)
FN:78,(anonymous_9)
FNF:10
FNH:10
FNDA:8,(anonymous_0)
FNDA:54,(anonymous_1)
FNDA:53,(anonymous_2)
FNDA:4,(anonymous_3)
FNDA:2,(anonymous_4)
FNDA:2,(anonymous_5)
FNDA:1,(anonymous_6)
FNDA:9,(anonymous_7)
FNDA:6,(anonymous_8)
FNDA:8,(anonymous_9)
DA:2,1
DA:5,1
DA:7,8
DA:9,1
DA:15,54
DA:22,53
DA:29,4
DA:37,2
DA:43,2
DA:50,1
DA:60,9
DA:61,9
DA:63,0
DA:73,6
DA:74,5
DA:76,1
DA:79,8
DA:80,8
DA:81,8
DA:82,8
LF:20
LH:19
BRDA:43,0,0,2
BRDA:43,0,1,0
BRDA:59,1,0,8
BRDA:60,2,0,9
BRDA:60,2,1,0
BRDA:72,3,0,6
BRDA:73,4,0,5
BRDA:73,4,1,1
BRF:8
BRH:6
end_of_record
TN:
SF:src/Snapman/index.ts
FN:7,(anonymous_0)
FN:19,(anonymous_1)
FN:37,(anonymous_2)
FN:49,(anonymous_3)
FN:58,(anonymous_4)
FN:64,(anonymous_5)
FN:71,(anonymous_6)
FN:75,(anonymous_7)
FN:77,(anonymous_8)
FN:78,(anonymous_9)
FN:80,(anonymous_10)
FNF:11
FNH:11
FNDA:1,(anonymous_0)
FNDA:8,(anonymous_1)
FNDA:2,(anonymous_2)
FNDA:25,(anonymous_3)
FNDA:1,(anonymous_4)
FNDA:1,(anonymous_5)
FNDA:2,(anonymous_6)
FNDA:8,(anonymous_7)
FNDA:1,(anonymous_8)
FNDA:8,(anonymous_9)
FNDA:1,(anonymous_10)
DA:2,1
DA:5,1
DA:7,1
DA:9,1
DA:20,8
DA:26,8
DA:27,8
DA:28,8
DA:38,2
DA:39,2
DA:40,0
DA:42,2
DA:50,25
DA:59,1
DA:65,1
DA:72,2
DA:73,1
DA:75,8
DA:78,8
DA:81,1
DA:82,1
LF:21
LH:20
BRDA:39,0,0,0
BRDA:39,0,1,2
BRDA:72,1,0,1
BRDA:72,1,1,1
BRF:4
BRH:3
end_of_record
TN:
SF:src/Utils/helpers.ts
FN:7,(anonymous_0)
FN:10,_interopRequireDefault
FNF:2
FNH:2
FNDA:8,(anonymous_0)
FNDA:1,_interopRequireDefault
DA:2,1
DA:5,1
DA:7,8
DA:9,1
DA:11,1
LF:5
LH:5
BRDA:11,0,0,0
BRDA:11,0,1,1
BRDA:11,1,0,1
BRDA:11,1,1,1
BRF:4
BRH:3
end_of_record
